[0.010s] Invoking command in '/home/a/drone_with_mavsdk/build/image_geometry': CMAKE_PREFIX_PATH=${CMAKE_PREFIX_PATH}:/home/a/land_ws/install/pid_test:/home/a/land_ws/install/opencv_tests:/home/a/land_ws/install/drone_control:/opt/ros/humble /usr/bin/cmake --build /home/a/drone_with_mavsdk/build/image_geometry -- -j32 -l32
[0.049s] [ 27%] Built target image_geometry
[0.049s] [ 45%] Built target gtest_main
[0.050s] [ 63%] Built target gtest
[0.057s] [ 63%] Built target ament_cmake_python_copy_image_geometry
[0.068s] [ 81%] Built target image_geometry-utest
[0.068s] [100%] Built target image_geometry-utest-equi
[0.180s] running egg_info
[0.188s] writing image_geometry.egg-info/PKG-INFO
[0.189s] writing dependency_links to image_geometry.egg-info/dependency_links.txt
[0.189s] writing top-level names to image_geometry.egg-info/top_level.txt
[0.212s] reading manifest file 'image_geometry.egg-info/SOURCES.txt'
[0.213s] writing manifest file 'image_geometry.egg-info/SOURCES.txt'
[0.230s] [100%] Built target ament_cmake_python_build_image_geometry_egg
[0.237s] Invoked command in '/home/a/drone_with_mavsdk/build/image_geometry' returned '0': CMAKE_PREFIX_PATH=${CMAKE_PREFIX_PATH}:/home/a/land_ws/install/pid_test:/home/a/land_ws/install/opencv_tests:/home/a/land_ws/install/drone_control:/opt/ros/humble /usr/bin/cmake --build /home/a/drone_with_mavsdk/build/image_geometry -- -j32 -l32
[0.243s] Invoking command in '/home/a/drone_with_mavsdk/build/image_geometry': CMAKE_PREFIX_PATH=${CMAKE_PREFIX_PATH}:/home/a/land_ws/install/pid_test:/home/a/land_ws/install/opencv_tests:/home/a/land_ws/install/drone_control:/opt/ros/humble /usr/bin/cmake --install /home/a/drone_with_mavsdk/build/image_geometry
[0.249s] -- Install configuration: ""
[0.249s] -- Up-to-date: /home/a/drone_with_mavsdk/install/image_geometry/share/image_geometry/environment/pythonpath.sh
[0.249s] -- Up-to-date: /home/a/drone_with_mavsdk/install/image_geometry/share/image_geometry/environment/pythonpath.dsv
[0.249s] -- Up-to-date: /home/a/drone_with_mavsdk/install/image_geometry/local/lib/python3.10/dist-packages/image_geometry-4.1.0-py3.10.egg-info
[0.249s] -- Installing: /home/a/drone_with_mavsdk/install/image_geometry/local/lib/python3.10/dist-packages/image_geometry-4.1.0-py3.10.egg-info/top_level.txt
[0.249s] -- Installing: /home/a/drone_with_mavsdk/install/image_geometry/local/lib/python3.10/dist-packages/image_geometry-4.1.0-py3.10.egg-info/SOURCES.txt
[0.250s] -- Installing: /home/a/drone_with_mavsdk/install/image_geometry/local/lib/python3.10/dist-packages/image_geometry-4.1.0-py3.10.egg-info/dependency_links.txt
[0.250s] -- Installing: /home/a/drone_with_mavsdk/install/image_geometry/local/lib/python3.10/dist-packages/image_geometry-4.1.0-py3.10.egg-info/PKG-INFO
[0.250s] -- Up-to-date: /home/a/drone_with_mavsdk/install/image_geometry/local/lib/python3.10/dist-packages/image_geometry
[0.250s] -- Up-to-date: /home/a/drone_with_mavsdk/install/image_geometry/local/lib/python3.10/dist-packages/image_geometry/__init__.py
[0.250s] -- Up-to-date: /home/a/drone_with_mavsdk/install/image_geometry/local/lib/python3.10/dist-packages/image_geometry/cameramodels.py
[0.274s] Listing '/home/a/drone_with_mavsdk/install/image_geometry/local/lib/python3.10/dist-packages/image_geometry'...
[0.277s] -- Up-to-date: /home/a/drone_with_mavsdk/install/image_geometry/include/image_geometry
[0.277s] -- Up-to-date: /home/a/drone_with_mavsdk/install/image_geometry/include/image_geometry/image_geometry
[0.277s] -- Up-to-date: /home/a/drone_with_mavsdk/install/image_geometry/include/image_geometry/image_geometry/stereo_camera_model.hpp
[0.277s] -- Up-to-date: /home/a/drone_with_mavsdk/install/image_geometry/include/image_geometry/image_geometry/visibility_control.hpp
[0.277s] -- Up-to-date: /home/a/drone_with_mavsdk/install/image_geometry/include/image_geometry/image_geometry/pinhole_camera_model.hpp
[0.278s] -- Up-to-date: /home/a/drone_with_mavsdk/install/image_geometry/lib/libimage_geometry.so
[0.278s] -- Up-to-date: /home/a/drone_with_mavsdk/install/image_geometry/share/ament_index/resource_index/package_run_dependencies/image_geometry
[0.278s] -- Up-to-date: /home/a/drone_with_mavsdk/install/image_geometry/share/ament_index/resource_index/parent_prefix_path/image_geometry
[0.278s] -- Up-to-date: /home/a/drone_with_mavsdk/install/image_geometry/share/image_geometry/environment/ament_prefix_path.sh
[0.278s] -- Up-to-date: /home/a/drone_with_mavsdk/install/image_geometry/share/image_geometry/environment/ament_prefix_path.dsv
[0.278s] -- Up-to-date: /home/a/drone_with_mavsdk/install/image_geometry/share/image_geometry/environment/path.sh
[0.278s] -- Up-to-date: /home/a/drone_with_mavsdk/install/image_geometry/share/image_geometry/environment/path.dsv
[0.278s] -- Up-to-date: /home/a/drone_with_mavsdk/install/image_geometry/share/image_geometry/local_setup.bash
[0.278s] -- Up-to-date: /home/a/drone_with_mavsdk/install/image_geometry/share/image_geometry/local_setup.sh
[0.278s] -- Up-to-date: /home/a/drone_with_mavsdk/install/image_geometry/share/image_geometry/local_setup.zsh
[0.278s] -- Up-to-date: /home/a/drone_with_mavsdk/install/image_geometry/share/image_geometry/local_setup.dsv
[0.278s] -- Installing: /home/a/drone_with_mavsdk/install/image_geometry/share/image_geometry/package.dsv
[0.278s] -- Up-to-date: /home/a/drone_with_mavsdk/install/image_geometry/share/ament_index/resource_index/packages/image_geometry
[0.278s] -- Up-to-date: /home/a/drone_with_mavsdk/install/image_geometry/share/image_geometry/cmake/export_image_geometryExport.cmake
[0.279s] -- Up-to-date: /home/a/drone_with_mavsdk/install/image_geometry/share/image_geometry/cmake/export_image_geometryExport-noconfig.cmake
[0.279s] -- Up-to-date: /home/a/drone_with_mavsdk/install/image_geometry/share/image_geometry/cmake/ament_cmake_export_targets-extras.cmake
[0.279s] -- Up-to-date: /home/a/drone_with_mavsdk/install/image_geometry/share/image_geometry/cmake/ament_cmake_export_dependencies-extras.cmake
[0.279s] -- Up-to-date: /home/a/drone_with_mavsdk/install/image_geometry/share/image_geometry/cmake/image_geometryConfig.cmake
[0.279s] -- Up-to-date: /home/a/drone_with_mavsdk/install/image_geometry/share/image_geometry/cmake/image_geometryConfig-version.cmake
[0.279s] -- Up-to-date: /home/a/drone_with_mavsdk/install/image_geometry/share/image_geometry/package.xml
[0.281s] Invoked command in '/home/a/drone_with_mavsdk/build/image_geometry' returned '0': CMAKE_PREFIX_PATH=${CMAKE_PREFIX_PATH}:/home/a/land_ws/install/pid_test:/home/a/land_ws/install/opencv_tests:/home/a/land_ws/install/drone_control:/opt/ros/humble /usr/bin/cmake --install /home/a/drone_with_mavsdk/build/image_geometry
