[0.138s] Invoking command in '/home/a/drone_with_mavsdk/build/plate_detection': AMENT_PREFIX_PATH=/home/a/drone_with_mavsdk/install/cv_bridge:${AMENT_PREFIX_PATH} CMAKE_PREFIX_PATH=/home/a/drone_with_mavsdk/install/cv_bridge:/home/a/land_ws/install/vision_opencv:/home/a/land_ws/install/plate_detection:/home/a/land_ws/install/image_geometry:/home/a/land_ws/install/drone_control_interfaces:/home/a/land_ws/install/aruco_tracker:/home/a/land_ws/install/cv_bridge:/home/a/land_ws/install/pid_test:/home/a/land_ws/install/opencv_tests:/home/a/land_ws/install/drone_control:/opt/ros/humble LD_LIBRARY_PATH=/home/a/drone_with_mavsdk/install/cv_bridge/lib:/home/a/land_ws/install/image_geometry/lib:/home/a/land_ws/install/drone_control_interfaces/lib:/home/a/land_ws/install/cv_bridge/lib:/opt/ros/humble/opt/rviz_ogre_vendor/lib:/opt/ros/humble/lib/x86_64-linux-gnu:/opt/ros/humble/lib:/usr/local/cuda-11.6/lib64:/usr/local/cuda-11.6/lib64:/usr/local/cuda-11.6/lib64:/usr/local/cuda-11.6/lib64:/usr/local/cuda-11.6/lib64 PYTHONPATH=/home/a/drone_with_mavsdk/install/cv_bridge/local/lib/python3.10/dist-packages:${PYTHONPATH} /usr/bin/cmake --build /home/a/drone_with_mavsdk/build/plate_detection -- -j32 -l32
[0.170s] Built target ament_cmake_python_copy_plate_detection
[0.286s] running egg_info
[0.296s] writing plate_detection.egg-info/PKG-INFO
[0.296s] writing dependency_links to plate_detection.egg-info/dependency_links.txt
[0.296s] writing top-level names to plate_detection.egg-info/top_level.txt
[0.331s] reading manifest file 'plate_detection.egg-info/SOURCES.txt'
[0.332s] writing manifest file 'plate_detection.egg-info/SOURCES.txt'
[0.348s] Built target ament_cmake_python_build_plate_detection_egg
[0.355s] Invoked command in '/home/a/drone_with_mavsdk/build/plate_detection' returned '0': AMENT_PREFIX_PATH=/home/a/drone_with_mavsdk/install/cv_bridge:${AMENT_PREFIX_PATH} CMAKE_PREFIX_PATH=/home/a/drone_with_mavsdk/install/cv_bridge:/home/a/land_ws/install/vision_opencv:/home/a/land_ws/install/plate_detection:/home/a/land_ws/install/image_geometry:/home/a/land_ws/install/drone_control_interfaces:/home/a/land_ws/install/aruco_tracker:/home/a/land_ws/install/cv_bridge:/home/a/land_ws/install/pid_test:/home/a/land_ws/install/opencv_tests:/home/a/land_ws/install/drone_control:/opt/ros/humble LD_LIBRARY_PATH=/home/a/drone_with_mavsdk/install/cv_bridge/lib:/home/a/land_ws/install/image_geometry/lib:/home/a/land_ws/install/drone_control_interfaces/lib:/home/a/land_ws/install/cv_bridge/lib:/opt/ros/humble/opt/rviz_ogre_vendor/lib:/opt/ros/humble/lib/x86_64-linux-gnu:/opt/ros/humble/lib:/usr/local/cuda-11.6/lib64:/usr/local/cuda-11.6/lib64:/usr/local/cuda-11.6/lib64:/usr/local/cuda-11.6/lib64:/usr/local/cuda-11.6/lib64 PYTHONPATH=/home/a/drone_with_mavsdk/install/cv_bridge/local/lib/python3.10/dist-packages:${PYTHONPATH} /usr/bin/cmake --build /home/a/drone_with_mavsdk/build/plate_detection -- -j32 -l32
[0.356s] Invoking command in '/home/a/drone_with_mavsdk/build/plate_detection': AMENT_PREFIX_PATH=/home/a/drone_with_mavsdk/install/cv_bridge:${AMENT_PREFIX_PATH} CMAKE_PREFIX_PATH=/home/a/drone_with_mavsdk/install/cv_bridge:/home/a/land_ws/install/vision_opencv:/home/a/land_ws/install/plate_detection:/home/a/land_ws/install/image_geometry:/home/a/land_ws/install/drone_control_interfaces:/home/a/land_ws/install/aruco_tracker:/home/a/land_ws/install/cv_bridge:/home/a/land_ws/install/pid_test:/home/a/land_ws/install/opencv_tests:/home/a/land_ws/install/drone_control:/opt/ros/humble LD_LIBRARY_PATH=/home/a/drone_with_mavsdk/install/cv_bridge/lib:/home/a/land_ws/install/image_geometry/lib:/home/a/land_ws/install/drone_control_interfaces/lib:/home/a/land_ws/install/cv_bridge/lib:/opt/ros/humble/opt/rviz_ogre_vendor/lib:/opt/ros/humble/lib/x86_64-linux-gnu:/opt/ros/humble/lib:/usr/local/cuda-11.6/lib64:/usr/local/cuda-11.6/lib64:/usr/local/cuda-11.6/lib64:/usr/local/cuda-11.6/lib64:/usr/local/cuda-11.6/lib64 PYTHONPATH=/home/a/drone_with_mavsdk/install/cv_bridge/local/lib/python3.10/dist-packages:${PYTHONPATH} /usr/bin/cmake --install /home/a/drone_with_mavsdk/build/plate_detection
[0.361s] -- Install configuration: ""
[0.361s] -- Up-to-date: /home/a/drone_with_mavsdk/install/plate_detection/share/plate_detection/environment/pythonpath.sh
[0.361s] -- Up-to-date: /home/a/drone_with_mavsdk/install/plate_detection/share/plate_detection/environment/pythonpath.dsv
[0.361s] -- Up-to-date: /home/a/drone_with_mavsdk/install/plate_detection/local/lib/python3.10/dist-packages/plate_detection-0.0.1-py3.10.egg-info
[0.361s] -- Installing: /home/a/drone_with_mavsdk/install/plate_detection/local/lib/python3.10/dist-packages/plate_detection-0.0.1-py3.10.egg-info/top_level.txt
[0.361s] -- Installing: /home/a/drone_with_mavsdk/install/plate_detection/local/lib/python3.10/dist-packages/plate_detection-0.0.1-py3.10.egg-info/SOURCES.txt
[0.361s] -- Installing: /home/a/drone_with_mavsdk/install/plate_detection/local/lib/python3.10/dist-packages/plate_detection-0.0.1-py3.10.egg-info/dependency_links.txt
[0.361s] -- Installing: /home/a/drone_with_mavsdk/install/plate_detection/local/lib/python3.10/dist-packages/plate_detection-0.0.1-py3.10.egg-info/PKG-INFO
[0.361s] -- Up-to-date: /home/a/drone_with_mavsdk/install/plate_detection/local/lib/python3.10/dist-packages/plate_detection
[0.361s] -- Up-to-date: /home/a/drone_with_mavsdk/install/plate_detection/local/lib/python3.10/dist-packages/plate_detection/__init__.py
[0.361s] -- Up-to-date: /home/a/drone_with_mavsdk/install/plate_detection/local/lib/python3.10/dist-packages/plate_detection/plate_detection_node.py
[0.387s] Listing '/home/a/drone_with_mavsdk/install/plate_detection/local/lib/python3.10/dist-packages/plate_detection'...
[0.392s] -- Up-to-date: /home/a/drone_with_mavsdk/install/plate_detection/lib/plate_detection/plate_detection_node
[0.392s] -- Up-to-date: /home/a/drone_with_mavsdk/install/plate_detection/share/plate_detection/launch
[0.392s] -- Up-to-date: /home/a/drone_with_mavsdk/install/plate_detection/share/plate_detection/launch/plate_detection.launch.py
[0.392s] -- Up-to-date: /home/a/drone_with_mavsdk/install/plate_detection/share/plate_detection/config
[0.392s] -- Up-to-date: /home/a/drone_with_mavsdk/install/plate_detection/share/plate_detection/config/plate_detection_params.yaml
[0.392s] -- Up-to-date: /home/a/drone_with_mavsdk/install/plate_detection/share/plate_detection/models
[0.392s] -- Up-to-date: /home/a/drone_with_mavsdk/install/plate_detection/share/plate_detection/models/__init__.py
[0.392s] -- Up-to-date: /home/a/drone_with_mavsdk/install/plate_detection/share/plate_detection/models/yolo.py
[0.392s] -- Up-to-date: /home/a/drone_with_mavsdk/install/plate_detection/share/plate_detection/models/experimental.py
[0.392s] -- Up-to-date: /home/a/drone_with_mavsdk/install/plate_detection/share/plate_detection/models/common.py
[0.392s] -- Up-to-date: /home/a/drone_with_mavsdk/install/plate_detection/share/plate_detection/weights
[0.392s] -- Up-to-date: /home/a/drone_with_mavsdk/install/plate_detection/share/plate_detection/weights/plate_detect.pt
[0.392s] -- Up-to-date: /home/a/drone_with_mavsdk/install/plate_detection/share/plate_detection/weights/plate_rec_color.pth
[0.392s] -- Up-to-date: /home/a/drone_with_mavsdk/install/plate_detection/share/plate_detection/fonts
[0.392s] -- Up-to-date: /home/a/drone_with_mavsdk/install/plate_detection/share/plate_detection/fonts/platech.ttf
[0.392s] -- Up-to-date: /home/a/drone_with_mavsdk/install/plate_detection/share/plate_detection/utils
[0.392s] -- Up-to-date: /home/a/drone_with_mavsdk/install/plate_detection/share/plate_detection/utils/metrics.py
[0.393s] -- Up-to-date: /home/a/drone_with_mavsdk/install/plate_detection/share/plate_detection/utils/torch_utils.py
[0.393s] -- Up-to-date: /home/a/drone_with_mavsdk/install/plate_detection/share/plate_detection/utils/__init__.py
[0.393s] -- Up-to-date: /home/a/drone_with_mavsdk/install/plate_detection/share/plate_detection/utils/datasets.py
[0.393s] -- Up-to-date: /home/a/drone_with_mavsdk/install/plate_detection/share/plate_detection/utils/google_utils.py
[0.393s] -- Up-to-date: /home/a/drone_with_mavsdk/install/plate_detection/share/plate_detection/utils/cv_puttext.py
[0.393s] -- Up-to-date: /home/a/drone_with_mavsdk/install/plate_detection/share/plate_detection/utils/autoanchor.py
[0.393s] -- Up-to-date: /home/a/drone_with_mavsdk/install/plate_detection/share/plate_detection/utils/plots.py
[0.393s] -- Up-to-date: /home/a/drone_with_mavsdk/install/plate_detection/share/plate_detection/utils/general.py
[0.393s] -- Up-to-date: /home/a/drone_with_mavsdk/install/plate_detection/share/plate_detection/plate_recognition
[0.393s] -- Up-to-date: /home/a/drone_with_mavsdk/install/plate_detection/share/plate_detection/plate_recognition/plateNet.py
[0.393s] -- Up-to-date: /home/a/drone_with_mavsdk/install/plate_detection/share/plate_detection/plate_recognition/plate_rec.py
[0.393s] -- Up-to-date: /home/a/drone_with_mavsdk/install/plate_detection/share/plate_detection/plate_recognition/double_plate_split_merge.py
[0.393s] -- Up-to-date: /home/a/drone_with_mavsdk/install/plate_detection/share/plate_detection/typing_patch.py
[0.393s] -- Up-to-date: /home/a/drone_with_mavsdk/install/plate_detection/share/ament_index/resource_index/package_run_dependencies/plate_detection
[0.393s] -- Up-to-date: /home/a/drone_with_mavsdk/install/plate_detection/share/ament_index/resource_index/parent_prefix_path/plate_detection
[0.393s] -- Up-to-date: /home/a/drone_with_mavsdk/install/plate_detection/share/plate_detection/environment/ament_prefix_path.sh
[0.393s] -- Up-to-date: /home/a/drone_with_mavsdk/install/plate_detection/share/plate_detection/environment/ament_prefix_path.dsv
[0.393s] -- Up-to-date: /home/a/drone_with_mavsdk/install/plate_detection/share/plate_detection/environment/path.sh
[0.393s] -- Up-to-date: /home/a/drone_with_mavsdk/install/plate_detection/share/plate_detection/environment/path.dsv
[0.393s] -- Up-to-date: /home/a/drone_with_mavsdk/install/plate_detection/share/plate_detection/local_setup.bash
[0.393s] -- Up-to-date: /home/a/drone_with_mavsdk/install/plate_detection/share/plate_detection/local_setup.sh
[0.393s] -- Up-to-date: /home/a/drone_with_mavsdk/install/plate_detection/share/plate_detection/local_setup.zsh
[0.393s] -- Up-to-date: /home/a/drone_with_mavsdk/install/plate_detection/share/plate_detection/local_setup.dsv
[0.393s] -- Installing: /home/a/drone_with_mavsdk/install/plate_detection/share/plate_detection/package.dsv
[0.393s] -- Up-to-date: /home/a/drone_with_mavsdk/install/plate_detection/share/ament_index/resource_index/packages/plate_detection
[0.393s] -- Up-to-date: /home/a/drone_with_mavsdk/install/plate_detection/share/plate_detection/cmake/plate_detectionConfig.cmake
[0.393s] -- Up-to-date: /home/a/drone_with_mavsdk/install/plate_detection/share/plate_detection/cmake/plate_detectionConfig-version.cmake
[0.393s] -- Up-to-date: /home/a/drone_with_mavsdk/install/plate_detection/share/plate_detection/package.xml
[0.395s] Invoked command in '/home/a/drone_with_mavsdk/build/plate_detection' returned '0': AMENT_PREFIX_PATH=/home/a/drone_with_mavsdk/install/cv_bridge:${AMENT_PREFIX_PATH} CMAKE_PREFIX_PATH=/home/a/drone_with_mavsdk/install/cv_bridge:/home/a/land_ws/install/vision_opencv:/home/a/land_ws/install/plate_detection:/home/a/land_ws/install/image_geometry:/home/a/land_ws/install/drone_control_interfaces:/home/a/land_ws/install/aruco_tracker:/home/a/land_ws/install/cv_bridge:/home/a/land_ws/install/pid_test:/home/a/land_ws/install/opencv_tests:/home/a/land_ws/install/drone_control:/opt/ros/humble LD_LIBRARY_PATH=/home/a/drone_with_mavsdk/install/cv_bridge/lib:/home/a/land_ws/install/image_geometry/lib:/home/a/land_ws/install/drone_control_interfaces/lib:/home/a/land_ws/install/cv_bridge/lib:/opt/ros/humble/opt/rviz_ogre_vendor/lib:/opt/ros/humble/lib/x86_64-linux-gnu:/opt/ros/humble/lib:/usr/local/cuda-11.6/lib64:/usr/local/cuda-11.6/lib64:/usr/local/cuda-11.6/lib64:/usr/local/cuda-11.6/lib64:/usr/local/cuda-11.6/lib64 PYTHONPATH=/home/a/drone_with_mavsdk/install/cv_bridge/local/lib/python3.10/dist-packages:${PYTHONPATH} /usr/bin/cmake --install /home/a/drone_with_mavsdk/build/plate_detection
