-- The C compiler identification is GNU 11.4.0
-- The CXX compiler identification is GNU 11.4.0
-- Detecting C compiler ABI info
-- Detecting C compiler ABI info - done
-- Check for working C compiler: /usr/bin/cc - skipped
-- Detecting C compile features
-- Detecting C compile features - done
-- Detecting CXX compiler ABI info
-- Detecting CXX compiler ABI info - done
-- Check for working CXX compiler: /usr/bin/c++ - skipped
-- Detecting CXX compile features
-- Detecting CXX compile features - done
-- Found eigen3_cmake_module: 0.1.1 (/opt/ros/humble/share/eigen3_cmake_module/cmake)
-- Found Eigen3: TRUE (found version "3.4.0") 
-- Found ament_cmake: 1.3.12 (/opt/ros/humble/share/ament_cmake/cmake)
-- Found Python3: /usr/bin/python3 (found version "3.10.12") found components: Interpreter 
-- Found rclcpp: 16.0.14 (/opt/ros/humble/share/rclcpp/cmake)
-- Found rosidl_generator_c: 3.1.7 (/opt/ros/humble/share/rosidl_generator_c/cmake)
-- Found rosidl_adapter: 3.1.7 (/opt/ros/humble/share/rosidl_adapter/cmake)
-- Found rosidl_generator_cpp: 3.1.7 (/opt/ros/humble/share/rosidl_generator_cpp/cmake)
-- Using all available rosidl_typesupport_c: rosidl_typesupport_fastrtps_c;rosidl_typesupport_introspection_c
-- Using all available rosidl_typesupport_cpp: rosidl_typesupport_fastrtps_cpp;rosidl_typesupport_introspection_cpp
-- Found rmw_implementation_cmake: 6.1.2 (/opt/ros/humble/share/rmw_implementation_cmake/cmake)
-- Found rmw_fastrtps_cpp: 6.2.8 (/opt/ros/humble/share/rmw_fastrtps_cpp/cmake)
-- Found OpenSSL: /usr/lib/x86_64-linux-gnu/libcrypto.so (found version "3.0.2")  
-- Found FastRTPS: /opt/ros/humble/include  
-- Using RMW implementation 'rmw_fastrtps_cpp' as default
-- Looking for pthread.h
-- Looking for pthread.h - found
-- Performing Test CMAKE_HAVE_LIBC_PTHREAD
-- Performing Test CMAKE_HAVE_LIBC_PTHREAD - Success
-- Found Threads: TRUE  
-- Found sensor_msgs: 4.9.0 (/opt/ros/humble/share/sensor_msgs/cmake)
-- Found cv_bridge: 4.1.0 (/home/a/drone_with_mavsdk/install/cv_bridge/share/cv_bridge/cmake)
-- Found OpenCV: /usr/local (found suitable version "4.10.0", minimum required is "4.10.0") 
-- Found ament_lint_auto: 0.12.14 (/opt/ros/humble/share/ament_lint_auto/cmake)
-- Added test 'copyright' to check source files copyright and LICENSE
-- Added test 'cppcheck' to perform static code analysis on C / C++ code
-- Configured cppcheck include dirs: 
-- Configured cppcheck exclude dirs and/or files: 
-- Added test 'cpplint' to check C / C++ code against the Google style
-- Configured cpplint exclude dirs and/or files: 
-- Added test 'flake8' to check Python code syntax and style conventions
-- Added test 'lint_cmake' to check CMake code style
-- Added test 'pep257' to check Python code against some of the docstring style conventions in PEP 257
-- Added test 'uncrustify' to check C / C++ code style
-- Configured uncrustify additional arguments: 
-- Added test 'xmllint' to check XML markup files
-- Configuring done
-- Generating done
-- Build files have been written to: /home/a/drone_with_mavsdk/build/aruco_tracker
[ 50%] [32mBuilding CXX object CMakeFiles/aruco_tracker.dir/ArucoTracker.cpp.o[0m
[100%] [32m[1mLinking CXX executable aruco_tracker[0m
[100%] Built target aruco_tracker
-- Install configuration: ""
-- Installing: /home/a/drone_with_mavsdk/install/aruco_tracker/lib/aruco_tracker/aruco_tracker
-- Set runtime path of "/home/a/drone_with_mavsdk/install/aruco_tracker/lib/aruco_tracker/aruco_tracker" to ""
-- Installing: /home/a/drone_with_mavsdk/install/aruco_tracker/share/aruco_tracker//launch
-- Installing: /home/a/drone_with_mavsdk/install/aruco_tracker/share/aruco_tracker//launch/real_aruco_tracker.launch.py
-- Installing: /home/a/drone_with_mavsdk/install/aruco_tracker/share/aruco_tracker//launch/gazebo_aruco_tracker.launch.py
-- Installing: /home/a/drone_with_mavsdk/install/aruco_tracker/share/aruco_tracker//launch/aruco_tracker.launch.py
-- Installing: /home/a/drone_with_mavsdk/install/aruco_tracker/share/aruco_tracker//cfg
-- Installing: /home/a/drone_with_mavsdk/install/aruco_tracker/share/aruco_tracker//cfg/params.yaml
-- Installing: /home/a/drone_with_mavsdk/install/aruco_tracker/share/ament_index/resource_index/package_run_dependencies/aruco_tracker
-- Installing: /home/a/drone_with_mavsdk/install/aruco_tracker/share/ament_index/resource_index/parent_prefix_path/aruco_tracker
-- Installing: /home/a/drone_with_mavsdk/install/aruco_tracker/share/aruco_tracker/environment/ament_prefix_path.sh
-- Installing: /home/a/drone_with_mavsdk/install/aruco_tracker/share/aruco_tracker/environment/ament_prefix_path.dsv
-- Installing: /home/a/drone_with_mavsdk/install/aruco_tracker/share/aruco_tracker/environment/path.sh
-- Installing: /home/a/drone_with_mavsdk/install/aruco_tracker/share/aruco_tracker/environment/path.dsv
-- Installing: /home/a/drone_with_mavsdk/install/aruco_tracker/share/aruco_tracker/local_setup.bash
-- Installing: /home/a/drone_with_mavsdk/install/aruco_tracker/share/aruco_tracker/local_setup.sh
-- Installing: /home/a/drone_with_mavsdk/install/aruco_tracker/share/aruco_tracker/local_setup.zsh
-- Installing: /home/a/drone_with_mavsdk/install/aruco_tracker/share/aruco_tracker/local_setup.dsv
-- Installing: /home/a/drone_with_mavsdk/install/aruco_tracker/share/aruco_tracker/package.dsv
-- Installing: /home/a/drone_with_mavsdk/install/aruco_tracker/share/ament_index/resource_index/packages/aruco_tracker
-- Installing: /home/a/drone_with_mavsdk/install/aruco_tracker/share/aruco_tracker/cmake/aruco_trackerConfig.cmake
-- Installing: /home/a/drone_with_mavsdk/install/aruco_tracker/share/aruco_tracker/cmake/aruco_trackerConfig-version.cmake
-- Installing: /home/a/drone_with_mavsdk/install/aruco_tracker/share/aruco_tracker/package.xml
