[0.010s] Invoking command in '/home/a/drone_with_mavsdk/build/aruco_tracker': AMENT_PREFIX_PATH=/home/a/drone_with_mavsdk/install/cv_bridge:${AMENT_PREFIX_PATH} CMAKE_PREFIX_PATH=/home/a/drone_with_mavsdk/install/cv_bridge:/home/a/land_ws/install/vision_opencv:/home/a/land_ws/install/plate_detection:/home/a/land_ws/install/image_geometry:/home/a/land_ws/install/drone_control_interfaces:/home/a/land_ws/install/aruco_tracker:/home/a/land_ws/install/cv_bridge:/home/a/land_ws/install/pid_test:/home/a/land_ws/install/opencv_tests:/home/a/land_ws/install/drone_control:/opt/ros/humble LD_LIBRARY_PATH=/home/a/drone_with_mavsdk/install/cv_bridge/lib:/home/a/land_ws/install/image_geometry/lib:/home/a/land_ws/install/drone_control_interfaces/lib:/home/a/land_ws/install/cv_bridge/lib:/opt/ros/humble/opt/rviz_ogre_vendor/lib:/opt/ros/humble/lib/x86_64-linux-gnu:/opt/ros/humble/lib:/usr/local/cuda-11.6/lib64:/usr/local/cuda-11.6/lib64:/usr/local/cuda-11.6/lib64:/usr/local/cuda-11.6/lib64:/usr/local/cuda-11.6/lib64 PYTHONPATH=/home/a/drone_with_mavsdk/install/cv_bridge/local/lib/python3.10/dist-packages:${PYTHONPATH} /usr/bin/cmake /home/a/drone_with_mavsdk/src/aruco_tracker -DCMAKE_INSTALL_PREFIX=/home/a/drone_with_mavsdk/install/aruco_tracker
[0.211s] -- The C compiler identification is GNU 11.4.0
[0.211s] -- The CXX compiler identification is GNU 11.4.0
[0.212s] -- Detecting C compiler ABI info
[0.212s] -- Detecting C compiler ABI info - done
[0.212s] -- Check for working C compiler: /usr/bin/cc - skipped
[0.212s] -- Detecting C compile features
[0.212s] -- Detecting C compile features - done
[0.212s] -- Detecting CXX compiler ABI info
[0.212s] -- Detecting CXX compiler ABI info - done
[0.212s] -- Check for working CXX compiler: /usr/bin/c++ - skipped
[0.212s] -- Detecting CXX compile features
[0.212s] -- Detecting CXX compile features - done
[0.212s] -- Found eigen3_cmake_module: 0.1.1 (/opt/ros/humble/share/eigen3_cmake_module/cmake)
[0.212s] -- Found Eigen3: TRUE (found version "3.4.0") 
[0.212s] -- Found ament_cmake: 1.3.12 (/opt/ros/humble/share/ament_cmake/cmake)
[0.370s] -- Found Python3: /usr/bin/python3 (found version "3.10.12") found components: Interpreter 
[0.420s] -- Found rclcpp: 16.0.14 (/opt/ros/humble/share/rclcpp/cmake)
[0.445s] -- Found rosidl_generator_c: 3.1.7 (/opt/ros/humble/share/rosidl_generator_c/cmake)
[0.447s] -- Found rosidl_adapter: 3.1.7 (/opt/ros/humble/share/rosidl_adapter/cmake)
[0.451s] -- Found rosidl_generator_cpp: 3.1.7 (/opt/ros/humble/share/rosidl_generator_cpp/cmake)
[0.457s] -- Using all available rosidl_typesupport_c: rosidl_typesupport_fastrtps_c;rosidl_typesupport_introspection_c
[0.465s] -- Using all available rosidl_typesupport_cpp: rosidl_typesupport_fastrtps_cpp;rosidl_typesupport_introspection_cpp
[0.487s] -- Found rmw_implementation_cmake: 6.1.2 (/opt/ros/humble/share/rmw_implementation_cmake/cmake)
[0.489s] -- Found rmw_fastrtps_cpp: 6.2.8 (/opt/ros/humble/share/rmw_fastrtps_cpp/cmake)
[0.540s] -- Found OpenSSL: /usr/lib/x86_64-linux-gnu/libcrypto.so (found version "3.0.2")  
[0.555s] -- Found FastRTPS: /opt/ros/humble/include  
[0.578s] -- Using RMW implementation 'rmw_fastrtps_cpp' as default
[0.583s] -- Looking for pthread.h
[0.625s] -- Looking for pthread.h - found
[0.625s] -- Performing Test CMAKE_HAVE_LIBC_PTHREAD
[0.666s] -- Performing Test CMAKE_HAVE_LIBC_PTHREAD - Success
[0.666s] -- Found Threads: TRUE  
[0.690s] -- Found sensor_msgs: 4.9.0 (/opt/ros/humble/share/sensor_msgs/cmake)
[0.703s] -- Found cv_bridge: 4.1.0 (/home/a/drone_with_mavsdk/install/cv_bridge/share/cv_bridge/cmake)
[0.711s] -- Found OpenCV: /usr/local (found suitable version "4.10.0", minimum required is "4.10.0") 
[0.713s] -- Found ament_lint_auto: 0.12.14 (/opt/ros/humble/share/ament_lint_auto/cmake)
[0.762s] -- Added test 'copyright' to check source files copyright and LICENSE
[0.763s] -- Added test 'cppcheck' to perform static code analysis on C / C++ code
[0.763s] -- Configured cppcheck include dirs: 
[0.763s] -- Configured cppcheck exclude dirs and/or files: 
[0.763s] -- Added test 'cpplint' to check C / C++ code against the Google style
[0.763s] -- Configured cpplint exclude dirs and/or files: 
[0.764s] -- Added test 'flake8' to check Python code syntax and style conventions
[0.764s] -- Added test 'lint_cmake' to check CMake code style
[0.765s] -- Added test 'pep257' to check Python code against some of the docstring style conventions in PEP 257
[0.765s] -- Added test 'uncrustify' to check C / C++ code style
[0.765s] -- Configured uncrustify additional arguments: 
[0.766s] -- Added test 'xmllint' to check XML markup files
[0.766s] -- Configuring done
[0.773s] -- Generating done
[0.776s] -- Build files have been written to: /home/a/drone_with_mavsdk/build/aruco_tracker
[0.781s] Invoked command in '/home/a/drone_with_mavsdk/build/aruco_tracker' returned '0': AMENT_PREFIX_PATH=/home/a/drone_with_mavsdk/install/cv_bridge:${AMENT_PREFIX_PATH} CMAKE_PREFIX_PATH=/home/a/drone_with_mavsdk/install/cv_bridge:/home/a/land_ws/install/vision_opencv:/home/a/land_ws/install/plate_detection:/home/a/land_ws/install/image_geometry:/home/a/land_ws/install/drone_control_interfaces:/home/a/land_ws/install/aruco_tracker:/home/a/land_ws/install/cv_bridge:/home/a/land_ws/install/pid_test:/home/a/land_ws/install/opencv_tests:/home/a/land_ws/install/drone_control:/opt/ros/humble LD_LIBRARY_PATH=/home/a/drone_with_mavsdk/install/cv_bridge/lib:/home/a/land_ws/install/image_geometry/lib:/home/a/land_ws/install/drone_control_interfaces/lib:/home/a/land_ws/install/cv_bridge/lib:/opt/ros/humble/opt/rviz_ogre_vendor/lib:/opt/ros/humble/lib/x86_64-linux-gnu:/opt/ros/humble/lib:/usr/local/cuda-11.6/lib64:/usr/local/cuda-11.6/lib64:/usr/local/cuda-11.6/lib64:/usr/local/cuda-11.6/lib64:/usr/local/cuda-11.6/lib64 PYTHONPATH=/home/a/drone_with_mavsdk/install/cv_bridge/local/lib/python3.10/dist-packages:${PYTHONPATH} /usr/bin/cmake /home/a/drone_with_mavsdk/src/aruco_tracker -DCMAKE_INSTALL_PREFIX=/home/a/drone_with_mavsdk/install/aruco_tracker
[0.781s] Invoking command in '/home/a/drone_with_mavsdk/build/aruco_tracker': AMENT_PREFIX_PATH=/home/a/drone_with_mavsdk/install/cv_bridge:${AMENT_PREFIX_PATH} CMAKE_PREFIX_PATH=/home/a/drone_with_mavsdk/install/cv_bridge:/home/a/land_ws/install/vision_opencv:/home/a/land_ws/install/plate_detection:/home/a/land_ws/install/image_geometry:/home/a/land_ws/install/drone_control_interfaces:/home/a/land_ws/install/aruco_tracker:/home/a/land_ws/install/cv_bridge:/home/a/land_ws/install/pid_test:/home/a/land_ws/install/opencv_tests:/home/a/land_ws/install/drone_control:/opt/ros/humble LD_LIBRARY_PATH=/home/a/drone_with_mavsdk/install/cv_bridge/lib:/home/a/land_ws/install/image_geometry/lib:/home/a/land_ws/install/drone_control_interfaces/lib:/home/a/land_ws/install/cv_bridge/lib:/opt/ros/humble/opt/rviz_ogre_vendor/lib:/opt/ros/humble/lib/x86_64-linux-gnu:/opt/ros/humble/lib:/usr/local/cuda-11.6/lib64:/usr/local/cuda-11.6/lib64:/usr/local/cuda-11.6/lib64:/usr/local/cuda-11.6/lib64:/usr/local/cuda-11.6/lib64 PYTHONPATH=/home/a/drone_with_mavsdk/install/cv_bridge/local/lib/python3.10/dist-packages:${PYTHONPATH} /usr/bin/cmake --build /home/a/drone_with_mavsdk/build/aruco_tracker -- -j32 -l32
[0.810s] [ 50%] [32mBuilding CXX object CMakeFiles/aruco_tracker.dir/ArucoTracker.cpp.o[0m
[6.134s] [100%] [32m[1mLinking CXX executable aruco_tracker[0m
[6.476s] [100%] Built target aruco_tracker
[6.486s] Invoked command in '/home/a/drone_with_mavsdk/build/aruco_tracker' returned '0': AMENT_PREFIX_PATH=/home/a/drone_with_mavsdk/install/cv_bridge:${AMENT_PREFIX_PATH} CMAKE_PREFIX_PATH=/home/a/drone_with_mavsdk/install/cv_bridge:/home/a/land_ws/install/vision_opencv:/home/a/land_ws/install/plate_detection:/home/a/land_ws/install/image_geometry:/home/a/land_ws/install/drone_control_interfaces:/home/a/land_ws/install/aruco_tracker:/home/a/land_ws/install/cv_bridge:/home/a/land_ws/install/pid_test:/home/a/land_ws/install/opencv_tests:/home/a/land_ws/install/drone_control:/opt/ros/humble LD_LIBRARY_PATH=/home/a/drone_with_mavsdk/install/cv_bridge/lib:/home/a/land_ws/install/image_geometry/lib:/home/a/land_ws/install/drone_control_interfaces/lib:/home/a/land_ws/install/cv_bridge/lib:/opt/ros/humble/opt/rviz_ogre_vendor/lib:/opt/ros/humble/lib/x86_64-linux-gnu:/opt/ros/humble/lib:/usr/local/cuda-11.6/lib64:/usr/local/cuda-11.6/lib64:/usr/local/cuda-11.6/lib64:/usr/local/cuda-11.6/lib64:/usr/local/cuda-11.6/lib64 PYTHONPATH=/home/a/drone_with_mavsdk/install/cv_bridge/local/lib/python3.10/dist-packages:${PYTHONPATH} /usr/bin/cmake --build /home/a/drone_with_mavsdk/build/aruco_tracker -- -j32 -l32
[6.487s] Invoking command in '/home/a/drone_with_mavsdk/build/aruco_tracker': AMENT_PREFIX_PATH=/home/a/drone_with_mavsdk/install/cv_bridge:${AMENT_PREFIX_PATH} CMAKE_PREFIX_PATH=/home/a/drone_with_mavsdk/install/cv_bridge:/home/a/land_ws/install/vision_opencv:/home/a/land_ws/install/plate_detection:/home/a/land_ws/install/image_geometry:/home/a/land_ws/install/drone_control_interfaces:/home/a/land_ws/install/aruco_tracker:/home/a/land_ws/install/cv_bridge:/home/a/land_ws/install/pid_test:/home/a/land_ws/install/opencv_tests:/home/a/land_ws/install/drone_control:/opt/ros/humble LD_LIBRARY_PATH=/home/a/drone_with_mavsdk/install/cv_bridge/lib:/home/a/land_ws/install/image_geometry/lib:/home/a/land_ws/install/drone_control_interfaces/lib:/home/a/land_ws/install/cv_bridge/lib:/opt/ros/humble/opt/rviz_ogre_vendor/lib:/opt/ros/humble/lib/x86_64-linux-gnu:/opt/ros/humble/lib:/usr/local/cuda-11.6/lib64:/usr/local/cuda-11.6/lib64:/usr/local/cuda-11.6/lib64:/usr/local/cuda-11.6/lib64:/usr/local/cuda-11.6/lib64 PYTHONPATH=/home/a/drone_with_mavsdk/install/cv_bridge/local/lib/python3.10/dist-packages:${PYTHONPATH} /usr/bin/cmake --install /home/a/drone_with_mavsdk/build/aruco_tracker
[6.492s] -- Install configuration: ""
[6.492s] -- Installing: /home/a/drone_with_mavsdk/install/aruco_tracker/lib/aruco_tracker/aruco_tracker
[6.494s] -- Set runtime path of "/home/a/drone_with_mavsdk/install/aruco_tracker/lib/aruco_tracker/aruco_tracker" to ""
[6.494s] -- Installing: /home/a/drone_with_mavsdk/install/aruco_tracker/share/aruco_tracker//launch
[6.494s] -- Installing: /home/a/drone_with_mavsdk/install/aruco_tracker/share/aruco_tracker//launch/real_aruco_tracker.launch.py
[6.494s] -- Installing: /home/a/drone_with_mavsdk/install/aruco_tracker/share/aruco_tracker//launch/gazebo_aruco_tracker.launch.py
[6.494s] -- Installing: /home/a/drone_with_mavsdk/install/aruco_tracker/share/aruco_tracker//launch/aruco_tracker.launch.py
[6.494s] -- Installing: /home/a/drone_with_mavsdk/install/aruco_tracker/share/aruco_tracker//cfg
[6.494s] -- Installing: /home/a/drone_with_mavsdk/install/aruco_tracker/share/aruco_tracker//cfg/params.yaml
[6.495s] -- Installing: /home/a/drone_with_mavsdk/install/aruco_tracker/share/ament_index/resource_index/package_run_dependencies/aruco_tracker
[6.495s] -- Installing: /home/a/drone_with_mavsdk/install/aruco_tracker/share/ament_index/resource_index/parent_prefix_path/aruco_tracker
[6.495s] -- Installing: /home/a/drone_with_mavsdk/install/aruco_tracker/share/aruco_tracker/environment/ament_prefix_path.sh
[6.495s] -- Installing: /home/a/drone_with_mavsdk/install/aruco_tracker/share/aruco_tracker/environment/ament_prefix_path.dsv
[6.495s] -- Installing: /home/a/drone_with_mavsdk/install/aruco_tracker/share/aruco_tracker/environment/path.sh
[6.495s] -- Installing: /home/a/drone_with_mavsdk/install/aruco_tracker/share/aruco_tracker/environment/path.dsv
[6.495s] -- Installing: /home/a/drone_with_mavsdk/install/aruco_tracker/share/aruco_tracker/local_setup.bash
[6.495s] -- Installing: /home/a/drone_with_mavsdk/install/aruco_tracker/share/aruco_tracker/local_setup.sh
[6.495s] -- Installing: /home/a/drone_with_mavsdk/install/aruco_tracker/share/aruco_tracker/local_setup.zsh
[6.495s] -- Installing: /home/a/drone_with_mavsdk/install/aruco_tracker/share/aruco_tracker/local_setup.dsv
[6.495s] -- Installing: /home/a/drone_with_mavsdk/install/aruco_tracker/share/aruco_tracker/package.dsv
[6.495s] -- Installing: /home/a/drone_with_mavsdk/install/aruco_tracker/share/ament_index/resource_index/packages/aruco_tracker
[6.495s] -- Installing: /home/a/drone_with_mavsdk/install/aruco_tracker/share/aruco_tracker/cmake/aruco_trackerConfig.cmake
[6.495s] -- Installing: /home/a/drone_with_mavsdk/install/aruco_tracker/share/aruco_tracker/cmake/aruco_trackerConfig-version.cmake
[6.495s] -- Installing: /home/a/drone_with_mavsdk/install/aruco_tracker/share/aruco_tracker/package.xml
[6.496s] Invoked command in '/home/a/drone_with_mavsdk/build/aruco_tracker' returned '0': AMENT_PREFIX_PATH=/home/a/drone_with_mavsdk/install/cv_bridge:${AMENT_PREFIX_PATH} CMAKE_PREFIX_PATH=/home/a/drone_with_mavsdk/install/cv_bridge:/home/a/land_ws/install/vision_opencv:/home/a/land_ws/install/plate_detection:/home/a/land_ws/install/image_geometry:/home/a/land_ws/install/drone_control_interfaces:/home/a/land_ws/install/aruco_tracker:/home/a/land_ws/install/cv_bridge:/home/a/land_ws/install/pid_test:/home/a/land_ws/install/opencv_tests:/home/a/land_ws/install/drone_control:/opt/ros/humble LD_LIBRARY_PATH=/home/a/drone_with_mavsdk/install/cv_bridge/lib:/home/a/land_ws/install/image_geometry/lib:/home/a/land_ws/install/drone_control_interfaces/lib:/home/a/land_ws/install/cv_bridge/lib:/opt/ros/humble/opt/rviz_ogre_vendor/lib:/opt/ros/humble/lib/x86_64-linux-gnu:/opt/ros/humble/lib:/usr/local/cuda-11.6/lib64:/usr/local/cuda-11.6/lib64:/usr/local/cuda-11.6/lib64:/usr/local/cuda-11.6/lib64:/usr/local/cuda-11.6/lib64 PYTHONPATH=/home/a/drone_with_mavsdk/install/cv_bridge/local/lib/python3.10/dist-packages:${PYTHONPATH} /usr/bin/cmake --install /home/a/drone_with_mavsdk/build/aruco_tracker
