Built target ament_cmake_python_copy_plate_detection
running egg_info
writing plate_detection.egg-info/PKG-INFO
writing dependency_links to plate_detection.egg-info/dependency_links.txt
writing top-level names to plate_detection.egg-info/top_level.txt
reading manifest file 'plate_detection.egg-info/SOURCES.txt'
writing manifest file 'plate_detection.egg-info/SOURCES.txt'
Built target ament_cmake_python_build_plate_detection_egg
-- Install configuration: ""
-- Up-to-date: /home/a/drone_with_mavsdk/install/plate_detection/share/plate_detection/environment/pythonpath.sh
-- Up-to-date: /home/a/drone_with_mavsdk/install/plate_detection/share/plate_detection/environment/pythonpath.dsv
-- Up-to-date: /home/a/drone_with_mavsdk/install/plate_detection/local/lib/python3.10/dist-packages/plate_detection-0.0.1-py3.10.egg-info
-- Installing: /home/a/drone_with_mavsdk/install/plate_detection/local/lib/python3.10/dist-packages/plate_detection-0.0.1-py3.10.egg-info/top_level.txt
-- Installing: /home/a/drone_with_mavsdk/install/plate_detection/local/lib/python3.10/dist-packages/plate_detection-0.0.1-py3.10.egg-info/SOURCES.txt
-- Installing: /home/a/drone_with_mavsdk/install/plate_detection/local/lib/python3.10/dist-packages/plate_detection-0.0.1-py3.10.egg-info/dependency_links.txt
-- Installing: /home/a/drone_with_mavsdk/install/plate_detection/local/lib/python3.10/dist-packages/plate_detection-0.0.1-py3.10.egg-info/PKG-INFO
-- Up-to-date: /home/a/drone_with_mavsdk/install/plate_detection/local/lib/python3.10/dist-packages/plate_detection
-- Up-to-date: /home/a/drone_with_mavsdk/install/plate_detection/local/lib/python3.10/dist-packages/plate_detection/__init__.py
-- Up-to-date: /home/a/drone_with_mavsdk/install/plate_detection/local/lib/python3.10/dist-packages/plate_detection/plate_detection_node.py
Listing '/home/a/drone_with_mavsdk/install/plate_detection/local/lib/python3.10/dist-packages/plate_detection'...
-- Up-to-date: /home/a/drone_with_mavsdk/install/plate_detection/lib/plate_detection/plate_detection_node
-- Up-to-date: /home/a/drone_with_mavsdk/install/plate_detection/share/plate_detection/launch
-- Up-to-date: /home/a/drone_with_mavsdk/install/plate_detection/share/plate_detection/launch/plate_detection.launch.py
-- Up-to-date: /home/a/drone_with_mavsdk/install/plate_detection/share/plate_detection/config
-- Up-to-date: /home/a/drone_with_mavsdk/install/plate_detection/share/plate_detection/config/plate_detection_params.yaml
-- Up-to-date: /home/a/drone_with_mavsdk/install/plate_detection/share/plate_detection/models
-- Up-to-date: /home/a/drone_with_mavsdk/install/plate_detection/share/plate_detection/models/__init__.py
-- Up-to-date: /home/a/drone_with_mavsdk/install/plate_detection/share/plate_detection/models/yolo.py
-- Up-to-date: /home/a/drone_with_mavsdk/install/plate_detection/share/plate_detection/models/experimental.py
-- Up-to-date: /home/a/drone_with_mavsdk/install/plate_detection/share/plate_detection/models/common.py
-- Up-to-date: /home/a/drone_with_mavsdk/install/plate_detection/share/plate_detection/weights
-- Up-to-date: /home/a/drone_with_mavsdk/install/plate_detection/share/plate_detection/weights/plate_detect.pt
-- Up-to-date: /home/a/drone_with_mavsdk/install/plate_detection/share/plate_detection/weights/plate_rec_color.pth
-- Up-to-date: /home/a/drone_with_mavsdk/install/plate_detection/share/plate_detection/fonts
-- Up-to-date: /home/a/drone_with_mavsdk/install/plate_detection/share/plate_detection/fonts/platech.ttf
-- Up-to-date: /home/a/drone_with_mavsdk/install/plate_detection/share/plate_detection/utils
-- Up-to-date: /home/a/drone_with_mavsdk/install/plate_detection/share/plate_detection/utils/metrics.py
-- Up-to-date: /home/a/drone_with_mavsdk/install/plate_detection/share/plate_detection/utils/torch_utils.py
-- Up-to-date: /home/a/drone_with_mavsdk/install/plate_detection/share/plate_detection/utils/__init__.py
-- Up-to-date: /home/a/drone_with_mavsdk/install/plate_detection/share/plate_detection/utils/datasets.py
-- Up-to-date: /home/a/drone_with_mavsdk/install/plate_detection/share/plate_detection/utils/google_utils.py
-- Up-to-date: /home/a/drone_with_mavsdk/install/plate_detection/share/plate_detection/utils/cv_puttext.py
-- Up-to-date: /home/a/drone_with_mavsdk/install/plate_detection/share/plate_detection/utils/autoanchor.py
-- Up-to-date: /home/a/drone_with_mavsdk/install/plate_detection/share/plate_detection/utils/plots.py
-- Up-to-date: /home/a/drone_with_mavsdk/install/plate_detection/share/plate_detection/utils/general.py
-- Up-to-date: /home/a/drone_with_mavsdk/install/plate_detection/share/plate_detection/plate_recognition
-- Up-to-date: /home/a/drone_with_mavsdk/install/plate_detection/share/plate_detection/plate_recognition/plateNet.py
-- Up-to-date: /home/a/drone_with_mavsdk/install/plate_detection/share/plate_detection/plate_recognition/plate_rec.py
-- Up-to-date: /home/a/drone_with_mavsdk/install/plate_detection/share/plate_detection/plate_recognition/double_plate_split_merge.py
-- Up-to-date: /home/a/drone_with_mavsdk/install/plate_detection/share/plate_detection/typing_patch.py
-- Up-to-date: /home/a/drone_with_mavsdk/install/plate_detection/share/ament_index/resource_index/package_run_dependencies/plate_detection
-- Up-to-date: /home/a/drone_with_mavsdk/install/plate_detection/share/ament_index/resource_index/parent_prefix_path/plate_detection
-- Up-to-date: /home/a/drone_with_mavsdk/install/plate_detection/share/plate_detection/environment/ament_prefix_path.sh
-- Up-to-date: /home/a/drone_with_mavsdk/install/plate_detection/share/plate_detection/environment/ament_prefix_path.dsv
-- Up-to-date: /home/a/drone_with_mavsdk/install/plate_detection/share/plate_detection/environment/path.sh
-- Up-to-date: /home/a/drone_with_mavsdk/install/plate_detection/share/plate_detection/environment/path.dsv
-- Up-to-date: /home/a/drone_with_mavsdk/install/plate_detection/share/plate_detection/local_setup.bash
-- Up-to-date: /home/a/drone_with_mavsdk/install/plate_detection/share/plate_detection/local_setup.sh
-- Up-to-date: /home/a/drone_with_mavsdk/install/plate_detection/share/plate_detection/local_setup.zsh
-- Up-to-date: /home/a/drone_with_mavsdk/install/plate_detection/share/plate_detection/local_setup.dsv
-- Up-to-date: /home/a/drone_with_mavsdk/install/plate_detection/share/plate_detection/package.dsv
-- Up-to-date: /home/a/drone_with_mavsdk/install/plate_detection/share/ament_index/resource_index/packages/plate_detection
-- Up-to-date: /home/a/drone_with_mavsdk/install/plate_detection/share/plate_detection/cmake/plate_detectionConfig.cmake
-- Up-to-date: /home/a/drone_with_mavsdk/install/plate_detection/share/plate_detection/cmake/plate_detectionConfig-version.cmake
-- Up-to-date: /home/a/drone_with_mavsdk/install/plate_detection/share/plate_detection/package.xml
