-- The C compiler identification is GNU 11.4.0
-- The CXX compiler identification is GNU 11.4.0
-- Detecting C compiler ABI info
-- Detecting C compiler ABI info - done
-- Check for working C compiler: /usr/bin/cc - skipped
-- Detecting C compile features
-- Detecting C compile features - done
-- Detecting CXX compiler ABI info
-- Detecting CXX compiler ABI info - done
-- Check for working CXX compiler: /usr/bin/c++ - skipped
-- Detecting CXX compile features
-- Detecting CXX compile features - done
-- Found ament_cmake: 1.3.12 (/opt/ros/humble/share/ament_cmake/cmake)
-- Found Python3: /usr/bin/python3 (found version "3.10.12") found components: Interpreter 
-- Found rosidl_default_generators: 1.2.0 (/opt/ros/humble/share/rosidl_default_generators/cmake)
-- Using all available rosidl_typesupport_c: rosidl_typesupport_fastrtps_c;rosidl_typesupport_introspection_c
-- Found rosidl_adapter: 3.1.7 (/opt/ros/humble/share/rosidl_adapter/cmake)
-- Using all available rosidl_typesupport_cpp: rosidl_typesupport_fastrtps_cpp;rosidl_typesupport_introspection_cpp
-- Found ament_cmake_ros: 0.10.0 (/opt/ros/humble/share/ament_cmake_ros/cmake)
-- Using all available rosidl_typesupport_c: rosidl_typesupport_fastrtps_c;rosidl_typesupport_introspection_c
-- Using all available rosidl_typesupport_cpp: rosidl_typesupport_fastrtps_cpp;rosidl_typesupport_introspection_cpp
-- Found PythonInterp: /usr/bin/python3 (found suitable version "3.10.12", minimum required is "3.6") 
-- Found python_cmake_module: 0.10.0 (/opt/ros/humble/share/python_cmake_module/cmake)
-- Found PythonLibs: /usr/lib/x86_64-linux-gnu/libpython3.10.so (found suitable version "3.10.12", minimum required is "3.5") 
-- Using PYTHON_EXECUTABLE: /usr/bin/python3
-- Using PYTHON_INCLUDE_DIRS: /usr/include/python3.10
-- Using PYTHON_LIBRARIES: /usr/lib/x86_64-linux-gnu/libpython3.10.so
-- Found PythonExtra: .so  
-- Found ament_lint_auto: 0.12.14 (/opt/ros/humble/share/ament_lint_auto/cmake)
-- Configuring done
-- Generating done
-- Build files have been written to: /home/a/drone_with_mavsdk/build/drone_control_interfaces
[  2%] [34m[1mGenerating C code for ROS interfaces[0m
[  4%] [34m[1mGenerating C++ code for ROS interfaces[0m
[  4%] Built target ament_cmake_python_copy_drone_control_interfaces
running egg_info
creating drone_control_interfaces.egg-info
writing drone_control_interfaces.egg-info/PKG-INFO
writing dependency_links to drone_control_interfaces.egg-info/dependency_links.txt
writing top-level names to drone_control_interfaces.egg-info/top_level.txt
writing manifest file 'drone_control_interfaces.egg-info/SOURCES.txt'
reading manifest file 'drone_control_interfaces.egg-info/SOURCES.txt'
writing manifest file 'drone_control_interfaces.egg-info/SOURCES.txt'
[  4%] Built target ament_cmake_python_build_drone_control_interfaces_egg
[  6%] [32mBuilding C object CMakeFiles/drone_control_interfaces__rosidl_generator_c.dir/rosidl_generator_c/drone_control_interfaces/srv/detail/license_info__functions.c.o[0m
[  8%] [32mBuilding C object CMakeFiles/drone_control_interfaces__rosidl_generator_c.dir/rosidl_generator_c/drone_control_interfaces/srv/detail/pos__functions.c.o[0m
[ 10%] [32mBuilding C object CMakeFiles/drone_control_interfaces__rosidl_generator_c.dir/rosidl_generator_c/drone_control_interfaces/srv/detail/nav__functions.c.o[0m
[ 10%] Built target drone_control_interfaces__cpp
[ 12%] [34m[1mGenerating C++ type support for eProsima Fast-RTPS[0m
[ 14%] [34m[1mGenerating C++ introspection for ROS interfaces[0m
[ 17%] [34m[1mGenerating C++ type support dispatch for ROS interfaces[0m
[ 19%] [32m[1mLinking C shared library libdrone_control_interfaces__rosidl_generator_c.so[0m
[ 19%] Built target drone_control_interfaces__rosidl_generator_c
[ 21%] [34m[1mGenerating C type support for eProsima Fast-RTPS[0m
[ 25%] [34m[1mGenerating C type support dispatch for ROS interfaces[0m
[ 25%] [34m[1mGenerating C introspection for ROS interfaces[0m
[ 29%] [32mBuilding CXX object CMakeFiles/drone_control_interfaces__rosidl_typesupport_cpp.dir/rosidl_typesupport_cpp/drone_control_interfaces/srv/nav__type_support.cpp.o[0m
[ 29%] [32mBuilding CXX object CMakeFiles/drone_control_interfaces__rosidl_typesupport_cpp.dir/rosidl_typesupport_cpp/drone_control_interfaces/srv/pos__type_support.cpp.o[0m
[ 31%] [32mBuilding CXX object CMakeFiles/drone_control_interfaces__rosidl_typesupport_cpp.dir/rosidl_typesupport_cpp/drone_control_interfaces/srv/license_info__type_support.cpp.o[0m
[ 34%] [32mBuilding CXX object CMakeFiles/drone_control_interfaces__rosidl_typesupport_introspection_cpp.dir/rosidl_typesupport_introspection_cpp/drone_control_interfaces/srv/detail/license_info__type_support.cpp.o[0m
[ 38%] [32mBuilding CXX object CMakeFiles/drone_control_interfaces__rosidl_typesupport_introspection_cpp.dir/rosidl_typesupport_introspection_cpp/drone_control_interfaces/srv/detail/nav__type_support.cpp.o[0m
[ 38%] [32mBuilding CXX object CMakeFiles/drone_control_interfaces__rosidl_typesupport_introspection_cpp.dir/rosidl_typesupport_introspection_cpp/drone_control_interfaces/srv/detail/pos__type_support.cpp.o[0m
[ 40%] [32mBuilding CXX object CMakeFiles/drone_control_interfaces__rosidl_typesupport_fastrtps_cpp.dir/rosidl_typesupport_fastrtps_cpp/drone_control_interfaces/srv/detail/dds_fastrtps/pos__type_support.cpp.o[0m
[ 42%] [32mBuilding CXX object CMakeFiles/drone_control_interfaces__rosidl_typesupport_fastrtps_cpp.dir/rosidl_typesupport_fastrtps_cpp/drone_control_interfaces/srv/detail/dds_fastrtps/nav__type_support.cpp.o[0m
[ 44%] [32mBuilding CXX object CMakeFiles/drone_control_interfaces__rosidl_typesupport_fastrtps_cpp.dir/rosidl_typesupport_fastrtps_cpp/drone_control_interfaces/srv/detail/dds_fastrtps/license_info__type_support.cpp.o[0m
[ 48%] [32mBuilding C object CMakeFiles/drone_control_interfaces__rosidl_typesupport_introspection_c.dir/rosidl_typesupport_introspection_c/drone_control_interfaces/srv/detail/pos__type_support.c.o[0m
[ 48%] [32mBuilding C object CMakeFiles/drone_control_interfaces__rosidl_typesupport_introspection_c.dir/rosidl_typesupport_introspection_c/drone_control_interfaces/srv/detail/license_info__type_support.c.o[0m
[ 51%] [32mBuilding C object CMakeFiles/drone_control_interfaces__rosidl_typesupport_introspection_c.dir/rosidl_typesupport_introspection_c/drone_control_interfaces/srv/detail/nav__type_support.c.o[0m
[ 53%] [32mBuilding CXX object CMakeFiles/drone_control_interfaces__rosidl_typesupport_fastrtps_c.dir/rosidl_typesupport_fastrtps_c/drone_control_interfaces/srv/detail/nav__type_support_c.cpp.o[0m
[ 55%] [32mBuilding CXX object CMakeFiles/drone_control_interfaces__rosidl_typesupport_fastrtps_c.dir/rosidl_typesupport_fastrtps_c/drone_control_interfaces/srv/detail/pos__type_support_c.cpp.o[0m
[ 57%] [32mBuilding CXX object CMakeFiles/drone_control_interfaces__rosidl_typesupport_fastrtps_c.dir/rosidl_typesupport_fastrtps_c/drone_control_interfaces/srv/detail/license_info__type_support_c.cpp.o[0m
[ 59%] [32m[1mLinking C shared library libdrone_control_interfaces__rosidl_typesupport_introspection_c.so[0m
[ 59%] Built target drone_control_interfaces__rosidl_typesupport_introspection_c
[ 61%] [32m[1mLinking CXX shared library libdrone_control_interfaces__rosidl_typesupport_cpp.so[0m
[ 65%] [32mBuilding CXX object CMakeFiles/drone_control_interfaces__rosidl_typesupport_c.dir/rosidl_typesupport_c/drone_control_interfaces/srv/nav__type_support.cpp.o[0m
[ 65%] [32mBuilding CXX object CMakeFiles/drone_control_interfaces__rosidl_typesupport_c.dir/rosidl_typesupport_c/drone_control_interfaces/srv/pos__type_support.cpp.o[0m
[ 68%] [32mBuilding CXX object CMakeFiles/drone_control_interfaces__rosidl_typesupport_c.dir/rosidl_typesupport_c/drone_control_interfaces/srv/license_info__type_support.cpp.o[0m
[ 68%] Built target drone_control_interfaces__rosidl_typesupport_cpp
[ 70%] [32m[1mLinking CXX shared library libdrone_control_interfaces__rosidl_typesupport_c.so[0m
[ 70%] Built target drone_control_interfaces__rosidl_typesupport_c
[ 72%] [32m[1mLinking CXX shared library libdrone_control_interfaces__rosidl_typesupport_fastrtps_c.so[0m
[ 72%] Built target drone_control_interfaces__rosidl_typesupport_fastrtps_c
[ 74%] [32m[1mLinking CXX shared library libdrone_control_interfaces__rosidl_typesupport_fastrtps_cpp.so[0m
[ 76%] [32m[1mLinking CXX shared library libdrone_control_interfaces__rosidl_typesupport_introspection_cpp.so[0m
[ 76%] Built target drone_control_interfaces__rosidl_typesupport_fastrtps_cpp
[ 76%] Built target drone_control_interfaces__rosidl_typesupport_introspection_cpp
[ 76%] Built target drone_control_interfaces
[ 78%] [34m[1mGenerating Python code for ROS interfaces[0m
[ 78%] Built target drone_control_interfaces__py
[ 85%] [32mBuilding C object CMakeFiles/drone_control_interfaces__rosidl_generator_py.dir/rosidl_generator_py/drone_control_interfaces/srv/_pos_s.c.o[0m
[ 85%] [32mBuilding C object CMakeFiles/drone_control_interfaces__rosidl_generator_py.dir/rosidl_generator_py/drone_control_interfaces/srv/_license_info_s.c.o[0m
[ 85%] [32mBuilding C object CMakeFiles/drone_control_interfaces__rosidl_generator_py.dir/rosidl_generator_py/drone_control_interfaces/srv/_nav_s.c.o[0m
[ 87%] [32m[1mLinking C shared library rosidl_generator_py/drone_control_interfaces/libdrone_control_interfaces__rosidl_generator_py.so[0m
[ 87%] Built target drone_control_interfaces__rosidl_generator_py
[ 89%] [32mBuilding C object CMakeFiles/drone_control_interfaces__rosidl_typesupport_fastrtps_c__pyext.dir/rosidl_generator_py/drone_control_interfaces/_drone_control_interfaces_s.ep.rosidl_typesupport_fastrtps_c.c.o[0m
[ 91%] [32mBuilding C object CMakeFiles/drone_control_interfaces__rosidl_typesupport_introspection_c__pyext.dir/rosidl_generator_py/drone_control_interfaces/_drone_control_interfaces_s.ep.rosidl_typesupport_introspection_c.c.o[0m
[ 93%] [32mBuilding C object CMakeFiles/drone_control_interfaces__rosidl_typesupport_c__pyext.dir/rosidl_generator_py/drone_control_interfaces/_drone_control_interfaces_s.ep.rosidl_typesupport_c.c.o[0m
[ 95%] [32m[1mLinking C shared library rosidl_generator_py/drone_control_interfaces/drone_control_interfaces_s__rosidl_typesupport_introspection_c.cpython-310-x86_64-linux-gnu.so[0m
[ 97%] [32m[1mLinking C shared library rosidl_generator_py/drone_control_interfaces/drone_control_interfaces_s__rosidl_typesupport_c.cpython-310-x86_64-linux-gnu.so[0m
[100%] [32m[1mLinking C shared library rosidl_generator_py/drone_control_interfaces/drone_control_interfaces_s__rosidl_typesupport_fastrtps_c.cpython-310-x86_64-linux-gnu.so[0m
[100%] Built target drone_control_interfaces__rosidl_typesupport_c__pyext
[100%] Built target drone_control_interfaces__rosidl_typesupport_introspection_c__pyext
[100%] Built target drone_control_interfaces__rosidl_typesupport_fastrtps_c__pyext
-- Install configuration: ""
-- Installing: /home/a/drone_with_mavsdk/install/drone_control_interfaces/share/ament_index/resource_index/rosidl_interfaces/drone_control_interfaces
-- Installing: /home/a/drone_with_mavsdk/install/drone_control_interfaces/include/drone_control_interfaces/drone_control_interfaces
-- Installing: /home/a/drone_with_mavsdk/install/drone_control_interfaces/include/drone_control_interfaces/drone_control_interfaces/srv
-- Installing: /home/a/drone_with_mavsdk/install/drone_control_interfaces/include/drone_control_interfaces/drone_control_interfaces/srv/nav.h
-- Installing: /home/a/drone_with_mavsdk/install/drone_control_interfaces/include/drone_control_interfaces/drone_control_interfaces/srv/detail
-- Installing: /home/a/drone_with_mavsdk/install/drone_control_interfaces/include/drone_control_interfaces/drone_control_interfaces/srv/detail/pos__type_support.h
-- Installing: /home/a/drone_with_mavsdk/install/drone_control_interfaces/include/drone_control_interfaces/drone_control_interfaces/srv/detail/nav__functions.c
-- Installing: /home/a/drone_with_mavsdk/install/drone_control_interfaces/include/drone_control_interfaces/drone_control_interfaces/srv/detail/nav__type_support.h
-- Installing: /home/a/drone_with_mavsdk/install/drone_control_interfaces/include/drone_control_interfaces/drone_control_interfaces/srv/detail/nav__struct.h
-- Installing: /home/a/drone_with_mavsdk/install/drone_control_interfaces/include/drone_control_interfaces/drone_control_interfaces/srv/detail/license_info__functions.h
-- Installing: /home/a/drone_with_mavsdk/install/drone_control_interfaces/include/drone_control_interfaces/drone_control_interfaces/srv/detail/pos__functions.c
-- Installing: /home/a/drone_with_mavsdk/install/drone_control_interfaces/include/drone_control_interfaces/drone_control_interfaces/srv/detail/nav__functions.h
-- Installing: /home/a/drone_with_mavsdk/install/drone_control_interfaces/include/drone_control_interfaces/drone_control_interfaces/srv/detail/license_info__struct.h
-- Installing: /home/a/drone_with_mavsdk/install/drone_control_interfaces/include/drone_control_interfaces/drone_control_interfaces/srv/detail/license_info__functions.c
-- Installing: /home/a/drone_with_mavsdk/install/drone_control_interfaces/include/drone_control_interfaces/drone_control_interfaces/srv/detail/pos__functions.h
-- Installing: /home/a/drone_with_mavsdk/install/drone_control_interfaces/include/drone_control_interfaces/drone_control_interfaces/srv/detail/license_info__type_support.h
-- Installing: /home/a/drone_with_mavsdk/install/drone_control_interfaces/include/drone_control_interfaces/drone_control_interfaces/srv/detail/pos__struct.h
-- Installing: /home/a/drone_with_mavsdk/install/drone_control_interfaces/include/drone_control_interfaces/drone_control_interfaces/srv/license_info.h
-- Installing: /home/a/drone_with_mavsdk/install/drone_control_interfaces/include/drone_control_interfaces/drone_control_interfaces/srv/pos.h
-- Installing: /home/a/drone_with_mavsdk/install/drone_control_interfaces/include/drone_control_interfaces/drone_control_interfaces/msg
-- Installing: /home/a/drone_with_mavsdk/install/drone_control_interfaces/include/drone_control_interfaces/drone_control_interfaces/msg/rosidl_generator_c__visibility_control.h
-- Installing: /home/a/drone_with_mavsdk/install/drone_control_interfaces/share/drone_control_interfaces/environment/library_path.sh
-- Installing: /home/a/drone_with_mavsdk/install/drone_control_interfaces/share/drone_control_interfaces/environment/library_path.dsv
-- Installing: /home/a/drone_with_mavsdk/install/drone_control_interfaces/lib/libdrone_control_interfaces__rosidl_generator_c.so
-- Set runtime path of "/home/a/drone_with_mavsdk/install/drone_control_interfaces/lib/libdrone_control_interfaces__rosidl_generator_c.so" to ""
-- Up-to-date: /home/a/drone_with_mavsdk/install/drone_control_interfaces/include/drone_control_interfaces/drone_control_interfaces
-- Up-to-date: /home/a/drone_with_mavsdk/install/drone_control_interfaces/include/drone_control_interfaces/drone_control_interfaces/srv
-- Up-to-date: /home/a/drone_with_mavsdk/install/drone_control_interfaces/include/drone_control_interfaces/drone_control_interfaces/srv/detail
-- Installing: /home/a/drone_with_mavsdk/install/drone_control_interfaces/include/drone_control_interfaces/drone_control_interfaces/srv/detail/license_info__rosidl_typesupport_fastrtps_c.h
-- Installing: /home/a/drone_with_mavsdk/install/drone_control_interfaces/include/drone_control_interfaces/drone_control_interfaces/srv/detail/pos__rosidl_typesupport_fastrtps_c.h
-- Installing: /home/a/drone_with_mavsdk/install/drone_control_interfaces/include/drone_control_interfaces/drone_control_interfaces/srv/detail/nav__rosidl_typesupport_fastrtps_c.h
-- Up-to-date: /home/a/drone_with_mavsdk/install/drone_control_interfaces/include/drone_control_interfaces/drone_control_interfaces/msg
-- Installing: /home/a/drone_with_mavsdk/install/drone_control_interfaces/include/drone_control_interfaces/drone_control_interfaces/msg/rosidl_typesupport_fastrtps_c__visibility_control.h
-- Installing: /home/a/drone_with_mavsdk/install/drone_control_interfaces/lib/libdrone_control_interfaces__rosidl_typesupport_fastrtps_c.so
-- Set runtime path of "/home/a/drone_with_mavsdk/install/drone_control_interfaces/lib/libdrone_control_interfaces__rosidl_typesupport_fastrtps_c.so" to ""
-- Up-to-date: /home/a/drone_with_mavsdk/install/drone_control_interfaces/include/drone_control_interfaces/drone_control_interfaces
-- Up-to-date: /home/a/drone_with_mavsdk/install/drone_control_interfaces/include/drone_control_interfaces/drone_control_interfaces/srv
-- Up-to-date: /home/a/drone_with_mavsdk/install/drone_control_interfaces/include/drone_control_interfaces/drone_control_interfaces/srv/detail
-- Installing: /home/a/drone_with_mavsdk/install/drone_control_interfaces/include/drone_control_interfaces/drone_control_interfaces/srv/detail/nav__type_support.c
-- Installing: /home/a/drone_with_mavsdk/install/drone_control_interfaces/include/drone_control_interfaces/drone_control_interfaces/srv/detail/license_info__type_support.c
-- Installing: /home/a/drone_with_mavsdk/install/drone_control_interfaces/include/drone_control_interfaces/drone_control_interfaces/srv/detail/pos__rosidl_typesupport_introspection_c.h
-- Installing: /home/a/drone_with_mavsdk/install/drone_control_interfaces/include/drone_control_interfaces/drone_control_interfaces/srv/detail/nav__rosidl_typesupport_introspection_c.h
-- Installing: /home/a/drone_with_mavsdk/install/drone_control_interfaces/include/drone_control_interfaces/drone_control_interfaces/srv/detail/pos__type_support.c
-- Installing: /home/a/drone_with_mavsdk/install/drone_control_interfaces/include/drone_control_interfaces/drone_control_interfaces/srv/detail/license_info__rosidl_typesupport_introspection_c.h
-- Up-to-date: /home/a/drone_with_mavsdk/install/drone_control_interfaces/include/drone_control_interfaces/drone_control_interfaces/msg
-- Installing: /home/a/drone_with_mavsdk/install/drone_control_interfaces/include/drone_control_interfaces/drone_control_interfaces/msg/rosidl_typesupport_introspection_c__visibility_control.h
-- Installing: /home/a/drone_with_mavsdk/install/drone_control_interfaces/lib/libdrone_control_interfaces__rosidl_typesupport_introspection_c.so
-- Set runtime path of "/home/a/drone_with_mavsdk/install/drone_control_interfaces/lib/libdrone_control_interfaces__rosidl_typesupport_introspection_c.so" to ""
-- Installing: /home/a/drone_with_mavsdk/install/drone_control_interfaces/lib/libdrone_control_interfaces__rosidl_typesupport_c.so
-- Set runtime path of "/home/a/drone_with_mavsdk/install/drone_control_interfaces/lib/libdrone_control_interfaces__rosidl_typesupport_c.so" to ""
-- Up-to-date: /home/a/drone_with_mavsdk/install/drone_control_interfaces/include/drone_control_interfaces/drone_control_interfaces
-- Up-to-date: /home/a/drone_with_mavsdk/install/drone_control_interfaces/include/drone_control_interfaces/drone_control_interfaces/srv
-- Installing: /home/a/drone_with_mavsdk/install/drone_control_interfaces/include/drone_control_interfaces/drone_control_interfaces/srv/pos.hpp
-- Up-to-date: /home/a/drone_with_mavsdk/install/drone_control_interfaces/include/drone_control_interfaces/drone_control_interfaces/srv/detail
-- Installing: /home/a/drone_with_mavsdk/install/drone_control_interfaces/include/drone_control_interfaces/drone_control_interfaces/srv/detail/license_info__struct.hpp
-- Installing: /home/a/drone_with_mavsdk/install/drone_control_interfaces/include/drone_control_interfaces/drone_control_interfaces/srv/detail/pos__traits.hpp
-- Installing: /home/a/drone_with_mavsdk/install/drone_control_interfaces/include/drone_control_interfaces/drone_control_interfaces/srv/detail/license_info__traits.hpp
-- Installing: /home/a/drone_with_mavsdk/install/drone_control_interfaces/include/drone_control_interfaces/drone_control_interfaces/srv/detail/nav__struct.hpp
-- Installing: /home/a/drone_with_mavsdk/install/drone_control_interfaces/include/drone_control_interfaces/drone_control_interfaces/srv/detail/pos__builder.hpp
-- Installing: /home/a/drone_with_mavsdk/install/drone_control_interfaces/include/drone_control_interfaces/drone_control_interfaces/srv/detail/pos__struct.hpp
-- Installing: /home/a/drone_with_mavsdk/install/drone_control_interfaces/include/drone_control_interfaces/drone_control_interfaces/srv/detail/nav__type_support.hpp
-- Installing: /home/a/drone_with_mavsdk/install/drone_control_interfaces/include/drone_control_interfaces/drone_control_interfaces/srv/detail/license_info__builder.hpp
-- Installing: /home/a/drone_with_mavsdk/install/drone_control_interfaces/include/drone_control_interfaces/drone_control_interfaces/srv/detail/pos__type_support.hpp
-- Installing: /home/a/drone_with_mavsdk/install/drone_control_interfaces/include/drone_control_interfaces/drone_control_interfaces/srv/detail/license_info__type_support.hpp
-- Installing: /home/a/drone_with_mavsdk/install/drone_control_interfaces/include/drone_control_interfaces/drone_control_interfaces/srv/detail/nav__builder.hpp
-- Installing: /home/a/drone_with_mavsdk/install/drone_control_interfaces/include/drone_control_interfaces/drone_control_interfaces/srv/detail/nav__traits.hpp
-- Installing: /home/a/drone_with_mavsdk/install/drone_control_interfaces/include/drone_control_interfaces/drone_control_interfaces/srv/license_info.hpp
-- Installing: /home/a/drone_with_mavsdk/install/drone_control_interfaces/include/drone_control_interfaces/drone_control_interfaces/srv/nav.hpp
-- Up-to-date: /home/a/drone_with_mavsdk/install/drone_control_interfaces/include/drone_control_interfaces/drone_control_interfaces/msg
-- Installing: /home/a/drone_with_mavsdk/install/drone_control_interfaces/include/drone_control_interfaces/drone_control_interfaces/msg/rosidl_generator_cpp__visibility_control.hpp
-- Up-to-date: /home/a/drone_with_mavsdk/install/drone_control_interfaces/include/drone_control_interfaces/drone_control_interfaces
-- Up-to-date: /home/a/drone_with_mavsdk/install/drone_control_interfaces/include/drone_control_interfaces/drone_control_interfaces/srv
-- Up-to-date: /home/a/drone_with_mavsdk/install/drone_control_interfaces/include/drone_control_interfaces/drone_control_interfaces/srv/detail
-- Installing: /home/a/drone_with_mavsdk/install/drone_control_interfaces/include/drone_control_interfaces/drone_control_interfaces/srv/detail/license_info__rosidl_typesupport_fastrtps_cpp.hpp
-- Installing: /home/a/drone_with_mavsdk/install/drone_control_interfaces/include/drone_control_interfaces/drone_control_interfaces/srv/detail/dds_fastrtps
-- Installing: /home/a/drone_with_mavsdk/install/drone_control_interfaces/include/drone_control_interfaces/drone_control_interfaces/srv/detail/pos__rosidl_typesupport_fastrtps_cpp.hpp
-- Installing: /home/a/drone_with_mavsdk/install/drone_control_interfaces/include/drone_control_interfaces/drone_control_interfaces/srv/detail/nav__rosidl_typesupport_fastrtps_cpp.hpp
-- Up-to-date: /home/a/drone_with_mavsdk/install/drone_control_interfaces/include/drone_control_interfaces/drone_control_interfaces/msg
-- Installing: /home/a/drone_with_mavsdk/install/drone_control_interfaces/include/drone_control_interfaces/drone_control_interfaces/msg/rosidl_typesupport_fastrtps_cpp__visibility_control.h
-- Installing: /home/a/drone_with_mavsdk/install/drone_control_interfaces/lib/libdrone_control_interfaces__rosidl_typesupport_fastrtps_cpp.so
-- Set runtime path of "/home/a/drone_with_mavsdk/install/drone_control_interfaces/lib/libdrone_control_interfaces__rosidl_typesupport_fastrtps_cpp.so" to ""
-- Up-to-date: /home/a/drone_with_mavsdk/install/drone_control_interfaces/include/drone_control_interfaces/drone_control_interfaces
-- Up-to-date: /home/a/drone_with_mavsdk/install/drone_control_interfaces/include/drone_control_interfaces/drone_control_interfaces/srv
-- Up-to-date: /home/a/drone_with_mavsdk/install/drone_control_interfaces/include/drone_control_interfaces/drone_control_interfaces/srv/detail
-- Installing: /home/a/drone_with_mavsdk/install/drone_control_interfaces/include/drone_control_interfaces/drone_control_interfaces/srv/detail/nav__type_support.cpp
-- Installing: /home/a/drone_with_mavsdk/install/drone_control_interfaces/include/drone_control_interfaces/drone_control_interfaces/srv/detail/license_info__type_support.cpp
-- Installing: /home/a/drone_with_mavsdk/install/drone_control_interfaces/include/drone_control_interfaces/drone_control_interfaces/srv/detail/pos__type_support.cpp
-- Installing: /home/a/drone_with_mavsdk/install/drone_control_interfaces/include/drone_control_interfaces/drone_control_interfaces/srv/detail/nav__rosidl_typesupport_introspection_cpp.hpp
-- Installing: /home/a/drone_with_mavsdk/install/drone_control_interfaces/include/drone_control_interfaces/drone_control_interfaces/srv/detail/license_info__rosidl_typesupport_introspection_cpp.hpp
-- Installing: /home/a/drone_with_mavsdk/install/drone_control_interfaces/include/drone_control_interfaces/drone_control_interfaces/srv/detail/pos__rosidl_typesupport_introspection_cpp.hpp
-- Installing: /home/a/drone_with_mavsdk/install/drone_control_interfaces/lib/libdrone_control_interfaces__rosidl_typesupport_introspection_cpp.so
-- Set runtime path of "/home/a/drone_with_mavsdk/install/drone_control_interfaces/lib/libdrone_control_interfaces__rosidl_typesupport_introspection_cpp.so" to ""
-- Installing: /home/a/drone_with_mavsdk/install/drone_control_interfaces/lib/libdrone_control_interfaces__rosidl_typesupport_cpp.so
-- Set runtime path of "/home/a/drone_with_mavsdk/install/drone_control_interfaces/lib/libdrone_control_interfaces__rosidl_typesupport_cpp.so" to ""
-- Installing: /home/a/drone_with_mavsdk/install/drone_control_interfaces/share/drone_control_interfaces/environment/pythonpath.sh
-- Installing: /home/a/drone_with_mavsdk/install/drone_control_interfaces/share/drone_control_interfaces/environment/pythonpath.dsv
-- Installing: /home/a/drone_with_mavsdk/install/drone_control_interfaces/local/lib/python3.10/dist-packages/drone_control_interfaces-0.0.0-py3.10.egg-info
-- Installing: /home/a/drone_with_mavsdk/install/drone_control_interfaces/local/lib/python3.10/dist-packages/drone_control_interfaces-0.0.0-py3.10.egg-info/top_level.txt
-- Installing: /home/a/drone_with_mavsdk/install/drone_control_interfaces/local/lib/python3.10/dist-packages/drone_control_interfaces-0.0.0-py3.10.egg-info/SOURCES.txt
-- Installing: /home/a/drone_with_mavsdk/install/drone_control_interfaces/local/lib/python3.10/dist-packages/drone_control_interfaces-0.0.0-py3.10.egg-info/dependency_links.txt
-- Installing: /home/a/drone_with_mavsdk/install/drone_control_interfaces/local/lib/python3.10/dist-packages/drone_control_interfaces-0.0.0-py3.10.egg-info/PKG-INFO
-- Installing: /home/a/drone_with_mavsdk/install/drone_control_interfaces/local/lib/python3.10/dist-packages/drone_control_interfaces
-- Installing: /home/a/drone_with_mavsdk/install/drone_control_interfaces/local/lib/python3.10/dist-packages/drone_control_interfaces/drone_control_interfaces_s__rosidl_typesupport_fastrtps_c.cpython-310-x86_64-linux-gnu.so
-- Installing: /home/a/drone_with_mavsdk/install/drone_control_interfaces/local/lib/python3.10/dist-packages/drone_control_interfaces/srv
-- Installing: /home/a/drone_with_mavsdk/install/drone_control_interfaces/local/lib/python3.10/dist-packages/drone_control_interfaces/srv/__init__.py
-- Installing: /home/a/drone_with_mavsdk/install/drone_control_interfaces/local/lib/python3.10/dist-packages/drone_control_interfaces/srv/_license_info_s.c
-- Installing: /home/a/drone_with_mavsdk/install/drone_control_interfaces/local/lib/python3.10/dist-packages/drone_control_interfaces/srv/_license_info.py
-- Installing: /home/a/drone_with_mavsdk/install/drone_control_interfaces/local/lib/python3.10/dist-packages/drone_control_interfaces/srv/_nav.py
-- Installing: /home/a/drone_with_mavsdk/install/drone_control_interfaces/local/lib/python3.10/dist-packages/drone_control_interfaces/srv/_pos.py
-- Installing: /home/a/drone_with_mavsdk/install/drone_control_interfaces/local/lib/python3.10/dist-packages/drone_control_interfaces/srv/_pos_s.c
-- Installing: /home/a/drone_with_mavsdk/install/drone_control_interfaces/local/lib/python3.10/dist-packages/drone_control_interfaces/srv/_nav_s.c
-- Installing: /home/a/drone_with_mavsdk/install/drone_control_interfaces/local/lib/python3.10/dist-packages/drone_control_interfaces/__init__.py
-- Installing: /home/a/drone_with_mavsdk/install/drone_control_interfaces/local/lib/python3.10/dist-packages/drone_control_interfaces/_drone_control_interfaces_s.ep.rosidl_typesupport_fastrtps_c.c
-- Installing: /home/a/drone_with_mavsdk/install/drone_control_interfaces/local/lib/python3.10/dist-packages/drone_control_interfaces/drone_control_interfaces_s__rosidl_typesupport_c.cpython-310-x86_64-linux-gnu.so
-- Installing: /home/a/drone_with_mavsdk/install/drone_control_interfaces/local/lib/python3.10/dist-packages/drone_control_interfaces/_drone_control_interfaces_s.ep.rosidl_typesupport_introspection_c.c
-- Installing: /home/a/drone_with_mavsdk/install/drone_control_interfaces/local/lib/python3.10/dist-packages/drone_control_interfaces/_drone_control_interfaces_s.ep.rosidl_typesupport_c.c
-- Installing: /home/a/drone_with_mavsdk/install/drone_control_interfaces/local/lib/python3.10/dist-packages/drone_control_interfaces/libdrone_control_interfaces__rosidl_generator_py.so
-- Installing: /home/a/drone_with_mavsdk/install/drone_control_interfaces/local/lib/python3.10/dist-packages/drone_control_interfaces/drone_control_interfaces_s__rosidl_typesupport_introspection_c.cpython-310-x86_64-linux-gnu.so
Listing '/home/a/drone_with_mavsdk/install/drone_control_interfaces/local/lib/python3.10/dist-packages/drone_control_interfaces'...
Compiling '/home/a/drone_with_mavsdk/install/drone_control_interfaces/local/lib/python3.10/dist-packages/drone_control_interfaces/__init__.py'...
Listing '/home/a/drone_with_mavsdk/install/drone_control_interfaces/local/lib/python3.10/dist-packages/drone_control_interfaces/srv'...
Compiling '/home/a/drone_with_mavsdk/install/drone_control_interfaces/local/lib/python3.10/dist-packages/drone_control_interfaces/srv/__init__.py'...
Compiling '/home/a/drone_with_mavsdk/install/drone_control_interfaces/local/lib/python3.10/dist-packages/drone_control_interfaces/srv/_license_info.py'...
Compiling '/home/a/drone_with_mavsdk/install/drone_control_interfaces/local/lib/python3.10/dist-packages/drone_control_interfaces/srv/_nav.py'...
Compiling '/home/a/drone_with_mavsdk/install/drone_control_interfaces/local/lib/python3.10/dist-packages/drone_control_interfaces/srv/_pos.py'...
-- Installing: /home/a/drone_with_mavsdk/install/drone_control_interfaces/local/lib/python3.10/dist-packages/drone_control_interfaces/drone_control_interfaces_s__rosidl_typesupport_fastrtps_c.cpython-310-x86_64-linux-gnu.so
-- Set runtime path of "/home/a/drone_with_mavsdk/install/drone_control_interfaces/local/lib/python3.10/dist-packages/drone_control_interfaces/drone_control_interfaces_s__rosidl_typesupport_fastrtps_c.cpython-310-x86_64-linux-gnu.so" to ""
-- Installing: /home/a/drone_with_mavsdk/install/drone_control_interfaces/local/lib/python3.10/dist-packages/drone_control_interfaces/drone_control_interfaces_s__rosidl_typesupport_introspection_c.cpython-310-x86_64-linux-gnu.so
-- Set runtime path of "/home/a/drone_with_mavsdk/install/drone_control_interfaces/local/lib/python3.10/dist-packages/drone_control_interfaces/drone_control_interfaces_s__rosidl_typesupport_introspection_c.cpython-310-x86_64-linux-gnu.so" to ""
-- Installing: /home/a/drone_with_mavsdk/install/drone_control_interfaces/local/lib/python3.10/dist-packages/drone_control_interfaces/drone_control_interfaces_s__rosidl_typesupport_c.cpython-310-x86_64-linux-gnu.so
-- Set runtime path of "/home/a/drone_with_mavsdk/install/drone_control_interfaces/local/lib/python3.10/dist-packages/drone_control_interfaces/drone_control_interfaces_s__rosidl_typesupport_c.cpython-310-x86_64-linux-gnu.so" to ""
-- Installing: /home/a/drone_with_mavsdk/install/drone_control_interfaces/lib/libdrone_control_interfaces__rosidl_generator_py.so
-- Set runtime path of "/home/a/drone_with_mavsdk/install/drone_control_interfaces/lib/libdrone_control_interfaces__rosidl_generator_py.so" to ""
-- Installing: /home/a/drone_with_mavsdk/install/drone_control_interfaces/share/drone_control_interfaces/srv/Pos.idl
-- Installing: /home/a/drone_with_mavsdk/install/drone_control_interfaces/share/drone_control_interfaces/srv/Nav.idl
-- Installing: /home/a/drone_with_mavsdk/install/drone_control_interfaces/share/drone_control_interfaces/srv/LicenseInfo.idl
-- Installing: /home/a/drone_with_mavsdk/install/drone_control_interfaces/share/drone_control_interfaces/interface/Pos.srv
-- Installing: /home/a/drone_with_mavsdk/install/drone_control_interfaces/share/drone_control_interfaces/interface/Pos_Request.msg
-- Installing: /home/a/drone_with_mavsdk/install/drone_control_interfaces/share/drone_control_interfaces/interface/Pos_Response.msg
-- Installing: /home/a/drone_with_mavsdk/install/drone_control_interfaces/share/drone_control_interfaces/interface/Nav.srv
-- Installing: /home/a/drone_with_mavsdk/install/drone_control_interfaces/share/drone_control_interfaces/interface/Nav_Request.msg
-- Installing: /home/a/drone_with_mavsdk/install/drone_control_interfaces/share/drone_control_interfaces/interface/Nav_Response.msg
-- Installing: /home/a/drone_with_mavsdk/install/drone_control_interfaces/share/drone_control_interfaces/interface/LicenseInfo.srv
-- Installing: /home/a/drone_with_mavsdk/install/drone_control_interfaces/share/drone_control_interfaces/interface/LicenseInfo_Request.msg
-- Installing: /home/a/drone_with_mavsdk/install/drone_control_interfaces/share/drone_control_interfaces/interface/LicenseInfo_Response.msg
-- Installing: /home/a/drone_with_mavsdk/install/drone_control_interfaces/share/ament_index/resource_index/package_run_dependencies/drone_control_interfaces
-- Installing: /home/a/drone_with_mavsdk/install/drone_control_interfaces/share/ament_index/resource_index/parent_prefix_path/drone_control_interfaces
-- Installing: /home/a/drone_with_mavsdk/install/drone_control_interfaces/share/drone_control_interfaces/environment/ament_prefix_path.sh
-- Installing: /home/a/drone_with_mavsdk/install/drone_control_interfaces/share/drone_control_interfaces/environment/ament_prefix_path.dsv
-- Installing: /home/a/drone_with_mavsdk/install/drone_control_interfaces/share/drone_control_interfaces/environment/path.sh
-- Installing: /home/a/drone_with_mavsdk/install/drone_control_interfaces/share/drone_control_interfaces/environment/path.dsv
-- Installing: /home/a/drone_with_mavsdk/install/drone_control_interfaces/share/drone_control_interfaces/local_setup.bash
-- Installing: /home/a/drone_with_mavsdk/install/drone_control_interfaces/share/drone_control_interfaces/local_setup.sh
-- Installing: /home/a/drone_with_mavsdk/install/drone_control_interfaces/share/drone_control_interfaces/local_setup.zsh
-- Installing: /home/a/drone_with_mavsdk/install/drone_control_interfaces/share/drone_control_interfaces/local_setup.dsv
-- Installing: /home/a/drone_with_mavsdk/install/drone_control_interfaces/share/drone_control_interfaces/package.dsv
-- Installing: /home/a/drone_with_mavsdk/install/drone_control_interfaces/share/ament_index/resource_index/packages/drone_control_interfaces
-- Installing: /home/a/drone_with_mavsdk/install/drone_control_interfaces/share/drone_control_interfaces/cmake/export_drone_control_interfaces__rosidl_generator_cExport.cmake
-- Installing: /home/a/drone_with_mavsdk/install/drone_control_interfaces/share/drone_control_interfaces/cmake/export_drone_control_interfaces__rosidl_generator_cExport-noconfig.cmake
-- Installing: /home/a/drone_with_mavsdk/install/drone_control_interfaces/share/drone_control_interfaces/cmake/export_drone_control_interfaces__rosidl_typesupport_fastrtps_cExport.cmake
-- Installing: /home/a/drone_with_mavsdk/install/drone_control_interfaces/share/drone_control_interfaces/cmake/export_drone_control_interfaces__rosidl_typesupport_fastrtps_cExport-noconfig.cmake
-- Installing: /home/a/drone_with_mavsdk/install/drone_control_interfaces/share/drone_control_interfaces/cmake/drone_control_interfaces__rosidl_typesupport_introspection_cExport.cmake
-- Installing: /home/a/drone_with_mavsdk/install/drone_control_interfaces/share/drone_control_interfaces/cmake/drone_control_interfaces__rosidl_typesupport_introspection_cExport-noconfig.cmake
-- Installing: /home/a/drone_with_mavsdk/install/drone_control_interfaces/share/drone_control_interfaces/cmake/drone_control_interfaces__rosidl_typesupport_cExport.cmake
-- Installing: /home/a/drone_with_mavsdk/install/drone_control_interfaces/share/drone_control_interfaces/cmake/drone_control_interfaces__rosidl_typesupport_cExport-noconfig.cmake
-- Installing: /home/a/drone_with_mavsdk/install/drone_control_interfaces/share/drone_control_interfaces/cmake/export_drone_control_interfaces__rosidl_generator_cppExport.cmake
-- Installing: /home/a/drone_with_mavsdk/install/drone_control_interfaces/share/drone_control_interfaces/cmake/export_drone_control_interfaces__rosidl_typesupport_fastrtps_cppExport.cmake
-- Installing: /home/a/drone_with_mavsdk/install/drone_control_interfaces/share/drone_control_interfaces/cmake/export_drone_control_interfaces__rosidl_typesupport_fastrtps_cppExport-noconfig.cmake
-- Installing: /home/a/drone_with_mavsdk/install/drone_control_interfaces/share/drone_control_interfaces/cmake/drone_control_interfaces__rosidl_typesupport_introspection_cppExport.cmake
-- Installing: /home/a/drone_with_mavsdk/install/drone_control_interfaces/share/drone_control_interfaces/cmake/drone_control_interfaces__rosidl_typesupport_introspection_cppExport-noconfig.cmake
-- Installing: /home/a/drone_with_mavsdk/install/drone_control_interfaces/share/drone_control_interfaces/cmake/drone_control_interfaces__rosidl_typesupport_cppExport.cmake
-- Installing: /home/a/drone_with_mavsdk/install/drone_control_interfaces/share/drone_control_interfaces/cmake/drone_control_interfaces__rosidl_typesupport_cppExport-noconfig.cmake
-- Installing: /home/a/drone_with_mavsdk/install/drone_control_interfaces/share/drone_control_interfaces/cmake/export_drone_control_interfaces__rosidl_generator_pyExport.cmake
-- Installing: /home/a/drone_with_mavsdk/install/drone_control_interfaces/share/drone_control_interfaces/cmake/export_drone_control_interfaces__rosidl_generator_pyExport-noconfig.cmake
-- Installing: /home/a/drone_with_mavsdk/install/drone_control_interfaces/share/drone_control_interfaces/cmake/rosidl_cmake-extras.cmake
-- Installing: /home/a/drone_with_mavsdk/install/drone_control_interfaces/share/drone_control_interfaces/cmake/ament_cmake_export_include_directories-extras.cmake
-- Installing: /home/a/drone_with_mavsdk/install/drone_control_interfaces/share/drone_control_interfaces/cmake/ament_cmake_export_libraries-extras.cmake
-- Installing: /home/a/drone_with_mavsdk/install/drone_control_interfaces/share/drone_control_interfaces/cmake/ament_cmake_export_targets-extras.cmake
-- Installing: /home/a/drone_with_mavsdk/install/drone_control_interfaces/share/drone_control_interfaces/cmake/rosidl_cmake_export_typesupport_targets-extras.cmake
-- Installing: /home/a/drone_with_mavsdk/install/drone_control_interfaces/share/drone_control_interfaces/cmake/ament_cmake_export_dependencies-extras.cmake
-- Installing: /home/a/drone_with_mavsdk/install/drone_control_interfaces/share/drone_control_interfaces/cmake/rosidl_cmake_export_typesupport_libraries-extras.cmake
-- Installing: /home/a/drone_with_mavsdk/install/drone_control_interfaces/share/drone_control_interfaces/cmake/drone_control_interfacesConfig.cmake
-- Installing: /home/a/drone_with_mavsdk/install/drone_control_interfaces/share/drone_control_interfaces/cmake/drone_control_interfacesConfig-version.cmake
-- Installing: /home/a/drone_with_mavsdk/install/drone_control_interfaces/share/drone_control_interfaces/package.xml
