[0.014s] Invoking command in '/home/a/drone_with_mavsdk/build/drone_control_interfaces': CMAKE_PREFIX_PATH=${CMAKE_PREFIX_PATH}:/home/a/land_ws/install/pid_test:/home/a/land_ws/install/opencv_tests:/home/a/land_ws/install/drone_control:/opt/ros/humble /usr/bin/cmake /home/a/drone_with_mavsdk/src/drone_control_interfaces -DCMAKE_INSTALL_PREFIX=/home/a/drone_with_mavsdk/install/drone_control_interfaces
[0.078s] -- The C compiler identification is GNU 11.4.0
[0.124s] -- The CXX compiler identification is GNU 11.4.0
[0.128s] -- Detecting C compiler ABI info
[0.168s] -- Detecting C compiler ABI info - done
[0.173s] -- Check for working C compiler: /usr/bin/cc - skipped
[0.173s] -- Detecting C compile features
[0.173s] -- Detecting C compile features - done
[0.174s] -- Detecting CXX compiler ABI info
[0.217s] -- Detecting CXX compiler ABI info - done
[0.222s] -- Check for working CXX compiler: /usr/bin/c++ - skipped
[0.223s] -- Detecting CXX compile features
[0.223s] -- Detecting CXX compile features - done
[0.227s] -- Found ament_cmake: 1.3.12 (/opt/ros/humble/share/ament_cmake/cmake)
[0.412s] -- Found Python3: /usr/bin/python3 (found version "3.10.12") found components: Interpreter 
[0.466s] -- Found rosidl_default_generators: 1.2.0 (/opt/ros/humble/share/rosidl_default_generators/cmake)
[0.470s] -- Using all available rosidl_typesupport_c: rosidl_typesupport_fastrtps_c;rosidl_typesupport_introspection_c
[0.475s] -- Found rosidl_adapter: 3.1.7 (/opt/ros/humble/share/rosidl_adapter/cmake)
[0.504s] -- Using all available rosidl_typesupport_cpp: rosidl_typesupport_fastrtps_cpp;rosidl_typesupport_introspection_cpp
[0.676s] -- Found ament_cmake_ros: 0.10.0 (/opt/ros/humble/share/ament_cmake_ros/cmake)
[0.775s] -- Using all available rosidl_typesupport_c: rosidl_typesupport_fastrtps_c;rosidl_typesupport_introspection_c
[0.944s] -- Using all available rosidl_typesupport_cpp: rosidl_typesupport_fastrtps_cpp;rosidl_typesupport_introspection_cpp
[0.960s] -- Found PythonInterp: /usr/bin/python3 (found suitable version "3.10.12", minimum required is "3.6") 
[0.962s] -- Found python_cmake_module: 0.10.0 (/opt/ros/humble/share/python_cmake_module/cmake)
[0.976s] -- Found PythonLibs: /usr/lib/x86_64-linux-gnu/libpython3.10.so (found suitable version "3.10.12", minimum required is "3.5") 
[0.976s] -- Using PYTHON_EXECUTABLE: /usr/bin/python3
[0.976s] -- Using PYTHON_INCLUDE_DIRS: /usr/include/python3.10
[0.976s] -- Using PYTHON_LIBRARIES: /usr/lib/x86_64-linux-gnu/libpython3.10.so
[0.987s] -- Found PythonExtra: .so  
[1.006s] -- Found ament_lint_auto: 0.12.14 (/opt/ros/humble/share/ament_lint_auto/cmake)
[1.010s] -- Configuring done
[1.024s] -- Generating done
[1.028s] -- Build files have been written to: /home/a/drone_with_mavsdk/build/drone_control_interfaces
[1.031s] Invoked command in '/home/a/drone_with_mavsdk/build/drone_control_interfaces' returned '0': CMAKE_PREFIX_PATH=${CMAKE_PREFIX_PATH}:/home/a/land_ws/install/pid_test:/home/a/land_ws/install/opencv_tests:/home/a/land_ws/install/drone_control:/opt/ros/humble /usr/bin/cmake /home/a/drone_with_mavsdk/src/drone_control_interfaces -DCMAKE_INSTALL_PREFIX=/home/a/drone_with_mavsdk/install/drone_control_interfaces
[1.032s] Invoking command in '/home/a/drone_with_mavsdk/build/drone_control_interfaces': CMAKE_PREFIX_PATH=${CMAKE_PREFIX_PATH}:/home/a/land_ws/install/pid_test:/home/a/land_ws/install/opencv_tests:/home/a/land_ws/install/drone_control:/opt/ros/humble /usr/bin/cmake --build /home/a/drone_with_mavsdk/build/drone_control_interfaces -- -j32 -l32
[1.056s] [  2%] [34m[1mGenerating C code for ROS interfaces[0m
[1.065s] [  4%] [34m[1mGenerating C++ code for ROS interfaces[0m
[1.068s] [  4%] Built target ament_cmake_python_copy_drone_control_interfaces
[1.174s] running egg_info
[1.181s] creating drone_control_interfaces.egg-info
[1.181s] writing drone_control_interfaces.egg-info/PKG-INFO
[1.181s] writing dependency_links to drone_control_interfaces.egg-info/dependency_links.txt
[1.181s] writing top-level names to drone_control_interfaces.egg-info/top_level.txt
[1.181s] writing manifest file 'drone_control_interfaces.egg-info/SOURCES.txt'
[1.202s] reading manifest file 'drone_control_interfaces.egg-info/SOURCES.txt'
[1.202s] writing manifest file 'drone_control_interfaces.egg-info/SOURCES.txt'
[1.216s] [  4%] Built target ament_cmake_python_build_drone_control_interfaces_egg
[1.261s] [  6%] [32mBuilding C object CMakeFiles/drone_control_interfaces__rosidl_generator_c.dir/rosidl_generator_c/drone_control_interfaces/srv/detail/license_info__functions.c.o[0m
[1.262s] [  8%] [32mBuilding C object CMakeFiles/drone_control_interfaces__rosidl_generator_c.dir/rosidl_generator_c/drone_control_interfaces/srv/detail/pos__functions.c.o[0m
[1.262s] [ 10%] [32mBuilding C object CMakeFiles/drone_control_interfaces__rosidl_generator_c.dir/rosidl_generator_c/drone_control_interfaces/srv/detail/nav__functions.c.o[0m
[1.270s] [ 10%] Built target drone_control_interfaces__cpp
[1.276s] [ 12%] [34m[1mGenerating C++ type support for eProsima Fast-RTPS[0m
[1.276s] [ 14%] [34m[1mGenerating C++ introspection for ROS interfaces[0m
[1.277s] [ 17%] [34m[1mGenerating C++ type support dispatch for ROS interfaces[0m
[1.296s] [ 19%] [32m[1mLinking C shared library libdrone_control_interfaces__rosidl_generator_c.so[0m
[1.317s] [ 19%] Built target drone_control_interfaces__rosidl_generator_c
[1.324s] [ 21%] [34m[1mGenerating C type support for eProsima Fast-RTPS[0m
[1.324s] [ 25%] [34m[1mGenerating C type support dispatch for ROS interfaces[0m
[1.324s] [ 25%] [34m[1mGenerating C introspection for ROS interfaces[0m
[1.428s] [ 29%] [32mBuilding CXX object CMakeFiles/drone_control_interfaces__rosidl_typesupport_cpp.dir/rosidl_typesupport_cpp/drone_control_interfaces/srv/nav__type_support.cpp.o[0m
[1.428s] [ 29%] [32mBuilding CXX object CMakeFiles/drone_control_interfaces__rosidl_typesupport_cpp.dir/rosidl_typesupport_cpp/drone_control_interfaces/srv/pos__type_support.cpp.o[0m
[1.428s] [ 31%] [32mBuilding CXX object CMakeFiles/drone_control_interfaces__rosidl_typesupport_cpp.dir/rosidl_typesupport_cpp/drone_control_interfaces/srv/license_info__type_support.cpp.o[0m
[1.454s] [ 34%] [32mBuilding CXX object CMakeFiles/drone_control_interfaces__rosidl_typesupport_introspection_cpp.dir/rosidl_typesupport_introspection_cpp/drone_control_interfaces/srv/detail/license_info__type_support.cpp.o[0m
[1.455s] [ 38%] [32mBuilding CXX object CMakeFiles/drone_control_interfaces__rosidl_typesupport_introspection_cpp.dir/rosidl_typesupport_introspection_cpp/drone_control_interfaces/srv/detail/nav__type_support.cpp.o[0m
[1.455s] [ 38%] [32mBuilding CXX object CMakeFiles/drone_control_interfaces__rosidl_typesupport_introspection_cpp.dir/rosidl_typesupport_introspection_cpp/drone_control_interfaces/srv/detail/pos__type_support.cpp.o[0m
[1.463s] [ 40%] [32mBuilding CXX object CMakeFiles/drone_control_interfaces__rosidl_typesupport_fastrtps_cpp.dir/rosidl_typesupport_fastrtps_cpp/drone_control_interfaces/srv/detail/dds_fastrtps/pos__type_support.cpp.o[0m
[1.464s] [ 42%] [32mBuilding CXX object CMakeFiles/drone_control_interfaces__rosidl_typesupport_fastrtps_cpp.dir/rosidl_typesupport_fastrtps_cpp/drone_control_interfaces/srv/detail/dds_fastrtps/nav__type_support.cpp.o[0m
[1.464s] [ 44%] [32mBuilding CXX object CMakeFiles/drone_control_interfaces__rosidl_typesupport_fastrtps_cpp.dir/rosidl_typesupport_fastrtps_cpp/drone_control_interfaces/srv/detail/dds_fastrtps/license_info__type_support.cpp.o[0m
[1.503s] [ 48%] [32mBuilding C object CMakeFiles/drone_control_interfaces__rosidl_typesupport_introspection_c.dir/rosidl_typesupport_introspection_c/drone_control_interfaces/srv/detail/pos__type_support.c.o[0m
[1.503s] [ 48%] [32mBuilding C object CMakeFiles/drone_control_interfaces__rosidl_typesupport_introspection_c.dir/rosidl_typesupport_introspection_c/drone_control_interfaces/srv/detail/license_info__type_support.c.o[0m
[1.504s] [ 51%] [32mBuilding C object CMakeFiles/drone_control_interfaces__rosidl_typesupport_introspection_c.dir/rosidl_typesupport_introspection_c/drone_control_interfaces/srv/detail/nav__type_support.c.o[0m
[1.509s] [ 53%] [32mBuilding CXX object CMakeFiles/drone_control_interfaces__rosidl_typesupport_fastrtps_c.dir/rosidl_typesupport_fastrtps_c/drone_control_interfaces/srv/detail/nav__type_support_c.cpp.o[0m
[1.510s] [ 55%] [32mBuilding CXX object CMakeFiles/drone_control_interfaces__rosidl_typesupport_fastrtps_c.dir/rosidl_typesupport_fastrtps_c/drone_control_interfaces/srv/detail/pos__type_support_c.cpp.o[0m
[1.510s] [ 57%] [32mBuilding CXX object CMakeFiles/drone_control_interfaces__rosidl_typesupport_fastrtps_c.dir/rosidl_typesupport_fastrtps_c/drone_control_interfaces/srv/detail/license_info__type_support_c.cpp.o[0m
[1.528s] [ 59%] [32m[1mLinking C shared library libdrone_control_interfaces__rosidl_typesupport_introspection_c.so[0m
[1.548s] [ 59%] Built target drone_control_interfaces__rosidl_typesupport_introspection_c
[1.560s] [ 61%] [32m[1mLinking CXX shared library libdrone_control_interfaces__rosidl_typesupport_cpp.so[0m
[1.573s] [ 65%] [32mBuilding CXX object CMakeFiles/drone_control_interfaces__rosidl_typesupport_c.dir/rosidl_typesupport_c/drone_control_interfaces/srv/nav__type_support.cpp.o[0m
[1.573s] [ 65%] [32mBuilding CXX object CMakeFiles/drone_control_interfaces__rosidl_typesupport_c.dir/rosidl_typesupport_c/drone_control_interfaces/srv/pos__type_support.cpp.o[0m
[1.574s] [ 68%] [32mBuilding CXX object CMakeFiles/drone_control_interfaces__rosidl_typesupport_c.dir/rosidl_typesupport_c/drone_control_interfaces/srv/license_info__type_support.cpp.o[0m
[1.591s] [ 68%] Built target drone_control_interfaces__rosidl_typesupport_cpp
[1.594s] [ 70%] [32m[1mLinking CXX shared library libdrone_control_interfaces__rosidl_typesupport_c.so[0m
[1.618s] [ 70%] Built target drone_control_interfaces__rosidl_typesupport_c
[1.658s] [ 72%] [32m[1mLinking CXX shared library libdrone_control_interfaces__rosidl_typesupport_fastrtps_c.so[0m
[1.699s] [ 72%] Built target drone_control_interfaces__rosidl_typesupport_fastrtps_c
[1.701s] [ 74%] [32m[1mLinking CXX shared library libdrone_control_interfaces__rosidl_typesupport_fastrtps_cpp.so[0m
[1.727s] [ 76%] [32m[1mLinking CXX shared library libdrone_control_interfaces__rosidl_typesupport_introspection_cpp.so[0m
[1.740s] [ 76%] Built target drone_control_interfaces__rosidl_typesupport_fastrtps_cpp
[1.765s] [ 76%] Built target drone_control_interfaces__rosidl_typesupport_introspection_cpp
[1.778s] [ 76%] Built target drone_control_interfaces
[1.791s] [ 78%] [34m[1mGenerating Python code for ROS interfaces[0m
[2.084s] [ 78%] Built target drone_control_interfaces__py
[2.097s] [ 85%] [32mBuilding C object CMakeFiles/drone_control_interfaces__rosidl_generator_py.dir/rosidl_generator_py/drone_control_interfaces/srv/_pos_s.c.o[0m
[2.097s] [ 85%] [32mBuilding C object CMakeFiles/drone_control_interfaces__rosidl_generator_py.dir/rosidl_generator_py/drone_control_interfaces/srv/_license_info_s.c.o[0m
[2.097s] [ 85%] [32mBuilding C object CMakeFiles/drone_control_interfaces__rosidl_generator_py.dir/rosidl_generator_py/drone_control_interfaces/srv/_nav_s.c.o[0m
[2.155s] [ 87%] [32m[1mLinking C shared library rosidl_generator_py/drone_control_interfaces/libdrone_control_interfaces__rosidl_generator_py.so[0m
[2.176s] [ 87%] Built target drone_control_interfaces__rosidl_generator_py
[2.188s] [ 89%] [32mBuilding C object CMakeFiles/drone_control_interfaces__rosidl_typesupport_fastrtps_c__pyext.dir/rosidl_generator_py/drone_control_interfaces/_drone_control_interfaces_s.ep.rosidl_typesupport_fastrtps_c.c.o[0m
[2.189s] [ 91%] [32mBuilding C object CMakeFiles/drone_control_interfaces__rosidl_typesupport_introspection_c__pyext.dir/rosidl_generator_py/drone_control_interfaces/_drone_control_interfaces_s.ep.rosidl_typesupport_introspection_c.c.o[0m
[2.189s] [ 93%] [32mBuilding C object CMakeFiles/drone_control_interfaces__rosidl_typesupport_c__pyext.dir/rosidl_generator_py/drone_control_interfaces/_drone_control_interfaces_s.ep.rosidl_typesupport_c.c.o[0m
[2.239s] [ 95%] [32m[1mLinking C shared library rosidl_generator_py/drone_control_interfaces/drone_control_interfaces_s__rosidl_typesupport_introspection_c.cpython-310-x86_64-linux-gnu.so[0m
[2.241s] [ 97%] [32m[1mLinking C shared library rosidl_generator_py/drone_control_interfaces/drone_control_interfaces_s__rosidl_typesupport_c.cpython-310-x86_64-linux-gnu.so[0m
[2.242s] [100%] [32m[1mLinking C shared library rosidl_generator_py/drone_control_interfaces/drone_control_interfaces_s__rosidl_typesupport_fastrtps_c.cpython-310-x86_64-linux-gnu.so[0m
[2.262s] [100%] Built target drone_control_interfaces__rosidl_typesupport_c__pyext
[2.262s] [100%] Built target drone_control_interfaces__rosidl_typesupport_introspection_c__pyext
[2.264s] [100%] Built target drone_control_interfaces__rosidl_typesupport_fastrtps_c__pyext
[2.271s] Invoked command in '/home/a/drone_with_mavsdk/build/drone_control_interfaces' returned '0': CMAKE_PREFIX_PATH=${CMAKE_PREFIX_PATH}:/home/a/land_ws/install/pid_test:/home/a/land_ws/install/opencv_tests:/home/a/land_ws/install/drone_control:/opt/ros/humble /usr/bin/cmake --build /home/a/drone_with_mavsdk/build/drone_control_interfaces -- -j32 -l32
[2.276s] Invoking command in '/home/a/drone_with_mavsdk/build/drone_control_interfaces': CMAKE_PREFIX_PATH=${CMAKE_PREFIX_PATH}:/home/a/land_ws/install/pid_test:/home/a/land_ws/install/opencv_tests:/home/a/land_ws/install/drone_control:/opt/ros/humble /usr/bin/cmake --install /home/a/drone_with_mavsdk/build/drone_control_interfaces
[2.282s] -- Install configuration: ""
[2.282s] -- Installing: /home/a/drone_with_mavsdk/install/drone_control_interfaces/share/ament_index/resource_index/rosidl_interfaces/drone_control_interfaces
[2.282s] -- Installing: /home/a/drone_with_mavsdk/install/drone_control_interfaces/include/drone_control_interfaces/drone_control_interfaces
[2.282s] -- Installing: /home/a/drone_with_mavsdk/install/drone_control_interfaces/include/drone_control_interfaces/drone_control_interfaces/srv
[2.282s] -- Installing: /home/a/drone_with_mavsdk/install/drone_control_interfaces/include/drone_control_interfaces/drone_control_interfaces/srv/nav.h
[2.282s] -- Installing: /home/a/drone_with_mavsdk/install/drone_control_interfaces/include/drone_control_interfaces/drone_control_interfaces/srv/detail
[2.282s] -- Installing: /home/a/drone_with_mavsdk/install/drone_control_interfaces/include/drone_control_interfaces/drone_control_interfaces/srv/detail/pos__type_support.h
[2.282s] -- Installing: /home/a/drone_with_mavsdk/install/drone_control_interfaces/include/drone_control_interfaces/drone_control_interfaces/srv/detail/nav__functions.c
[2.282s] -- Installing: /home/a/drone_with_mavsdk/install/drone_control_interfaces/include/drone_control_interfaces/drone_control_interfaces/srv/detail/nav__type_support.h
[2.283s] -- Installing: /home/a/drone_with_mavsdk/install/drone_control_interfaces/include/drone_control_interfaces/drone_control_interfaces/srv/detail/nav__struct.h
[2.283s] -- Installing: /home/a/drone_with_mavsdk/install/drone_control_interfaces/include/drone_control_interfaces/drone_control_interfaces/srv/detail/license_info__functions.h
[2.283s] -- Installing: /home/a/drone_with_mavsdk/install/drone_control_interfaces/include/drone_control_interfaces/drone_control_interfaces/srv/detail/pos__functions.c
[2.283s] -- Installing: /home/a/drone_with_mavsdk/install/drone_control_interfaces/include/drone_control_interfaces/drone_control_interfaces/srv/detail/nav__functions.h
[2.283s] -- Installing: /home/a/drone_with_mavsdk/install/drone_control_interfaces/include/drone_control_interfaces/drone_control_interfaces/srv/detail/license_info__struct.h
[2.283s] -- Installing: /home/a/drone_with_mavsdk/install/drone_control_interfaces/include/drone_control_interfaces/drone_control_interfaces/srv/detail/license_info__functions.c
[2.283s] -- Installing: /home/a/drone_with_mavsdk/install/drone_control_interfaces/include/drone_control_interfaces/drone_control_interfaces/srv/detail/pos__functions.h
[2.283s] -- Installing: /home/a/drone_with_mavsdk/install/drone_control_interfaces/include/drone_control_interfaces/drone_control_interfaces/srv/detail/license_info__type_support.h
[2.283s] -- Installing: /home/a/drone_with_mavsdk/install/drone_control_interfaces/include/drone_control_interfaces/drone_control_interfaces/srv/detail/pos__struct.h
[2.283s] -- Installing: /home/a/drone_with_mavsdk/install/drone_control_interfaces/include/drone_control_interfaces/drone_control_interfaces/srv/license_info.h
[2.283s] -- Installing: /home/a/drone_with_mavsdk/install/drone_control_interfaces/include/drone_control_interfaces/drone_control_interfaces/srv/pos.h
[2.283s] -- Installing: /home/a/drone_with_mavsdk/install/drone_control_interfaces/include/drone_control_interfaces/drone_control_interfaces/msg
[2.283s] -- Installing: /home/a/drone_with_mavsdk/install/drone_control_interfaces/include/drone_control_interfaces/drone_control_interfaces/msg/rosidl_generator_c__visibility_control.h
[2.283s] -- Installing: /home/a/drone_with_mavsdk/install/drone_control_interfaces/share/drone_control_interfaces/environment/library_path.sh
[2.283s] -- Installing: /home/a/drone_with_mavsdk/install/drone_control_interfaces/share/drone_control_interfaces/environment/library_path.dsv
[2.284s] -- Installing: /home/a/drone_with_mavsdk/install/drone_control_interfaces/lib/libdrone_control_interfaces__rosidl_generator_c.so
[2.284s] -- Set runtime path of "/home/a/drone_with_mavsdk/install/drone_control_interfaces/lib/libdrone_control_interfaces__rosidl_generator_c.so" to ""
[2.284s] -- Up-to-date: /home/a/drone_with_mavsdk/install/drone_control_interfaces/include/drone_control_interfaces/drone_control_interfaces
[2.284s] -- Up-to-date: /home/a/drone_with_mavsdk/install/drone_control_interfaces/include/drone_control_interfaces/drone_control_interfaces/srv
[2.284s] -- Up-to-date: /home/a/drone_with_mavsdk/install/drone_control_interfaces/include/drone_control_interfaces/drone_control_interfaces/srv/detail
[2.284s] -- Installing: /home/a/drone_with_mavsdk/install/drone_control_interfaces/include/drone_control_interfaces/drone_control_interfaces/srv/detail/license_info__rosidl_typesupport_fastrtps_c.h
[2.284s] -- Installing: /home/a/drone_with_mavsdk/install/drone_control_interfaces/include/drone_control_interfaces/drone_control_interfaces/srv/detail/pos__rosidl_typesupport_fastrtps_c.h
[2.284s] -- Installing: /home/a/drone_with_mavsdk/install/drone_control_interfaces/include/drone_control_interfaces/drone_control_interfaces/srv/detail/nav__rosidl_typesupport_fastrtps_c.h
[2.284s] -- Up-to-date: /home/a/drone_with_mavsdk/install/drone_control_interfaces/include/drone_control_interfaces/drone_control_interfaces/msg
[2.284s] -- Installing: /home/a/drone_with_mavsdk/install/drone_control_interfaces/include/drone_control_interfaces/drone_control_interfaces/msg/rosidl_typesupport_fastrtps_c__visibility_control.h
[2.284s] -- Installing: /home/a/drone_with_mavsdk/install/drone_control_interfaces/lib/libdrone_control_interfaces__rosidl_typesupport_fastrtps_c.so
[2.284s] -- Set runtime path of "/home/a/drone_with_mavsdk/install/drone_control_interfaces/lib/libdrone_control_interfaces__rosidl_typesupport_fastrtps_c.so" to ""
[2.284s] -- Up-to-date: /home/a/drone_with_mavsdk/install/drone_control_interfaces/include/drone_control_interfaces/drone_control_interfaces
[2.285s] -- Up-to-date: /home/a/drone_with_mavsdk/install/drone_control_interfaces/include/drone_control_interfaces/drone_control_interfaces/srv
[2.285s] -- Up-to-date: /home/a/drone_with_mavsdk/install/drone_control_interfaces/include/drone_control_interfaces/drone_control_interfaces/srv/detail
[2.285s] -- Installing: /home/a/drone_with_mavsdk/install/drone_control_interfaces/include/drone_control_interfaces/drone_control_interfaces/srv/detail/nav__type_support.c
[2.285s] -- Installing: /home/a/drone_with_mavsdk/install/drone_control_interfaces/include/drone_control_interfaces/drone_control_interfaces/srv/detail/license_info__type_support.c
[2.285s] -- Installing: /home/a/drone_with_mavsdk/install/drone_control_interfaces/include/drone_control_interfaces/drone_control_interfaces/srv/detail/pos__rosidl_typesupport_introspection_c.h
[2.285s] -- Installing: /home/a/drone_with_mavsdk/install/drone_control_interfaces/include/drone_control_interfaces/drone_control_interfaces/srv/detail/nav__rosidl_typesupport_introspection_c.h
[2.285s] -- Installing: /home/a/drone_with_mavsdk/install/drone_control_interfaces/include/drone_control_interfaces/drone_control_interfaces/srv/detail/pos__type_support.c
[2.285s] -- Installing: /home/a/drone_with_mavsdk/install/drone_control_interfaces/include/drone_control_interfaces/drone_control_interfaces/srv/detail/license_info__rosidl_typesupport_introspection_c.h
[2.285s] -- Up-to-date: /home/a/drone_with_mavsdk/install/drone_control_interfaces/include/drone_control_interfaces/drone_control_interfaces/msg
[2.285s] -- Installing: /home/a/drone_with_mavsdk/install/drone_control_interfaces/include/drone_control_interfaces/drone_control_interfaces/msg/rosidl_typesupport_introspection_c__visibility_control.h
[2.285s] -- Installing: /home/a/drone_with_mavsdk/install/drone_control_interfaces/lib/libdrone_control_interfaces__rosidl_typesupport_introspection_c.so
[2.285s] -- Set runtime path of "/home/a/drone_with_mavsdk/install/drone_control_interfaces/lib/libdrone_control_interfaces__rosidl_typesupport_introspection_c.so" to ""
[2.285s] -- Installing: /home/a/drone_with_mavsdk/install/drone_control_interfaces/lib/libdrone_control_interfaces__rosidl_typesupport_c.so
[2.285s] -- Set runtime path of "/home/a/drone_with_mavsdk/install/drone_control_interfaces/lib/libdrone_control_interfaces__rosidl_typesupport_c.so" to ""
[2.285s] -- Up-to-date: /home/a/drone_with_mavsdk/install/drone_control_interfaces/include/drone_control_interfaces/drone_control_interfaces
[2.286s] -- Up-to-date: /home/a/drone_with_mavsdk/install/drone_control_interfaces/include/drone_control_interfaces/drone_control_interfaces/srv
[2.286s] -- Installing: /home/a/drone_with_mavsdk/install/drone_control_interfaces/include/drone_control_interfaces/drone_control_interfaces/srv/pos.hpp
[2.286s] -- Up-to-date: /home/a/drone_with_mavsdk/install/drone_control_interfaces/include/drone_control_interfaces/drone_control_interfaces/srv/detail
[2.286s] -- Installing: /home/a/drone_with_mavsdk/install/drone_control_interfaces/include/drone_control_interfaces/drone_control_interfaces/srv/detail/license_info__struct.hpp
[2.286s] -- Installing: /home/a/drone_with_mavsdk/install/drone_control_interfaces/include/drone_control_interfaces/drone_control_interfaces/srv/detail/pos__traits.hpp
[2.286s] -- Installing: /home/a/drone_with_mavsdk/install/drone_control_interfaces/include/drone_control_interfaces/drone_control_interfaces/srv/detail/license_info__traits.hpp
[2.286s] -- Installing: /home/a/drone_with_mavsdk/install/drone_control_interfaces/include/drone_control_interfaces/drone_control_interfaces/srv/detail/nav__struct.hpp
[2.286s] -- Installing: /home/a/drone_with_mavsdk/install/drone_control_interfaces/include/drone_control_interfaces/drone_control_interfaces/srv/detail/pos__builder.hpp
[2.286s] -- Installing: /home/a/drone_with_mavsdk/install/drone_control_interfaces/include/drone_control_interfaces/drone_control_interfaces/srv/detail/pos__struct.hpp
[2.286s] -- Installing: /home/a/drone_with_mavsdk/install/drone_control_interfaces/include/drone_control_interfaces/drone_control_interfaces/srv/detail/nav__type_support.hpp
[2.286s] -- Installing: /home/a/drone_with_mavsdk/install/drone_control_interfaces/include/drone_control_interfaces/drone_control_interfaces/srv/detail/license_info__builder.hpp
[2.286s] -- Installing: /home/a/drone_with_mavsdk/install/drone_control_interfaces/include/drone_control_interfaces/drone_control_interfaces/srv/detail/pos__type_support.hpp
[2.286s] -- Installing: /home/a/drone_with_mavsdk/install/drone_control_interfaces/include/drone_control_interfaces/drone_control_interfaces/srv/detail/license_info__type_support.hpp
[2.286s] -- Installing: /home/a/drone_with_mavsdk/install/drone_control_interfaces/include/drone_control_interfaces/drone_control_interfaces/srv/detail/nav__builder.hpp
[2.286s] -- Installing: /home/a/drone_with_mavsdk/install/drone_control_interfaces/include/drone_control_interfaces/drone_control_interfaces/srv/detail/nav__traits.hpp
[2.286s] -- Installing: /home/a/drone_with_mavsdk/install/drone_control_interfaces/include/drone_control_interfaces/drone_control_interfaces/srv/license_info.hpp
[2.286s] -- Installing: /home/a/drone_with_mavsdk/install/drone_control_interfaces/include/drone_control_interfaces/drone_control_interfaces/srv/nav.hpp
[2.287s] -- Up-to-date: /home/a/drone_with_mavsdk/install/drone_control_interfaces/include/drone_control_interfaces/drone_control_interfaces/msg
[2.287s] -- Installing: /home/a/drone_with_mavsdk/install/drone_control_interfaces/include/drone_control_interfaces/drone_control_interfaces/msg/rosidl_generator_cpp__visibility_control.hpp
[2.287s] -- Up-to-date: /home/a/drone_with_mavsdk/install/drone_control_interfaces/include/drone_control_interfaces/drone_control_interfaces
[2.287s] -- Up-to-date: /home/a/drone_with_mavsdk/install/drone_control_interfaces/include/drone_control_interfaces/drone_control_interfaces/srv
[2.287s] -- Up-to-date: /home/a/drone_with_mavsdk/install/drone_control_interfaces/include/drone_control_interfaces/drone_control_interfaces/srv/detail
[2.287s] -- Installing: /home/a/drone_with_mavsdk/install/drone_control_interfaces/include/drone_control_interfaces/drone_control_interfaces/srv/detail/license_info__rosidl_typesupport_fastrtps_cpp.hpp
[2.287s] -- Installing: /home/a/drone_with_mavsdk/install/drone_control_interfaces/include/drone_control_interfaces/drone_control_interfaces/srv/detail/dds_fastrtps
[2.287s] -- Installing: /home/a/drone_with_mavsdk/install/drone_control_interfaces/include/drone_control_interfaces/drone_control_interfaces/srv/detail/pos__rosidl_typesupport_fastrtps_cpp.hpp
[2.287s] -- Installing: /home/a/drone_with_mavsdk/install/drone_control_interfaces/include/drone_control_interfaces/drone_control_interfaces/srv/detail/nav__rosidl_typesupport_fastrtps_cpp.hpp
[2.287s] -- Up-to-date: /home/a/drone_with_mavsdk/install/drone_control_interfaces/include/drone_control_interfaces/drone_control_interfaces/msg
[2.287s] -- Installing: /home/a/drone_with_mavsdk/install/drone_control_interfaces/include/drone_control_interfaces/drone_control_interfaces/msg/rosidl_typesupport_fastrtps_cpp__visibility_control.h
[2.287s] -- Installing: /home/a/drone_with_mavsdk/install/drone_control_interfaces/lib/libdrone_control_interfaces__rosidl_typesupport_fastrtps_cpp.so
[2.287s] -- Set runtime path of "/home/a/drone_with_mavsdk/install/drone_control_interfaces/lib/libdrone_control_interfaces__rosidl_typesupport_fastrtps_cpp.so" to ""
[2.287s] -- Up-to-date: /home/a/drone_with_mavsdk/install/drone_control_interfaces/include/drone_control_interfaces/drone_control_interfaces
[2.287s] -- Up-to-date: /home/a/drone_with_mavsdk/install/drone_control_interfaces/include/drone_control_interfaces/drone_control_interfaces/srv
[2.287s] -- Up-to-date: /home/a/drone_with_mavsdk/install/drone_control_interfaces/include/drone_control_interfaces/drone_control_interfaces/srv/detail
[2.287s] -- Installing: /home/a/drone_with_mavsdk/install/drone_control_interfaces/include/drone_control_interfaces/drone_control_interfaces/srv/detail/nav__type_support.cpp
[2.287s] -- Installing: /home/a/drone_with_mavsdk/install/drone_control_interfaces/include/drone_control_interfaces/drone_control_interfaces/srv/detail/license_info__type_support.cpp
[2.288s] -- Installing: /home/a/drone_with_mavsdk/install/drone_control_interfaces/include/drone_control_interfaces/drone_control_interfaces/srv/detail/pos__type_support.cpp
[2.288s] -- Installing: /home/a/drone_with_mavsdk/install/drone_control_interfaces/include/drone_control_interfaces/drone_control_interfaces/srv/detail/nav__rosidl_typesupport_introspection_cpp.hpp
[2.288s] -- Installing: /home/a/drone_with_mavsdk/install/drone_control_interfaces/include/drone_control_interfaces/drone_control_interfaces/srv/detail/license_info__rosidl_typesupport_introspection_cpp.hpp
[2.288s] -- Installing: /home/a/drone_with_mavsdk/install/drone_control_interfaces/include/drone_control_interfaces/drone_control_interfaces/srv/detail/pos__rosidl_typesupport_introspection_cpp.hpp
[2.288s] -- Installing: /home/a/drone_with_mavsdk/install/drone_control_interfaces/lib/libdrone_control_interfaces__rosidl_typesupport_introspection_cpp.so
[2.288s] -- Set runtime path of "/home/a/drone_with_mavsdk/install/drone_control_interfaces/lib/libdrone_control_interfaces__rosidl_typesupport_introspection_cpp.so" to ""
[2.288s] -- Installing: /home/a/drone_with_mavsdk/install/drone_control_interfaces/lib/libdrone_control_interfaces__rosidl_typesupport_cpp.so
[2.288s] -- Set runtime path of "/home/a/drone_with_mavsdk/install/drone_control_interfaces/lib/libdrone_control_interfaces__rosidl_typesupport_cpp.so" to ""
[2.288s] -- Installing: /home/a/drone_with_mavsdk/install/drone_control_interfaces/share/drone_control_interfaces/environment/pythonpath.sh
[2.288s] -- Installing: /home/a/drone_with_mavsdk/install/drone_control_interfaces/share/drone_control_interfaces/environment/pythonpath.dsv
[2.288s] -- Installing: /home/a/drone_with_mavsdk/install/drone_control_interfaces/local/lib/python3.10/dist-packages/drone_control_interfaces-0.0.0-py3.10.egg-info
[2.288s] -- Installing: /home/a/drone_with_mavsdk/install/drone_control_interfaces/local/lib/python3.10/dist-packages/drone_control_interfaces-0.0.0-py3.10.egg-info/top_level.txt
[2.288s] -- Installing: /home/a/drone_with_mavsdk/install/drone_control_interfaces/local/lib/python3.10/dist-packages/drone_control_interfaces-0.0.0-py3.10.egg-info/SOURCES.txt
[2.289s] -- Installing: /home/a/drone_with_mavsdk/install/drone_control_interfaces/local/lib/python3.10/dist-packages/drone_control_interfaces-0.0.0-py3.10.egg-info/dependency_links.txt
[2.289s] -- Installing: /home/a/drone_with_mavsdk/install/drone_control_interfaces/local/lib/python3.10/dist-packages/drone_control_interfaces-0.0.0-py3.10.egg-info/PKG-INFO
[2.289s] -- Installing: /home/a/drone_with_mavsdk/install/drone_control_interfaces/local/lib/python3.10/dist-packages/drone_control_interfaces
[2.289s] -- Installing: /home/a/drone_with_mavsdk/install/drone_control_interfaces/local/lib/python3.10/dist-packages/drone_control_interfaces/drone_control_interfaces_s__rosidl_typesupport_fastrtps_c.cpython-310-x86_64-linux-gnu.so
[2.289s] -- Installing: /home/a/drone_with_mavsdk/install/drone_control_interfaces/local/lib/python3.10/dist-packages/drone_control_interfaces/srv
[2.289s] -- Installing: /home/a/drone_with_mavsdk/install/drone_control_interfaces/local/lib/python3.10/dist-packages/drone_control_interfaces/srv/__init__.py
[2.289s] -- Installing: /home/a/drone_with_mavsdk/install/drone_control_interfaces/local/lib/python3.10/dist-packages/drone_control_interfaces/srv/_license_info_s.c
[2.289s] -- Installing: /home/a/drone_with_mavsdk/install/drone_control_interfaces/local/lib/python3.10/dist-packages/drone_control_interfaces/srv/_license_info.py
[2.289s] -- Installing: /home/a/drone_with_mavsdk/install/drone_control_interfaces/local/lib/python3.10/dist-packages/drone_control_interfaces/srv/_nav.py
[2.289s] -- Installing: /home/a/drone_with_mavsdk/install/drone_control_interfaces/local/lib/python3.10/dist-packages/drone_control_interfaces/srv/_pos.py
[2.289s] -- Installing: /home/a/drone_with_mavsdk/install/drone_control_interfaces/local/lib/python3.10/dist-packages/drone_control_interfaces/srv/_pos_s.c
[2.289s] -- Installing: /home/a/drone_with_mavsdk/install/drone_control_interfaces/local/lib/python3.10/dist-packages/drone_control_interfaces/srv/_nav_s.c
[2.289s] -- Installing: /home/a/drone_with_mavsdk/install/drone_control_interfaces/local/lib/python3.10/dist-packages/drone_control_interfaces/__init__.py
[2.289s] -- Installing: /home/a/drone_with_mavsdk/install/drone_control_interfaces/local/lib/python3.10/dist-packages/drone_control_interfaces/_drone_control_interfaces_s.ep.rosidl_typesupport_fastrtps_c.c
[2.289s] -- Installing: /home/a/drone_with_mavsdk/install/drone_control_interfaces/local/lib/python3.10/dist-packages/drone_control_interfaces/drone_control_interfaces_s__rosidl_typesupport_c.cpython-310-x86_64-linux-gnu.so
[2.290s] -- Installing: /home/a/drone_with_mavsdk/install/drone_control_interfaces/local/lib/python3.10/dist-packages/drone_control_interfaces/_drone_control_interfaces_s.ep.rosidl_typesupport_introspection_c.c
[2.290s] -- Installing: /home/a/drone_with_mavsdk/install/drone_control_interfaces/local/lib/python3.10/dist-packages/drone_control_interfaces/_drone_control_interfaces_s.ep.rosidl_typesupport_c.c
[2.290s] -- Installing: /home/a/drone_with_mavsdk/install/drone_control_interfaces/local/lib/python3.10/dist-packages/drone_control_interfaces/libdrone_control_interfaces__rosidl_generator_py.so
[2.290s] -- Installing: /home/a/drone_with_mavsdk/install/drone_control_interfaces/local/lib/python3.10/dist-packages/drone_control_interfaces/drone_control_interfaces_s__rosidl_typesupport_introspection_c.cpython-310-x86_64-linux-gnu.so
[2.314s] Listing '/home/a/drone_with_mavsdk/install/drone_control_interfaces/local/lib/python3.10/dist-packages/drone_control_interfaces'...
[2.314s] Compiling '/home/a/drone_with_mavsdk/install/drone_control_interfaces/local/lib/python3.10/dist-packages/drone_control_interfaces/__init__.py'...
[2.314s] Listing '/home/a/drone_with_mavsdk/install/drone_control_interfaces/local/lib/python3.10/dist-packages/drone_control_interfaces/srv'...
[2.314s] Compiling '/home/a/drone_with_mavsdk/install/drone_control_interfaces/local/lib/python3.10/dist-packages/drone_control_interfaces/srv/__init__.py'...
[2.314s] Compiling '/home/a/drone_with_mavsdk/install/drone_control_interfaces/local/lib/python3.10/dist-packages/drone_control_interfaces/srv/_license_info.py'...
[2.314s] Compiling '/home/a/drone_with_mavsdk/install/drone_control_interfaces/local/lib/python3.10/dist-packages/drone_control_interfaces/srv/_nav.py'...
[2.314s] Compiling '/home/a/drone_with_mavsdk/install/drone_control_interfaces/local/lib/python3.10/dist-packages/drone_control_interfaces/srv/_pos.py'...
[2.316s] -- Installing: /home/a/drone_with_mavsdk/install/drone_control_interfaces/local/lib/python3.10/dist-packages/drone_control_interfaces/drone_control_interfaces_s__rosidl_typesupport_fastrtps_c.cpython-310-x86_64-linux-gnu.so
[2.316s] -- Set runtime path of "/home/a/drone_with_mavsdk/install/drone_control_interfaces/local/lib/python3.10/dist-packages/drone_control_interfaces/drone_control_interfaces_s__rosidl_typesupport_fastrtps_c.cpython-310-x86_64-linux-gnu.so" to ""
[2.316s] -- Installing: /home/a/drone_with_mavsdk/install/drone_control_interfaces/local/lib/python3.10/dist-packages/drone_control_interfaces/drone_control_interfaces_s__rosidl_typesupport_introspection_c.cpython-310-x86_64-linux-gnu.so
[2.316s] -- Set runtime path of "/home/a/drone_with_mavsdk/install/drone_control_interfaces/local/lib/python3.10/dist-packages/drone_control_interfaces/drone_control_interfaces_s__rosidl_typesupport_introspection_c.cpython-310-x86_64-linux-gnu.so" to ""
[2.316s] -- Installing: /home/a/drone_with_mavsdk/install/drone_control_interfaces/local/lib/python3.10/dist-packages/drone_control_interfaces/drone_control_interfaces_s__rosidl_typesupport_c.cpython-310-x86_64-linux-gnu.so
[2.316s] -- Set runtime path of "/home/a/drone_with_mavsdk/install/drone_control_interfaces/local/lib/python3.10/dist-packages/drone_control_interfaces/drone_control_interfaces_s__rosidl_typesupport_c.cpython-310-x86_64-linux-gnu.so" to ""
[2.317s] -- Installing: /home/a/drone_with_mavsdk/install/drone_control_interfaces/lib/libdrone_control_interfaces__rosidl_generator_py.so
[2.317s] -- Set runtime path of "/home/a/drone_with_mavsdk/install/drone_control_interfaces/lib/libdrone_control_interfaces__rosidl_generator_py.so" to ""
[2.317s] -- Installing: /home/a/drone_with_mavsdk/install/drone_control_interfaces/share/drone_control_interfaces/srv/Pos.idl
[2.317s] -- Installing: /home/a/drone_with_mavsdk/install/drone_control_interfaces/share/drone_control_interfaces/srv/Nav.idl
[2.317s] -- Installing: /home/a/drone_with_mavsdk/install/drone_control_interfaces/share/drone_control_interfaces/srv/LicenseInfo.idl
[2.317s] -- Installing: /home/a/drone_with_mavsdk/install/drone_control_interfaces/share/drone_control_interfaces/interface/Pos.srv
[2.317s] -- Installing: /home/a/drone_with_mavsdk/install/drone_control_interfaces/share/drone_control_interfaces/interface/Pos_Request.msg
[2.317s] -- Installing: /home/a/drone_with_mavsdk/install/drone_control_interfaces/share/drone_control_interfaces/interface/Pos_Response.msg
[2.317s] -- Installing: /home/a/drone_with_mavsdk/install/drone_control_interfaces/share/drone_control_interfaces/interface/Nav.srv
[2.317s] -- Installing: /home/a/drone_with_mavsdk/install/drone_control_interfaces/share/drone_control_interfaces/interface/Nav_Request.msg
[2.317s] -- Installing: /home/a/drone_with_mavsdk/install/drone_control_interfaces/share/drone_control_interfaces/interface/Nav_Response.msg
[2.317s] -- Installing: /home/a/drone_with_mavsdk/install/drone_control_interfaces/share/drone_control_interfaces/interface/LicenseInfo.srv
[2.317s] -- Installing: /home/a/drone_with_mavsdk/install/drone_control_interfaces/share/drone_control_interfaces/interface/LicenseInfo_Request.msg
[2.317s] -- Installing: /home/a/drone_with_mavsdk/install/drone_control_interfaces/share/drone_control_interfaces/interface/LicenseInfo_Response.msg
[2.317s] -- Installing: /home/a/drone_with_mavsdk/install/drone_control_interfaces/share/ament_index/resource_index/package_run_dependencies/drone_control_interfaces
[2.317s] -- Installing: /home/a/drone_with_mavsdk/install/drone_control_interfaces/share/ament_index/resource_index/parent_prefix_path/drone_control_interfaces
[2.317s] -- Installing: /home/a/drone_with_mavsdk/install/drone_control_interfaces/share/drone_control_interfaces/environment/ament_prefix_path.sh
[2.318s] -- Installing: /home/a/drone_with_mavsdk/install/drone_control_interfaces/share/drone_control_interfaces/environment/ament_prefix_path.dsv
[2.318s] -- Installing: /home/a/drone_with_mavsdk/install/drone_control_interfaces/share/drone_control_interfaces/environment/path.sh
[2.318s] -- Installing: /home/a/drone_with_mavsdk/install/drone_control_interfaces/share/drone_control_interfaces/environment/path.dsv
[2.318s] -- Installing: /home/a/drone_with_mavsdk/install/drone_control_interfaces/share/drone_control_interfaces/local_setup.bash
[2.318s] -- Installing: /home/a/drone_with_mavsdk/install/drone_control_interfaces/share/drone_control_interfaces/local_setup.sh
[2.318s] -- Installing: /home/a/drone_with_mavsdk/install/drone_control_interfaces/share/drone_control_interfaces/local_setup.zsh
[2.318s] -- Installing: /home/a/drone_with_mavsdk/install/drone_control_interfaces/share/drone_control_interfaces/local_setup.dsv
[2.318s] -- Installing: /home/a/drone_with_mavsdk/install/drone_control_interfaces/share/drone_control_interfaces/package.dsv
[2.318s] -- Installing: /home/a/drone_with_mavsdk/install/drone_control_interfaces/share/ament_index/resource_index/packages/drone_control_interfaces
[2.318s] -- Installing: /home/a/drone_with_mavsdk/install/drone_control_interfaces/share/drone_control_interfaces/cmake/export_drone_control_interfaces__rosidl_generator_cExport.cmake
[2.318s] -- Installing: /home/a/drone_with_mavsdk/install/drone_control_interfaces/share/drone_control_interfaces/cmake/export_drone_control_interfaces__rosidl_generator_cExport-noconfig.cmake
[2.318s] -- Installing: /home/a/drone_with_mavsdk/install/drone_control_interfaces/share/drone_control_interfaces/cmake/export_drone_control_interfaces__rosidl_typesupport_fastrtps_cExport.cmake
[2.318s] -- Installing: /home/a/drone_with_mavsdk/install/drone_control_interfaces/share/drone_control_interfaces/cmake/export_drone_control_interfaces__rosidl_typesupport_fastrtps_cExport-noconfig.cmake
[2.318s] -- Installing: /home/a/drone_with_mavsdk/install/drone_control_interfaces/share/drone_control_interfaces/cmake/drone_control_interfaces__rosidl_typesupport_introspection_cExport.cmake
[2.318s] -- Installing: /home/a/drone_with_mavsdk/install/drone_control_interfaces/share/drone_control_interfaces/cmake/drone_control_interfaces__rosidl_typesupport_introspection_cExport-noconfig.cmake
[2.318s] -- Installing: /home/a/drone_with_mavsdk/install/drone_control_interfaces/share/drone_control_interfaces/cmake/drone_control_interfaces__rosidl_typesupport_cExport.cmake
[2.318s] -- Installing: /home/a/drone_with_mavsdk/install/drone_control_interfaces/share/drone_control_interfaces/cmake/drone_control_interfaces__rosidl_typesupport_cExport-noconfig.cmake
[2.318s] -- Installing: /home/a/drone_with_mavsdk/install/drone_control_interfaces/share/drone_control_interfaces/cmake/export_drone_control_interfaces__rosidl_generator_cppExport.cmake
[2.318s] -- Installing: /home/a/drone_with_mavsdk/install/drone_control_interfaces/share/drone_control_interfaces/cmake/export_drone_control_interfaces__rosidl_typesupport_fastrtps_cppExport.cmake
[2.318s] -- Installing: /home/a/drone_with_mavsdk/install/drone_control_interfaces/share/drone_control_interfaces/cmake/export_drone_control_interfaces__rosidl_typesupport_fastrtps_cppExport-noconfig.cmake
[2.319s] -- Installing: /home/a/drone_with_mavsdk/install/drone_control_interfaces/share/drone_control_interfaces/cmake/drone_control_interfaces__rosidl_typesupport_introspection_cppExport.cmake
[2.319s] -- Installing: /home/a/drone_with_mavsdk/install/drone_control_interfaces/share/drone_control_interfaces/cmake/drone_control_interfaces__rosidl_typesupport_introspection_cppExport-noconfig.cmake
[2.319s] -- Installing: /home/a/drone_with_mavsdk/install/drone_control_interfaces/share/drone_control_interfaces/cmake/drone_control_interfaces__rosidl_typesupport_cppExport.cmake
[2.319s] -- Installing: /home/a/drone_with_mavsdk/install/drone_control_interfaces/share/drone_control_interfaces/cmake/drone_control_interfaces__rosidl_typesupport_cppExport-noconfig.cmake
[2.319s] -- Installing: /home/a/drone_with_mavsdk/install/drone_control_interfaces/share/drone_control_interfaces/cmake/export_drone_control_interfaces__rosidl_generator_pyExport.cmake
[2.319s] -- Installing: /home/a/drone_with_mavsdk/install/drone_control_interfaces/share/drone_control_interfaces/cmake/export_drone_control_interfaces__rosidl_generator_pyExport-noconfig.cmake
[2.319s] -- Installing: /home/a/drone_with_mavsdk/install/drone_control_interfaces/share/drone_control_interfaces/cmake/rosidl_cmake-extras.cmake
[2.319s] -- Installing: /home/a/drone_with_mavsdk/install/drone_control_interfaces/share/drone_control_interfaces/cmake/ament_cmake_export_include_directories-extras.cmake
[2.319s] -- Installing: /home/a/drone_with_mavsdk/install/drone_control_interfaces/share/drone_control_interfaces/cmake/ament_cmake_export_libraries-extras.cmake
[2.319s] -- Installing: /home/a/drone_with_mavsdk/install/drone_control_interfaces/share/drone_control_interfaces/cmake/ament_cmake_export_targets-extras.cmake
[2.319s] -- Installing: /home/a/drone_with_mavsdk/install/drone_control_interfaces/share/drone_control_interfaces/cmake/rosidl_cmake_export_typesupport_targets-extras.cmake
[2.319s] -- Installing: /home/a/drone_with_mavsdk/install/drone_control_interfaces/share/drone_control_interfaces/cmake/ament_cmake_export_dependencies-extras.cmake
[2.319s] -- Installing: /home/a/drone_with_mavsdk/install/drone_control_interfaces/share/drone_control_interfaces/cmake/rosidl_cmake_export_typesupport_libraries-extras.cmake
[2.319s] -- Installing: /home/a/drone_with_mavsdk/install/drone_control_interfaces/share/drone_control_interfaces/cmake/drone_control_interfacesConfig.cmake
[2.319s] -- Installing: /home/a/drone_with_mavsdk/install/drone_control_interfaces/share/drone_control_interfaces/cmake/drone_control_interfacesConfig-version.cmake
[2.319s] -- Installing: /home/a/drone_with_mavsdk/install/drone_control_interfaces/share/drone_control_interfaces/package.xml
[2.320s] Invoked command in '/home/a/drone_with_mavsdk/build/drone_control_interfaces' returned '0': CMAKE_PREFIX_PATH=${CMAKE_PREFIX_PATH}:/home/a/land_ws/install/pid_test:/home/a/land_ws/install/opencv_tests:/home/a/land_ws/install/drone_control:/opt/ros/humble /usr/bin/cmake --install /home/a/drone_with_mavsdk/build/drone_control_interfaces
