[0.012s] Invoking command in '/home/a/drone_with_mavsdk/build/drone_control_interfaces': CMAKE_PREFIX_PATH=${CMAKE_PREFIX_PATH}:/home/a/drone_with_mavsdk/install/pid_test:/home/a/drone_with_mavsdk/install/opencv_tests:/home/a/drone_with_mavsdk/install/drone_control:/home/a/land_ws/install/pid_test:/home/a/land_ws/install/opencv_tests:/home/a/land_ws/install/drone_control:/opt/ros/humble /usr/bin/cmake --build /home/a/drone_with_mavsdk/build/drone_control_interfaces -- -j32 -l32
[0.044s] [ 10%] Built target drone_control_interfaces__rosidl_generator_c
[0.045s] [ 12%] Built target drone_control_interfaces__cpp
[0.051s] [ 12%] Built target ament_cmake_python_copy_drone_control_interfaces
[0.056s] [ 23%] Built target drone_control_interfaces__rosidl_typesupport_c
[0.057s] [ 34%] Built target drone_control_interfaces__rosidl_typesupport_cpp
[0.058s] [ 44%] Built target drone_control_interfaces__rosidl_typesupport_introspection_c
[0.059s] [ 55%] Built target drone_control_interfaces__rosidl_typesupport_fastrtps_cpp
[0.059s] [ 65%] Built target drone_control_interfaces__rosidl_typesupport_fastrtps_c
[0.060s] [ 76%] Built target drone_control_interfaces__rosidl_typesupport_introspection_cpp
[0.073s] [ 76%] Built target drone_control_interfaces
[0.088s] [ 78%] Built target drone_control_interfaces__py
[0.105s] [ 87%] Built target drone_control_interfaces__rosidl_generator_py
[0.118s] [ 95%] Built target drone_control_interfaces__rosidl_typesupport_introspection_c__pyext
[0.119s] [ 95%] Built target drone_control_interfaces__rosidl_typesupport_fastrtps_c__pyext
[0.119s] [100%] Built target drone_control_interfaces__rosidl_typesupport_c__pyext
[0.187s] running egg_info
[0.195s] writing drone_control_interfaces.egg-info/PKG-INFO
[0.195s] writing dependency_links to drone_control_interfaces.egg-info/dependency_links.txt
[0.195s] writing top-level names to drone_control_interfaces.egg-info/top_level.txt
[0.228s] reading manifest file 'drone_control_interfaces.egg-info/SOURCES.txt'
[0.229s] writing manifest file 'drone_control_interfaces.egg-info/SOURCES.txt'
[0.250s] [100%] Built target ament_cmake_python_build_drone_control_interfaces_egg
[0.256s] Invoked command in '/home/a/drone_with_mavsdk/build/drone_control_interfaces' returned '0': CMAKE_PREFIX_PATH=${CMAKE_PREFIX_PATH}:/home/a/drone_with_mavsdk/install/pid_test:/home/a/drone_with_mavsdk/install/opencv_tests:/home/a/drone_with_mavsdk/install/drone_control:/home/a/land_ws/install/pid_test:/home/a/land_ws/install/opencv_tests:/home/a/land_ws/install/drone_control:/opt/ros/humble /usr/bin/cmake --build /home/a/drone_with_mavsdk/build/drone_control_interfaces -- -j32 -l32
[0.263s] Invoking command in '/home/a/drone_with_mavsdk/build/drone_control_interfaces': CMAKE_PREFIX_PATH=${CMAKE_PREFIX_PATH}:/home/a/drone_with_mavsdk/install/pid_test:/home/a/drone_with_mavsdk/install/opencv_tests:/home/a/drone_with_mavsdk/install/drone_control:/home/a/land_ws/install/pid_test:/home/a/land_ws/install/opencv_tests:/home/a/land_ws/install/drone_control:/opt/ros/humble /usr/bin/cmake --install /home/a/drone_with_mavsdk/build/drone_control_interfaces
[0.269s] -- Install configuration: ""
[0.269s] -- Up-to-date: /home/a/drone_with_mavsdk/install/drone_control_interfaces/share/ament_index/resource_index/rosidl_interfaces/drone_control_interfaces
[0.269s] -- Up-to-date: /home/a/drone_with_mavsdk/install/drone_control_interfaces/include/drone_control_interfaces/drone_control_interfaces
[0.269s] -- Up-to-date: /home/a/drone_with_mavsdk/install/drone_control_interfaces/include/drone_control_interfaces/drone_control_interfaces/srv
[0.269s] -- Up-to-date: /home/a/drone_with_mavsdk/install/drone_control_interfaces/include/drone_control_interfaces/drone_control_interfaces/srv/nav.h
[0.269s] -- Up-to-date: /home/a/drone_with_mavsdk/install/drone_control_interfaces/include/drone_control_interfaces/drone_control_interfaces/srv/detail
[0.269s] -- Up-to-date: /home/a/drone_with_mavsdk/install/drone_control_interfaces/include/drone_control_interfaces/drone_control_interfaces/srv/detail/pos__type_support.h
[0.269s] -- Up-to-date: /home/a/drone_with_mavsdk/install/drone_control_interfaces/include/drone_control_interfaces/drone_control_interfaces/srv/detail/nav__functions.c
[0.269s] -- Up-to-date: /home/a/drone_with_mavsdk/install/drone_control_interfaces/include/drone_control_interfaces/drone_control_interfaces/srv/detail/nav__type_support.h
[0.269s] -- Up-to-date: /home/a/drone_with_mavsdk/install/drone_control_interfaces/include/drone_control_interfaces/drone_control_interfaces/srv/detail/nav__struct.h
[0.269s] -- Up-to-date: /home/a/drone_with_mavsdk/install/drone_control_interfaces/include/drone_control_interfaces/drone_control_interfaces/srv/detail/license_info__functions.h
[0.269s] -- Up-to-date: /home/a/drone_with_mavsdk/install/drone_control_interfaces/include/drone_control_interfaces/drone_control_interfaces/srv/detail/pos__functions.c
[0.269s] -- Up-to-date: /home/a/drone_with_mavsdk/install/drone_control_interfaces/include/drone_control_interfaces/drone_control_interfaces/srv/detail/nav__functions.h
[0.269s] -- Up-to-date: /home/a/drone_with_mavsdk/install/drone_control_interfaces/include/drone_control_interfaces/drone_control_interfaces/srv/detail/license_info__struct.h
[0.269s] -- Up-to-date: /home/a/drone_with_mavsdk/install/drone_control_interfaces/include/drone_control_interfaces/drone_control_interfaces/srv/detail/license_info__functions.c
[0.269s] -- Up-to-date: /home/a/drone_with_mavsdk/install/drone_control_interfaces/include/drone_control_interfaces/drone_control_interfaces/srv/detail/pos__functions.h
[0.269s] -- Up-to-date: /home/a/drone_with_mavsdk/install/drone_control_interfaces/include/drone_control_interfaces/drone_control_interfaces/srv/detail/license_info__type_support.h
[0.269s] -- Up-to-date: /home/a/drone_with_mavsdk/install/drone_control_interfaces/include/drone_control_interfaces/drone_control_interfaces/srv/detail/pos__struct.h
[0.269s] -- Up-to-date: /home/a/drone_with_mavsdk/install/drone_control_interfaces/include/drone_control_interfaces/drone_control_interfaces/srv/license_info.h
[0.269s] -- Up-to-date: /home/a/drone_with_mavsdk/install/drone_control_interfaces/include/drone_control_interfaces/drone_control_interfaces/srv/pos.h
[0.269s] -- Up-to-date: /home/a/drone_with_mavsdk/install/drone_control_interfaces/include/drone_control_interfaces/drone_control_interfaces/msg
[0.269s] -- Up-to-date: /home/a/drone_with_mavsdk/install/drone_control_interfaces/include/drone_control_interfaces/drone_control_interfaces/msg/rosidl_generator_c__visibility_control.h
[0.269s] -- Up-to-date: /home/a/drone_with_mavsdk/install/drone_control_interfaces/share/drone_control_interfaces/environment/library_path.sh
[0.269s] -- Up-to-date: /home/a/drone_with_mavsdk/install/drone_control_interfaces/share/drone_control_interfaces/environment/library_path.dsv
[0.269s] -- Up-to-date: /home/a/drone_with_mavsdk/install/drone_control_interfaces/lib/libdrone_control_interfaces__rosidl_generator_c.so
[0.270s] -- Up-to-date: /home/a/drone_with_mavsdk/install/drone_control_interfaces/include/drone_control_interfaces/drone_control_interfaces
[0.270s] -- Up-to-date: /home/a/drone_with_mavsdk/install/drone_control_interfaces/include/drone_control_interfaces/drone_control_interfaces/srv
[0.270s] -- Up-to-date: /home/a/drone_with_mavsdk/install/drone_control_interfaces/include/drone_control_interfaces/drone_control_interfaces/srv/detail
[0.270s] -- Up-to-date: /home/a/drone_with_mavsdk/install/drone_control_interfaces/include/drone_control_interfaces/drone_control_interfaces/srv/detail/license_info__rosidl_typesupport_fastrtps_c.h
[0.270s] -- Up-to-date: /home/a/drone_with_mavsdk/install/drone_control_interfaces/include/drone_control_interfaces/drone_control_interfaces/srv/detail/pos__rosidl_typesupport_fastrtps_c.h
[0.270s] -- Up-to-date: /home/a/drone_with_mavsdk/install/drone_control_interfaces/include/drone_control_interfaces/drone_control_interfaces/srv/detail/nav__rosidl_typesupport_fastrtps_c.h
[0.270s] -- Up-to-date: /home/a/drone_with_mavsdk/install/drone_control_interfaces/include/drone_control_interfaces/drone_control_interfaces/msg
[0.270s] -- Up-to-date: /home/a/drone_with_mavsdk/install/drone_control_interfaces/include/drone_control_interfaces/drone_control_interfaces/msg/rosidl_typesupport_fastrtps_c__visibility_control.h
[0.270s] -- Up-to-date: /home/a/drone_with_mavsdk/install/drone_control_interfaces/lib/libdrone_control_interfaces__rosidl_typesupport_fastrtps_c.so
[0.270s] -- Up-to-date: /home/a/drone_with_mavsdk/install/drone_control_interfaces/include/drone_control_interfaces/drone_control_interfaces
[0.270s] -- Up-to-date: /home/a/drone_with_mavsdk/install/drone_control_interfaces/include/drone_control_interfaces/drone_control_interfaces/srv
[0.270s] -- Up-to-date: /home/a/drone_with_mavsdk/install/drone_control_interfaces/include/drone_control_interfaces/drone_control_interfaces/srv/detail
[0.270s] -- Up-to-date: /home/a/drone_with_mavsdk/install/drone_control_interfaces/include/drone_control_interfaces/drone_control_interfaces/srv/detail/nav__type_support.c
[0.270s] -- Up-to-date: /home/a/drone_with_mavsdk/install/drone_control_interfaces/include/drone_control_interfaces/drone_control_interfaces/srv/detail/license_info__type_support.c
[0.270s] -- Up-to-date: /home/a/drone_with_mavsdk/install/drone_control_interfaces/include/drone_control_interfaces/drone_control_interfaces/srv/detail/pos__rosidl_typesupport_introspection_c.h
[0.270s] -- Up-to-date: /home/a/drone_with_mavsdk/install/drone_control_interfaces/include/drone_control_interfaces/drone_control_interfaces/srv/detail/nav__rosidl_typesupport_introspection_c.h
[0.270s] -- Up-to-date: /home/a/drone_with_mavsdk/install/drone_control_interfaces/include/drone_control_interfaces/drone_control_interfaces/srv/detail/pos__type_support.c
[0.270s] -- Up-to-date: /home/a/drone_with_mavsdk/install/drone_control_interfaces/include/drone_control_interfaces/drone_control_interfaces/srv/detail/license_info__rosidl_typesupport_introspection_c.h
[0.270s] -- Up-to-date: /home/a/drone_with_mavsdk/install/drone_control_interfaces/include/drone_control_interfaces/drone_control_interfaces/msg
[0.270s] -- Up-to-date: /home/a/drone_with_mavsdk/install/drone_control_interfaces/include/drone_control_interfaces/drone_control_interfaces/msg/rosidl_typesupport_introspection_c__visibility_control.h
[0.270s] -- Up-to-date: /home/a/drone_with_mavsdk/install/drone_control_interfaces/lib/libdrone_control_interfaces__rosidl_typesupport_introspection_c.so
[0.270s] -- Up-to-date: /home/a/drone_with_mavsdk/install/drone_control_interfaces/lib/libdrone_control_interfaces__rosidl_typesupport_c.so
[0.270s] -- Up-to-date: /home/a/drone_with_mavsdk/install/drone_control_interfaces/include/drone_control_interfaces/drone_control_interfaces
[0.270s] -- Up-to-date: /home/a/drone_with_mavsdk/install/drone_control_interfaces/include/drone_control_interfaces/drone_control_interfaces/srv
[0.270s] -- Up-to-date: /home/a/drone_with_mavsdk/install/drone_control_interfaces/include/drone_control_interfaces/drone_control_interfaces/srv/pos.hpp
[0.270s] -- Up-to-date: /home/a/drone_with_mavsdk/install/drone_control_interfaces/include/drone_control_interfaces/drone_control_interfaces/srv/detail
[0.270s] -- Up-to-date: /home/a/drone_with_mavsdk/install/drone_control_interfaces/include/drone_control_interfaces/drone_control_interfaces/srv/detail/license_info__struct.hpp
[0.270s] -- Up-to-date: /home/a/drone_with_mavsdk/install/drone_control_interfaces/include/drone_control_interfaces/drone_control_interfaces/srv/detail/pos__traits.hpp
[0.270s] -- Up-to-date: /home/a/drone_with_mavsdk/install/drone_control_interfaces/include/drone_control_interfaces/drone_control_interfaces/srv/detail/license_info__traits.hpp
[0.270s] -- Up-to-date: /home/a/drone_with_mavsdk/install/drone_control_interfaces/include/drone_control_interfaces/drone_control_interfaces/srv/detail/nav__struct.hpp
[0.270s] -- Up-to-date: /home/a/drone_with_mavsdk/install/drone_control_interfaces/include/drone_control_interfaces/drone_control_interfaces/srv/detail/pos__builder.hpp
[0.270s] -- Up-to-date: /home/a/drone_with_mavsdk/install/drone_control_interfaces/include/drone_control_interfaces/drone_control_interfaces/srv/detail/pos__struct.hpp
[0.270s] -- Up-to-date: /home/a/drone_with_mavsdk/install/drone_control_interfaces/include/drone_control_interfaces/drone_control_interfaces/srv/detail/nav__type_support.hpp
[0.270s] -- Up-to-date: /home/a/drone_with_mavsdk/install/drone_control_interfaces/include/drone_control_interfaces/drone_control_interfaces/srv/detail/license_info__builder.hpp
[0.270s] -- Up-to-date: /home/a/drone_with_mavsdk/install/drone_control_interfaces/include/drone_control_interfaces/drone_control_interfaces/srv/detail/pos__type_support.hpp
[0.270s] -- Up-to-date: /home/a/drone_with_mavsdk/install/drone_control_interfaces/include/drone_control_interfaces/drone_control_interfaces/srv/detail/license_info__type_support.hpp
[0.270s] -- Up-to-date: /home/a/drone_with_mavsdk/install/drone_control_interfaces/include/drone_control_interfaces/drone_control_interfaces/srv/detail/nav__builder.hpp
[0.270s] -- Up-to-date: /home/a/drone_with_mavsdk/install/drone_control_interfaces/include/drone_control_interfaces/drone_control_interfaces/srv/detail/nav__traits.hpp
[0.270s] -- Up-to-date: /home/a/drone_with_mavsdk/install/drone_control_interfaces/include/drone_control_interfaces/drone_control_interfaces/srv/license_info.hpp
[0.271s] -- Up-to-date: /home/a/drone_with_mavsdk/install/drone_control_interfaces/include/drone_control_interfaces/drone_control_interfaces/srv/nav.hpp
[0.271s] -- Up-to-date: /home/a/drone_with_mavsdk/install/drone_control_interfaces/include/drone_control_interfaces/drone_control_interfaces/msg
[0.271s] -- Up-to-date: /home/a/drone_with_mavsdk/install/drone_control_interfaces/include/drone_control_interfaces/drone_control_interfaces/msg/rosidl_generator_cpp__visibility_control.hpp
[0.271s] -- Up-to-date: /home/a/drone_with_mavsdk/install/drone_control_interfaces/include/drone_control_interfaces/drone_control_interfaces
[0.271s] -- Up-to-date: /home/a/drone_with_mavsdk/install/drone_control_interfaces/include/drone_control_interfaces/drone_control_interfaces/srv
[0.271s] -- Up-to-date: /home/a/drone_with_mavsdk/install/drone_control_interfaces/include/drone_control_interfaces/drone_control_interfaces/srv/detail
[0.271s] -- Up-to-date: /home/a/drone_with_mavsdk/install/drone_control_interfaces/include/drone_control_interfaces/drone_control_interfaces/srv/detail/license_info__rosidl_typesupport_fastrtps_cpp.hpp
[0.271s] -- Up-to-date: /home/a/drone_with_mavsdk/install/drone_control_interfaces/include/drone_control_interfaces/drone_control_interfaces/srv/detail/dds_fastrtps
[0.271s] -- Up-to-date: /home/a/drone_with_mavsdk/install/drone_control_interfaces/include/drone_control_interfaces/drone_control_interfaces/srv/detail/pos__rosidl_typesupport_fastrtps_cpp.hpp
[0.271s] -- Up-to-date: /home/a/drone_with_mavsdk/install/drone_control_interfaces/include/drone_control_interfaces/drone_control_interfaces/srv/detail/nav__rosidl_typesupport_fastrtps_cpp.hpp
[0.271s] -- Up-to-date: /home/a/drone_with_mavsdk/install/drone_control_interfaces/include/drone_control_interfaces/drone_control_interfaces/msg
[0.271s] -- Up-to-date: /home/a/drone_with_mavsdk/install/drone_control_interfaces/include/drone_control_interfaces/drone_control_interfaces/msg/rosidl_typesupport_fastrtps_cpp__visibility_control.h
[0.271s] -- Up-to-date: /home/a/drone_with_mavsdk/install/drone_control_interfaces/lib/libdrone_control_interfaces__rosidl_typesupport_fastrtps_cpp.so
[0.271s] -- Up-to-date: /home/a/drone_with_mavsdk/install/drone_control_interfaces/include/drone_control_interfaces/drone_control_interfaces
[0.271s] -- Up-to-date: /home/a/drone_with_mavsdk/install/drone_control_interfaces/include/drone_control_interfaces/drone_control_interfaces/srv
[0.271s] -- Up-to-date: /home/a/drone_with_mavsdk/install/drone_control_interfaces/include/drone_control_interfaces/drone_control_interfaces/srv/detail
[0.271s] -- Up-to-date: /home/a/drone_with_mavsdk/install/drone_control_interfaces/include/drone_control_interfaces/drone_control_interfaces/srv/detail/nav__type_support.cpp
[0.271s] -- Up-to-date: /home/a/drone_with_mavsdk/install/drone_control_interfaces/include/drone_control_interfaces/drone_control_interfaces/srv/detail/license_info__type_support.cpp
[0.271s] -- Up-to-date: /home/a/drone_with_mavsdk/install/drone_control_interfaces/include/drone_control_interfaces/drone_control_interfaces/srv/detail/pos__type_support.cpp
[0.271s] -- Up-to-date: /home/a/drone_with_mavsdk/install/drone_control_interfaces/include/drone_control_interfaces/drone_control_interfaces/srv/detail/nav__rosidl_typesupport_introspection_cpp.hpp
[0.271s] -- Up-to-date: /home/a/drone_with_mavsdk/install/drone_control_interfaces/include/drone_control_interfaces/drone_control_interfaces/srv/detail/license_info__rosidl_typesupport_introspection_cpp.hpp
[0.271s] -- Up-to-date: /home/a/drone_with_mavsdk/install/drone_control_interfaces/include/drone_control_interfaces/drone_control_interfaces/srv/detail/pos__rosidl_typesupport_introspection_cpp.hpp
[0.271s] -- Up-to-date: /home/a/drone_with_mavsdk/install/drone_control_interfaces/lib/libdrone_control_interfaces__rosidl_typesupport_introspection_cpp.so
[0.271s] -- Up-to-date: /home/a/drone_with_mavsdk/install/drone_control_interfaces/lib/libdrone_control_interfaces__rosidl_typesupport_cpp.so
[0.271s] -- Up-to-date: /home/a/drone_with_mavsdk/install/drone_control_interfaces/share/drone_control_interfaces/environment/pythonpath.sh
[0.271s] -- Up-to-date: /home/a/drone_with_mavsdk/install/drone_control_interfaces/share/drone_control_interfaces/environment/pythonpath.dsv
[0.271s] -- Up-to-date: /home/a/drone_with_mavsdk/install/drone_control_interfaces/local/lib/python3.10/dist-packages/drone_control_interfaces-0.0.0-py3.10.egg-info
[0.271s] -- Installing: /home/a/drone_with_mavsdk/install/drone_control_interfaces/local/lib/python3.10/dist-packages/drone_control_interfaces-0.0.0-py3.10.egg-info/top_level.txt
[0.271s] -- Installing: /home/a/drone_with_mavsdk/install/drone_control_interfaces/local/lib/python3.10/dist-packages/drone_control_interfaces-0.0.0-py3.10.egg-info/SOURCES.txt
[0.271s] -- Installing: /home/a/drone_with_mavsdk/install/drone_control_interfaces/local/lib/python3.10/dist-packages/drone_control_interfaces-0.0.0-py3.10.egg-info/dependency_links.txt
[0.271s] -- Installing: /home/a/drone_with_mavsdk/install/drone_control_interfaces/local/lib/python3.10/dist-packages/drone_control_interfaces-0.0.0-py3.10.egg-info/PKG-INFO
[0.271s] -- Up-to-date: /home/a/drone_with_mavsdk/install/drone_control_interfaces/local/lib/python3.10/dist-packages/drone_control_interfaces
[0.271s] -- Up-to-date: /home/a/drone_with_mavsdk/install/drone_control_interfaces/local/lib/python3.10/dist-packages/drone_control_interfaces/drone_control_interfaces_s__rosidl_typesupport_fastrtps_c.cpython-310-x86_64-linux-gnu.so
[0.272s] -- Up-to-date: /home/a/drone_with_mavsdk/install/drone_control_interfaces/local/lib/python3.10/dist-packages/drone_control_interfaces/srv
[0.272s] -- Up-to-date: /home/a/drone_with_mavsdk/install/drone_control_interfaces/local/lib/python3.10/dist-packages/drone_control_interfaces/srv/__init__.py
[0.272s] -- Up-to-date: /home/a/drone_with_mavsdk/install/drone_control_interfaces/local/lib/python3.10/dist-packages/drone_control_interfaces/srv/_license_info_s.c
[0.272s] -- Up-to-date: /home/a/drone_with_mavsdk/install/drone_control_interfaces/local/lib/python3.10/dist-packages/drone_control_interfaces/srv/_license_info.py
[0.272s] -- Up-to-date: /home/a/drone_with_mavsdk/install/drone_control_interfaces/local/lib/python3.10/dist-packages/drone_control_interfaces/srv/_nav.py
[0.272s] -- Up-to-date: /home/a/drone_with_mavsdk/install/drone_control_interfaces/local/lib/python3.10/dist-packages/drone_control_interfaces/srv/_pos.py
[0.272s] -- Up-to-date: /home/a/drone_with_mavsdk/install/drone_control_interfaces/local/lib/python3.10/dist-packages/drone_control_interfaces/srv/_pos_s.c
[0.272s] -- Up-to-date: /home/a/drone_with_mavsdk/install/drone_control_interfaces/local/lib/python3.10/dist-packages/drone_control_interfaces/srv/_nav_s.c
[0.272s] -- Up-to-date: /home/a/drone_with_mavsdk/install/drone_control_interfaces/local/lib/python3.10/dist-packages/drone_control_interfaces/__init__.py
[0.272s] -- Up-to-date: /home/a/drone_with_mavsdk/install/drone_control_interfaces/local/lib/python3.10/dist-packages/drone_control_interfaces/_drone_control_interfaces_s.ep.rosidl_typesupport_fastrtps_c.c
[0.272s] -- Up-to-date: /home/a/drone_with_mavsdk/install/drone_control_interfaces/local/lib/python3.10/dist-packages/drone_control_interfaces/drone_control_interfaces_s__rosidl_typesupport_c.cpython-310-x86_64-linux-gnu.so
[0.272s] -- Up-to-date: /home/a/drone_with_mavsdk/install/drone_control_interfaces/local/lib/python3.10/dist-packages/drone_control_interfaces/_drone_control_interfaces_s.ep.rosidl_typesupport_introspection_c.c
[0.272s] -- Up-to-date: /home/a/drone_with_mavsdk/install/drone_control_interfaces/local/lib/python3.10/dist-packages/drone_control_interfaces/_drone_control_interfaces_s.ep.rosidl_typesupport_c.c
[0.272s] -- Up-to-date: /home/a/drone_with_mavsdk/install/drone_control_interfaces/local/lib/python3.10/dist-packages/drone_control_interfaces/libdrone_control_interfaces__rosidl_generator_py.so
[0.272s] -- Up-to-date: /home/a/drone_with_mavsdk/install/drone_control_interfaces/local/lib/python3.10/dist-packages/drone_control_interfaces/drone_control_interfaces_s__rosidl_typesupport_introspection_c.cpython-310-x86_64-linux-gnu.so
[0.292s] Listing '/home/a/drone_with_mavsdk/install/drone_control_interfaces/local/lib/python3.10/dist-packages/drone_control_interfaces'...
[0.292s] Listing '/home/a/drone_with_mavsdk/install/drone_control_interfaces/local/lib/python3.10/dist-packages/drone_control_interfaces/srv'...
[0.295s] -- Up-to-date: /home/a/drone_with_mavsdk/install/drone_control_interfaces/local/lib/python3.10/dist-packages/drone_control_interfaces/drone_control_interfaces_s__rosidl_typesupport_fastrtps_c.cpython-310-x86_64-linux-gnu.so
[0.295s] -- Up-to-date: /home/a/drone_with_mavsdk/install/drone_control_interfaces/local/lib/python3.10/dist-packages/drone_control_interfaces/drone_control_interfaces_s__rosidl_typesupport_introspection_c.cpython-310-x86_64-linux-gnu.so
[0.295s] -- Up-to-date: /home/a/drone_with_mavsdk/install/drone_control_interfaces/local/lib/python3.10/dist-packages/drone_control_interfaces/drone_control_interfaces_s__rosidl_typesupport_c.cpython-310-x86_64-linux-gnu.so
[0.296s] -- Up-to-date: /home/a/drone_with_mavsdk/install/drone_control_interfaces/lib/libdrone_control_interfaces__rosidl_generator_py.so
[0.296s] -- Up-to-date: /home/a/drone_with_mavsdk/install/drone_control_interfaces/share/drone_control_interfaces/srv/Pos.idl
[0.296s] -- Up-to-date: /home/a/drone_with_mavsdk/install/drone_control_interfaces/share/drone_control_interfaces/srv/Nav.idl
[0.296s] -- Up-to-date: /home/a/drone_with_mavsdk/install/drone_control_interfaces/share/drone_control_interfaces/srv/LicenseInfo.idl
[0.296s] -- Up-to-date: /home/a/drone_with_mavsdk/install/drone_control_interfaces/share/drone_control_interfaces/interface/Pos.srv
[0.296s] -- Up-to-date: /home/a/drone_with_mavsdk/install/drone_control_interfaces/share/drone_control_interfaces/interface/Pos_Request.msg
[0.296s] -- Up-to-date: /home/a/drone_with_mavsdk/install/drone_control_interfaces/share/drone_control_interfaces/interface/Pos_Response.msg
[0.296s] -- Up-to-date: /home/a/drone_with_mavsdk/install/drone_control_interfaces/share/drone_control_interfaces/interface/Nav.srv
[0.297s] -- Up-to-date: /home/a/drone_with_mavsdk/install/drone_control_interfaces/share/drone_control_interfaces/interface/Nav_Request.msg
[0.297s] -- Up-to-date: /home/a/drone_with_mavsdk/install/drone_control_interfaces/share/drone_control_interfaces/interface/Nav_Response.msg
[0.297s] -- Up-to-date: /home/a/drone_with_mavsdk/install/drone_control_interfaces/share/drone_control_interfaces/interface/LicenseInfo.srv
[0.297s] -- Up-to-date: /home/a/drone_with_mavsdk/install/drone_control_interfaces/share/drone_control_interfaces/interface/LicenseInfo_Request.msg
[0.297s] -- Up-to-date: /home/a/drone_with_mavsdk/install/drone_control_interfaces/share/drone_control_interfaces/interface/LicenseInfo_Response.msg
[0.297s] -- Up-to-date: /home/a/drone_with_mavsdk/install/drone_control_interfaces/share/ament_index/resource_index/package_run_dependencies/drone_control_interfaces
[0.297s] -- Up-to-date: /home/a/drone_with_mavsdk/install/drone_control_interfaces/share/ament_index/resource_index/parent_prefix_path/drone_control_interfaces
[0.297s] -- Up-to-date: /home/a/drone_with_mavsdk/install/drone_control_interfaces/share/drone_control_interfaces/environment/ament_prefix_path.sh
[0.298s] -- Up-to-date: /home/a/drone_with_mavsdk/install/drone_control_interfaces/share/drone_control_interfaces/environment/ament_prefix_path.dsv
[0.298s] -- Up-to-date: /home/a/drone_with_mavsdk/install/drone_control_interfaces/share/drone_control_interfaces/environment/path.sh
[0.298s] -- Up-to-date: /home/a/drone_with_mavsdk/install/drone_control_interfaces/share/drone_control_interfaces/environment/path.dsv
[0.298s] -- Up-to-date: /home/a/drone_with_mavsdk/install/drone_control_interfaces/share/drone_control_interfaces/local_setup.bash
[0.298s] -- Up-to-date: /home/a/drone_with_mavsdk/install/drone_control_interfaces/share/drone_control_interfaces/local_setup.sh
[0.298s] -- Up-to-date: /home/a/drone_with_mavsdk/install/drone_control_interfaces/share/drone_control_interfaces/local_setup.zsh
[0.298s] -- Up-to-date: /home/a/drone_with_mavsdk/install/drone_control_interfaces/share/drone_control_interfaces/local_setup.dsv
[0.298s] -- Installing: /home/a/drone_with_mavsdk/install/drone_control_interfaces/share/drone_control_interfaces/package.dsv
[0.298s] -- Up-to-date: /home/a/drone_with_mavsdk/install/drone_control_interfaces/share/ament_index/resource_index/packages/drone_control_interfaces
[0.299s] -- Up-to-date: /home/a/drone_with_mavsdk/install/drone_control_interfaces/share/drone_control_interfaces/cmake/export_drone_control_interfaces__rosidl_generator_cExport.cmake
[0.299s] -- Up-to-date: /home/a/drone_with_mavsdk/install/drone_control_interfaces/share/drone_control_interfaces/cmake/export_drone_control_interfaces__rosidl_generator_cExport-noconfig.cmake
[0.299s] -- Up-to-date: /home/a/drone_with_mavsdk/install/drone_control_interfaces/share/drone_control_interfaces/cmake/export_drone_control_interfaces__rosidl_typesupport_fastrtps_cExport.cmake
[0.299s] -- Up-to-date: /home/a/drone_with_mavsdk/install/drone_control_interfaces/share/drone_control_interfaces/cmake/export_drone_control_interfaces__rosidl_typesupport_fastrtps_cExport-noconfig.cmake
[0.299s] -- Up-to-date: /home/a/drone_with_mavsdk/install/drone_control_interfaces/share/drone_control_interfaces/cmake/drone_control_interfaces__rosidl_typesupport_introspection_cExport.cmake
[0.299s] -- Up-to-date: /home/a/drone_with_mavsdk/install/drone_control_interfaces/share/drone_control_interfaces/cmake/drone_control_interfaces__rosidl_typesupport_introspection_cExport-noconfig.cmake
[0.299s] -- Up-to-date: /home/a/drone_with_mavsdk/install/drone_control_interfaces/share/drone_control_interfaces/cmake/drone_control_interfaces__rosidl_typesupport_cExport.cmake
[0.299s] -- Up-to-date: /home/a/drone_with_mavsdk/install/drone_control_interfaces/share/drone_control_interfaces/cmake/drone_control_interfaces__rosidl_typesupport_cExport-noconfig.cmake
[0.299s] -- Up-to-date: /home/a/drone_with_mavsdk/install/drone_control_interfaces/share/drone_control_interfaces/cmake/export_drone_control_interfaces__rosidl_generator_cppExport.cmake
[0.300s] -- Up-to-date: /home/a/drone_with_mavsdk/install/drone_control_interfaces/share/drone_control_interfaces/cmake/export_drone_control_interfaces__rosidl_typesupport_fastrtps_cppExport.cmake
[0.300s] -- Up-to-date: /home/a/drone_with_mavsdk/install/drone_control_interfaces/share/drone_control_interfaces/cmake/export_drone_control_interfaces__rosidl_typesupport_fastrtps_cppExport-noconfig.cmake
[0.300s] -- Up-to-date: /home/a/drone_with_mavsdk/install/drone_control_interfaces/share/drone_control_interfaces/cmake/drone_control_interfaces__rosidl_typesupport_introspection_cppExport.cmake
[0.300s] -- Up-to-date: /home/a/drone_with_mavsdk/install/drone_control_interfaces/share/drone_control_interfaces/cmake/drone_control_interfaces__rosidl_typesupport_introspection_cppExport-noconfig.cmake
[0.300s] -- Up-to-date: /home/a/drone_with_mavsdk/install/drone_control_interfaces/share/drone_control_interfaces/cmake/drone_control_interfaces__rosidl_typesupport_cppExport.cmake
[0.300s] -- Up-to-date: /home/a/drone_with_mavsdk/install/drone_control_interfaces/share/drone_control_interfaces/cmake/drone_control_interfaces__rosidl_typesupport_cppExport-noconfig.cmake
[0.300s] -- Up-to-date: /home/a/drone_with_mavsdk/install/drone_control_interfaces/share/drone_control_interfaces/cmake/export_drone_control_interfaces__rosidl_generator_pyExport.cmake
[0.300s] -- Up-to-date: /home/a/drone_with_mavsdk/install/drone_control_interfaces/share/drone_control_interfaces/cmake/export_drone_control_interfaces__rosidl_generator_pyExport-noconfig.cmake
[0.300s] -- Up-to-date: /home/a/drone_with_mavsdk/install/drone_control_interfaces/share/drone_control_interfaces/cmake/rosidl_cmake-extras.cmake
[0.300s] -- Up-to-date: /home/a/drone_with_mavsdk/install/drone_control_interfaces/share/drone_control_interfaces/cmake/ament_cmake_export_include_directories-extras.cmake
[0.300s] -- Up-to-date: /home/a/drone_with_mavsdk/install/drone_control_interfaces/share/drone_control_interfaces/cmake/ament_cmake_export_libraries-extras.cmake
[0.300s] -- Up-to-date: /home/a/drone_with_mavsdk/install/drone_control_interfaces/share/drone_control_interfaces/cmake/ament_cmake_export_targets-extras.cmake
[0.300s] -- Up-to-date: /home/a/drone_with_mavsdk/install/drone_control_interfaces/share/drone_control_interfaces/cmake/rosidl_cmake_export_typesupport_targets-extras.cmake
[0.300s] -- Up-to-date: /home/a/drone_with_mavsdk/install/drone_control_interfaces/share/drone_control_interfaces/cmake/ament_cmake_export_dependencies-extras.cmake
[0.300s] -- Up-to-date: /home/a/drone_with_mavsdk/install/drone_control_interfaces/share/drone_control_interfaces/cmake/rosidl_cmake_export_typesupport_libraries-extras.cmake
[0.300s] -- Up-to-date: /home/a/drone_with_mavsdk/install/drone_control_interfaces/share/drone_control_interfaces/cmake/drone_control_interfacesConfig.cmake
[0.301s] -- Up-to-date: /home/a/drone_with_mavsdk/install/drone_control_interfaces/share/drone_control_interfaces/cmake/drone_control_interfacesConfig-version.cmake
[0.301s] -- Up-to-date: /home/a/drone_with_mavsdk/install/drone_control_interfaces/share/drone_control_interfaces/package.xml
[0.322s] Invoked command in '/home/a/drone_with_mavsdk/build/drone_control_interfaces' returned '0': CMAKE_PREFIX_PATH=${CMAKE_PREFIX_PATH}:/home/a/drone_with_mavsdk/install/pid_test:/home/a/drone_with_mavsdk/install/opencv_tests:/home/a/drone_with_mavsdk/install/drone_control:/home/a/land_ws/install/pid_test:/home/a/land_ws/install/opencv_tests:/home/a/land_ws/install/drone_control:/opt/ros/humble /usr/bin/cmake --install /home/a/drone_with_mavsdk/build/drone_control_interfaces
