-- The C compiler identification is GNU 11.4.0
-- The CXX compiler identification is GNU 11.4.0
-- Detecting C compiler ABI info
-- Detecting C compiler ABI info - done
-- Check for working C compiler: /usr/bin/cc - skipped
-- Detecting C compile features
-- Detecting C compile features - done
-- Detecting CXX compiler ABI info
-- Detecting CXX compiler ABI info - done
-- Check for working CXX compiler: /usr/bin/c++ - skipped
-- Detecting CXX compile features
-- Detecting CXX compile features - done
-- Found ament_cmake: 1.3.12 (/opt/ros/humble/share/ament_cmake/cmake)
-- Found Python3: /usr/bin/python3 (found version "3.10.12") found components: Interpreter 
-- Found rclpy: 3.3.17 (/opt/ros/humble/share/rclpy/cmake)
-- Found sensor_msgs: 4.9.0 (/opt/ros/humble/share/sensor_msgs/cmake)
-- Found rosidl_generator_c: 3.1.7 (/opt/ros/humble/share/rosidl_generator_c/cmake)
-- Found rosidl_adapter: 3.1.7 (/opt/ros/humble/share/rosidl_adapter/cmake)
-- Found rosidl_generator_cpp: 3.1.7 (/opt/ros/humble/share/rosidl_generator_cpp/cmake)
-- Using all available rosidl_typesupport_c: rosidl_typesupport_fastrtps_c;rosidl_typesupport_introspection_c
-- Using all available rosidl_typesupport_cpp: rosidl_typesupport_fastrtps_cpp;rosidl_typesupport_introspection_cpp
-- Found cv_bridge: 4.1.0 (/home/a/drone_with_mavsdk/install/cv_bridge/share/cv_bridge/cmake)
-- Found rmw_implementation_cmake: 6.1.2 (/opt/ros/humble/share/rmw_implementation_cmake/cmake)
-- Found rmw_fastrtps_cpp: 6.2.8 (/opt/ros/humble/share/rmw_fastrtps_cpp/cmake)
-- Found OpenSSL: /usr/lib/x86_64-linux-gnu/libcrypto.so (found version "3.0.2")  
-- Found FastRTPS: /opt/ros/humble/include  
-- Using RMW implementation 'rmw_fastrtps_cpp' as default
-- Looking for pthread.h
-- Looking for pthread.h - found
-- Performing Test CMAKE_HAVE_LIBC_PTHREAD
-- Performing Test CMAKE_HAVE_LIBC_PTHREAD - Success
-- Found Threads: TRUE  
-- Found image_transport: 3.1.12 (/opt/ros/humble/share/image_transport/cmake)
-- Found ament_lint_auto: 0.12.14 (/opt/ros/humble/share/ament_lint_auto/cmake)
-- Configuring done
-- Generating done
-- Build files have been written to: /home/a/drone_with_mavsdk/build/plate_detection
Built target ament_cmake_python_copy_plate_detection
running egg_info
creating plate_detection.egg-info
writing plate_detection.egg-info/PKG-INFO
writing dependency_links to plate_detection.egg-info/dependency_links.txt
writing top-level names to plate_detection.egg-info/top_level.txt
writing manifest file 'plate_detection.egg-info/SOURCES.txt'
reading manifest file 'plate_detection.egg-info/SOURCES.txt'
writing manifest file 'plate_detection.egg-info/SOURCES.txt'
Built target ament_cmake_python_build_plate_detection_egg
-- Install configuration: ""
-- Installing: /home/a/drone_with_mavsdk/install/plate_detection/share/plate_detection/environment/pythonpath.sh
-- Installing: /home/a/drone_with_mavsdk/install/plate_detection/share/plate_detection/environment/pythonpath.dsv
-- Installing: /home/a/drone_with_mavsdk/install/plate_detection/local/lib/python3.10/dist-packages/plate_detection-0.0.1-py3.10.egg-info
-- Installing: /home/a/drone_with_mavsdk/install/plate_detection/local/lib/python3.10/dist-packages/plate_detection-0.0.1-py3.10.egg-info/top_level.txt
-- Installing: /home/a/drone_with_mavsdk/install/plate_detection/local/lib/python3.10/dist-packages/plate_detection-0.0.1-py3.10.egg-info/SOURCES.txt
-- Installing: /home/a/drone_with_mavsdk/install/plate_detection/local/lib/python3.10/dist-packages/plate_detection-0.0.1-py3.10.egg-info/dependency_links.txt
-- Installing: /home/a/drone_with_mavsdk/install/plate_detection/local/lib/python3.10/dist-packages/plate_detection-0.0.1-py3.10.egg-info/PKG-INFO
-- Installing: /home/a/drone_with_mavsdk/install/plate_detection/local/lib/python3.10/dist-packages/plate_detection
-- Installing: /home/a/drone_with_mavsdk/install/plate_detection/local/lib/python3.10/dist-packages/plate_detection/__init__.py
-- Installing: /home/a/drone_with_mavsdk/install/plate_detection/local/lib/python3.10/dist-packages/plate_detection/plate_detection_node.py
Listing '/home/a/drone_with_mavsdk/install/plate_detection/local/lib/python3.10/dist-packages/plate_detection'...
Compiling '/home/a/drone_with_mavsdk/install/plate_detection/local/lib/python3.10/dist-packages/plate_detection/__init__.py'...
Compiling '/home/a/drone_with_mavsdk/install/plate_detection/local/lib/python3.10/dist-packages/plate_detection/plate_detection_node.py'...
-- Installing: /home/a/drone_with_mavsdk/install/plate_detection/lib/plate_detection/plate_detection_node
-- Installing: /home/a/drone_with_mavsdk/install/plate_detection/share/plate_detection/launch
-- Installing: /home/a/drone_with_mavsdk/install/plate_detection/share/plate_detection/launch/plate_detection.launch.py
-- Installing: /home/a/drone_with_mavsdk/install/plate_detection/share/plate_detection/config
-- Installing: /home/a/drone_with_mavsdk/install/plate_detection/share/plate_detection/config/plate_detection_params.yaml
-- Installing: /home/a/drone_with_mavsdk/install/plate_detection/share/plate_detection/models
-- Installing: /home/a/drone_with_mavsdk/install/plate_detection/share/plate_detection/models/__init__.py
-- Installing: /home/a/drone_with_mavsdk/install/plate_detection/share/plate_detection/models/yolo.py
-- Installing: /home/a/drone_with_mavsdk/install/plate_detection/share/plate_detection/models/experimental.py
-- Installing: /home/a/drone_with_mavsdk/install/plate_detection/share/plate_detection/models/common.py
-- Installing: /home/a/drone_with_mavsdk/install/plate_detection/share/plate_detection/weights
-- Installing: /home/a/drone_with_mavsdk/install/plate_detection/share/plate_detection/weights/plate_detect.pt
-- Installing: /home/a/drone_with_mavsdk/install/plate_detection/share/plate_detection/weights/plate_rec_color.pth
-- Installing: /home/a/drone_with_mavsdk/install/plate_detection/share/plate_detection/fonts
-- Installing: /home/a/drone_with_mavsdk/install/plate_detection/share/plate_detection/fonts/platech.ttf
-- Installing: /home/a/drone_with_mavsdk/install/plate_detection/share/plate_detection/utils
-- Installing: /home/a/drone_with_mavsdk/install/plate_detection/share/plate_detection/utils/metrics.py
-- Installing: /home/a/drone_with_mavsdk/install/plate_detection/share/plate_detection/utils/torch_utils.py
-- Installing: /home/a/drone_with_mavsdk/install/plate_detection/share/plate_detection/utils/__init__.py
-- Installing: /home/a/drone_with_mavsdk/install/plate_detection/share/plate_detection/utils/datasets.py
-- Installing: /home/a/drone_with_mavsdk/install/plate_detection/share/plate_detection/utils/google_utils.py
-- Installing: /home/a/drone_with_mavsdk/install/plate_detection/share/plate_detection/utils/cv_puttext.py
-- Installing: /home/a/drone_with_mavsdk/install/plate_detection/share/plate_detection/utils/autoanchor.py
-- Installing: /home/a/drone_with_mavsdk/install/plate_detection/share/plate_detection/utils/plots.py
-- Installing: /home/a/drone_with_mavsdk/install/plate_detection/share/plate_detection/utils/general.py
-- Installing: /home/a/drone_with_mavsdk/install/plate_detection/share/plate_detection/plate_recognition
-- Installing: /home/a/drone_with_mavsdk/install/plate_detection/share/plate_detection/plate_recognition/plateNet.py
-- Installing: /home/a/drone_with_mavsdk/install/plate_detection/share/plate_detection/plate_recognition/plate_rec.py
-- Installing: /home/a/drone_with_mavsdk/install/plate_detection/share/plate_detection/plate_recognition/double_plate_split_merge.py
-- Installing: /home/a/drone_with_mavsdk/install/plate_detection/share/plate_detection/typing_patch.py
-- Installing: /home/a/drone_with_mavsdk/install/plate_detection/share/ament_index/resource_index/package_run_dependencies/plate_detection
-- Installing: /home/a/drone_with_mavsdk/install/plate_detection/share/ament_index/resource_index/parent_prefix_path/plate_detection
-- Installing: /home/a/drone_with_mavsdk/install/plate_detection/share/plate_detection/environment/ament_prefix_path.sh
-- Installing: /home/a/drone_with_mavsdk/install/plate_detection/share/plate_detection/environment/ament_prefix_path.dsv
-- Installing: /home/a/drone_with_mavsdk/install/plate_detection/share/plate_detection/environment/path.sh
-- Installing: /home/a/drone_with_mavsdk/install/plate_detection/share/plate_detection/environment/path.dsv
-- Installing: /home/a/drone_with_mavsdk/install/plate_detection/share/plate_detection/local_setup.bash
-- Installing: /home/a/drone_with_mavsdk/install/plate_detection/share/plate_detection/local_setup.sh
-- Installing: /home/a/drone_with_mavsdk/install/plate_detection/share/plate_detection/local_setup.zsh
-- Installing: /home/a/drone_with_mavsdk/install/plate_detection/share/plate_detection/local_setup.dsv
-- Installing: /home/a/drone_with_mavsdk/install/plate_detection/share/plate_detection/package.dsv
-- Installing: /home/a/drone_with_mavsdk/install/plate_detection/share/ament_index/resource_index/packages/plate_detection
-- Installing: /home/a/drone_with_mavsdk/install/plate_detection/share/plate_detection/cmake/plate_detectionConfig.cmake
-- Installing: /home/a/drone_with_mavsdk/install/plate_detection/share/plate_detection/cmake/plate_detectionConfig-version.cmake
-- Installing: /home/a/drone_with_mavsdk/install/plate_detection/share/plate_detection/package.xml
