[0.205s] Invoking command in '/home/a/drone_with_mavsdk/build/plate_detection': AMENT_PREFIX_PATH=/home/a/drone_with_mavsdk/install/cv_bridge:${AMENT_PREFIX_PATH} CMAKE_PREFIX_PATH=/home/a/drone_with_mavsdk/install/cv_bridge:/home/a/land_ws/install/vision_opencv:/home/a/land_ws/install/plate_detection:/home/a/land_ws/install/image_geometry:/home/a/land_ws/install/drone_control_interfaces:/home/a/land_ws/install/aruco_tracker:/home/a/land_ws/install/cv_bridge:/home/a/land_ws/install/pid_test:/home/a/land_ws/install/opencv_tests:/home/a/land_ws/install/drone_control:/opt/ros/humble LD_LIBRARY_PATH=/home/a/drone_with_mavsdk/install/cv_bridge/lib:/home/a/land_ws/install/image_geometry/lib:/home/a/land_ws/install/drone_control_interfaces/lib:/home/a/land_ws/install/cv_bridge/lib:/opt/ros/humble/opt/rviz_ogre_vendor/lib:/opt/ros/humble/lib/x86_64-linux-gnu:/opt/ros/humble/lib:/usr/local/cuda-11.6/lib64:/usr/local/cuda-11.6/lib64:/usr/local/cuda-11.6/lib64:/usr/local/cuda-11.6/lib64:/usr/local/cuda-11.6/lib64 PYTHONPATH=/home/a/drone_with_mavsdk/install/cv_bridge/local/lib/python3.10/dist-packages:${PYTHONPATH} /usr/bin/cmake /home/a/drone_with_mavsdk/src/plate_detection -DCMAKE_INSTALL_PREFIX=/home/a/drone_with_mavsdk/install/plate_detection
[0.238s] -- The C compiler identification is GNU 11.4.0
[0.269s] -- The CXX compiler identification is GNU 11.4.0
[0.272s] -- Detecting C compiler ABI info
[0.313s] -- Detecting C compiler ABI info - done
[0.316s] -- Check for working C compiler: /usr/bin/cc - skipped
[0.316s] -- Detecting C compile features
[0.316s] -- Detecting C compile features - done
[0.318s] -- Detecting CXX compiler ABI info
[0.362s] -- Detecting CXX compiler ABI info - done
[0.368s] -- Check for working CXX compiler: /usr/bin/c++ - skipped
[0.368s] -- Detecting CXX compile features
[0.368s] -- Detecting CXX compile features - done
[0.371s] -- Found ament_cmake: 1.3.12 (/opt/ros/humble/share/ament_cmake/cmake)
[0.560s] -- Found Python3: /usr/bin/python3 (found version "3.10.12") found components: Interpreter 
[0.608s] -- Found rclpy: 3.3.17 (/opt/ros/humble/share/rclpy/cmake)
[0.610s] -- Found sensor_msgs: 4.9.0 (/opt/ros/humble/share/sensor_msgs/cmake)
[0.630s] -- Found rosidl_generator_c: 3.1.7 (/opt/ros/humble/share/rosidl_generator_c/cmake)
[0.633s] -- Found rosidl_adapter: 3.1.7 (/opt/ros/humble/share/rosidl_adapter/cmake)
[0.637s] -- Found rosidl_generator_cpp: 3.1.7 (/opt/ros/humble/share/rosidl_generator_cpp/cmake)
[0.643s] -- Using all available rosidl_typesupport_c: rosidl_typesupport_fastrtps_c;rosidl_typesupport_introspection_c
[0.652s] -- Using all available rosidl_typesupport_cpp: rosidl_typesupport_fastrtps_cpp;rosidl_typesupport_introspection_cpp
[0.678s] -- Found cv_bridge: 4.1.0 (/home/a/drone_with_mavsdk/install/cv_bridge/share/cv_bridge/cmake)
[0.703s] -- Found rmw_implementation_cmake: 6.1.2 (/opt/ros/humble/share/rmw_implementation_cmake/cmake)
[0.705s] -- Found rmw_fastrtps_cpp: 6.2.8 (/opt/ros/humble/share/rmw_fastrtps_cpp/cmake)
[0.754s] -- Found OpenSSL: /usr/lib/x86_64-linux-gnu/libcrypto.so (found version "3.0.2")  
[0.770s] -- Found FastRTPS: /opt/ros/humble/include  
[0.794s] -- Using RMW implementation 'rmw_fastrtps_cpp' as default
[0.802s] -- Looking for pthread.h
[0.840s] -- Looking for pthread.h - found
[0.840s] -- Performing Test CMAKE_HAVE_LIBC_PTHREAD
[0.880s] -- Performing Test CMAKE_HAVE_LIBC_PTHREAD - Success
[0.881s] -- Found Threads: TRUE  
[0.901s] -- Found image_transport: 3.1.12 (/opt/ros/humble/share/image_transport/cmake)
[0.979s] -- Found ament_lint_auto: 0.12.14 (/opt/ros/humble/share/ament_lint_auto/cmake)
[1.045s] -- Configuring done
[1.046s] -- Generating done
[1.047s] -- Build files have been written to: /home/a/drone_with_mavsdk/build/plate_detection
[1.052s] Invoked command in '/home/a/drone_with_mavsdk/build/plate_detection' returned '0': AMENT_PREFIX_PATH=/home/a/drone_with_mavsdk/install/cv_bridge:${AMENT_PREFIX_PATH} CMAKE_PREFIX_PATH=/home/a/drone_with_mavsdk/install/cv_bridge:/home/a/land_ws/install/vision_opencv:/home/a/land_ws/install/plate_detection:/home/a/land_ws/install/image_geometry:/home/a/land_ws/install/drone_control_interfaces:/home/a/land_ws/install/aruco_tracker:/home/a/land_ws/install/cv_bridge:/home/a/land_ws/install/pid_test:/home/a/land_ws/install/opencv_tests:/home/a/land_ws/install/drone_control:/opt/ros/humble LD_LIBRARY_PATH=/home/a/drone_with_mavsdk/install/cv_bridge/lib:/home/a/land_ws/install/image_geometry/lib:/home/a/land_ws/install/drone_control_interfaces/lib:/home/a/land_ws/install/cv_bridge/lib:/opt/ros/humble/opt/rviz_ogre_vendor/lib:/opt/ros/humble/lib/x86_64-linux-gnu:/opt/ros/humble/lib:/usr/local/cuda-11.6/lib64:/usr/local/cuda-11.6/lib64:/usr/local/cuda-11.6/lib64:/usr/local/cuda-11.6/lib64:/usr/local/cuda-11.6/lib64 PYTHONPATH=/home/a/drone_with_mavsdk/install/cv_bridge/local/lib/python3.10/dist-packages:${PYTHONPATH} /usr/bin/cmake /home/a/drone_with_mavsdk/src/plate_detection -DCMAKE_INSTALL_PREFIX=/home/a/drone_with_mavsdk/install/plate_detection
[1.053s] Invoking command in '/home/a/drone_with_mavsdk/build/plate_detection': AMENT_PREFIX_PATH=/home/a/drone_with_mavsdk/install/cv_bridge:${AMENT_PREFIX_PATH} CMAKE_PREFIX_PATH=/home/a/drone_with_mavsdk/install/cv_bridge:/home/a/land_ws/install/vision_opencv:/home/a/land_ws/install/plate_detection:/home/a/land_ws/install/image_geometry:/home/a/land_ws/install/drone_control_interfaces:/home/a/land_ws/install/aruco_tracker:/home/a/land_ws/install/cv_bridge:/home/a/land_ws/install/pid_test:/home/a/land_ws/install/opencv_tests:/home/a/land_ws/install/drone_control:/opt/ros/humble LD_LIBRARY_PATH=/home/a/drone_with_mavsdk/install/cv_bridge/lib:/home/a/land_ws/install/image_geometry/lib:/home/a/land_ws/install/drone_control_interfaces/lib:/home/a/land_ws/install/cv_bridge/lib:/opt/ros/humble/opt/rviz_ogre_vendor/lib:/opt/ros/humble/lib/x86_64-linux-gnu:/opt/ros/humble/lib:/usr/local/cuda-11.6/lib64:/usr/local/cuda-11.6/lib64:/usr/local/cuda-11.6/lib64:/usr/local/cuda-11.6/lib64:/usr/local/cuda-11.6/lib64 PYTHONPATH=/home/a/drone_with_mavsdk/install/cv_bridge/local/lib/python3.10/dist-packages:${PYTHONPATH} /usr/bin/cmake --build /home/a/drone_with_mavsdk/build/plate_detection -- -j32 -l32
[1.088s] Built target ament_cmake_python_copy_plate_detection
[1.184s] running egg_info
[1.191s] creating plate_detection.egg-info
[1.191s] writing plate_detection.egg-info/PKG-INFO
[1.192s] writing dependency_links to plate_detection.egg-info/dependency_links.txt
[1.192s] writing top-level names to plate_detection.egg-info/top_level.txt
[1.192s] writing manifest file 'plate_detection.egg-info/SOURCES.txt'
[1.214s] reading manifest file 'plate_detection.egg-info/SOURCES.txt'
[1.214s] writing manifest file 'plate_detection.egg-info/SOURCES.txt'
[1.228s] Built target ament_cmake_python_build_plate_detection_egg
[1.234s] Invoked command in '/home/a/drone_with_mavsdk/build/plate_detection' returned '0': AMENT_PREFIX_PATH=/home/a/drone_with_mavsdk/install/cv_bridge:${AMENT_PREFIX_PATH} CMAKE_PREFIX_PATH=/home/a/drone_with_mavsdk/install/cv_bridge:/home/a/land_ws/install/vision_opencv:/home/a/land_ws/install/plate_detection:/home/a/land_ws/install/image_geometry:/home/a/land_ws/install/drone_control_interfaces:/home/a/land_ws/install/aruco_tracker:/home/a/land_ws/install/cv_bridge:/home/a/land_ws/install/pid_test:/home/a/land_ws/install/opencv_tests:/home/a/land_ws/install/drone_control:/opt/ros/humble LD_LIBRARY_PATH=/home/a/drone_with_mavsdk/install/cv_bridge/lib:/home/a/land_ws/install/image_geometry/lib:/home/a/land_ws/install/drone_control_interfaces/lib:/home/a/land_ws/install/cv_bridge/lib:/opt/ros/humble/opt/rviz_ogre_vendor/lib:/opt/ros/humble/lib/x86_64-linux-gnu:/opt/ros/humble/lib:/usr/local/cuda-11.6/lib64:/usr/local/cuda-11.6/lib64:/usr/local/cuda-11.6/lib64:/usr/local/cuda-11.6/lib64:/usr/local/cuda-11.6/lib64 PYTHONPATH=/home/a/drone_with_mavsdk/install/cv_bridge/local/lib/python3.10/dist-packages:${PYTHONPATH} /usr/bin/cmake --build /home/a/drone_with_mavsdk/build/plate_detection -- -j32 -l32
[1.235s] Invoking command in '/home/a/drone_with_mavsdk/build/plate_detection': AMENT_PREFIX_PATH=/home/a/drone_with_mavsdk/install/cv_bridge:${AMENT_PREFIX_PATH} CMAKE_PREFIX_PATH=/home/a/drone_with_mavsdk/install/cv_bridge:/home/a/land_ws/install/vision_opencv:/home/a/land_ws/install/plate_detection:/home/a/land_ws/install/image_geometry:/home/a/land_ws/install/drone_control_interfaces:/home/a/land_ws/install/aruco_tracker:/home/a/land_ws/install/cv_bridge:/home/a/land_ws/install/pid_test:/home/a/land_ws/install/opencv_tests:/home/a/land_ws/install/drone_control:/opt/ros/humble LD_LIBRARY_PATH=/home/a/drone_with_mavsdk/install/cv_bridge/lib:/home/a/land_ws/install/image_geometry/lib:/home/a/land_ws/install/drone_control_interfaces/lib:/home/a/land_ws/install/cv_bridge/lib:/opt/ros/humble/opt/rviz_ogre_vendor/lib:/opt/ros/humble/lib/x86_64-linux-gnu:/opt/ros/humble/lib:/usr/local/cuda-11.6/lib64:/usr/local/cuda-11.6/lib64:/usr/local/cuda-11.6/lib64:/usr/local/cuda-11.6/lib64:/usr/local/cuda-11.6/lib64 PYTHONPATH=/home/a/drone_with_mavsdk/install/cv_bridge/local/lib/python3.10/dist-packages:${PYTHONPATH} /usr/bin/cmake --install /home/a/drone_with_mavsdk/build/plate_detection
[1.238s] -- Install configuration: ""
[1.239s] -- Installing: /home/a/drone_with_mavsdk/install/plate_detection/share/plate_detection/environment/pythonpath.sh
[1.239s] -- Installing: /home/a/drone_with_mavsdk/install/plate_detection/share/plate_detection/environment/pythonpath.dsv
[1.239s] -- Installing: /home/a/drone_with_mavsdk/install/plate_detection/local/lib/python3.10/dist-packages/plate_detection-0.0.1-py3.10.egg-info
[1.239s] -- Installing: /home/a/drone_with_mavsdk/install/plate_detection/local/lib/python3.10/dist-packages/plate_detection-0.0.1-py3.10.egg-info/top_level.txt
[1.239s] -- Installing: /home/a/drone_with_mavsdk/install/plate_detection/local/lib/python3.10/dist-packages/plate_detection-0.0.1-py3.10.egg-info/SOURCES.txt
[1.239s] -- Installing: /home/a/drone_with_mavsdk/install/plate_detection/local/lib/python3.10/dist-packages/plate_detection-0.0.1-py3.10.egg-info/dependency_links.txt
[1.239s] -- Installing: /home/a/drone_with_mavsdk/install/plate_detection/local/lib/python3.10/dist-packages/plate_detection-0.0.1-py3.10.egg-info/PKG-INFO
[1.239s] -- Installing: /home/a/drone_with_mavsdk/install/plate_detection/local/lib/python3.10/dist-packages/plate_detection
[1.239s] -- Installing: /home/a/drone_with_mavsdk/install/plate_detection/local/lib/python3.10/dist-packages/plate_detection/__init__.py
[1.239s] -- Installing: /home/a/drone_with_mavsdk/install/plate_detection/local/lib/python3.10/dist-packages/plate_detection/plate_detection_node.py
[1.261s] Listing '/home/a/drone_with_mavsdk/install/plate_detection/local/lib/python3.10/dist-packages/plate_detection'...
[1.261s] Compiling '/home/a/drone_with_mavsdk/install/plate_detection/local/lib/python3.10/dist-packages/plate_detection/__init__.py'...
[1.261s] Compiling '/home/a/drone_with_mavsdk/install/plate_detection/local/lib/python3.10/dist-packages/plate_detection/plate_detection_node.py'...
[1.263s] -- Installing: /home/a/drone_with_mavsdk/install/plate_detection/lib/plate_detection/plate_detection_node
[1.263s] -- Installing: /home/a/drone_with_mavsdk/install/plate_detection/share/plate_detection/launch
[1.263s] -- Installing: /home/a/drone_with_mavsdk/install/plate_detection/share/plate_detection/launch/plate_detection.launch.py
[1.263s] -- Installing: /home/a/drone_with_mavsdk/install/plate_detection/share/plate_detection/config
[1.263s] -- Installing: /home/a/drone_with_mavsdk/install/plate_detection/share/plate_detection/config/plate_detection_params.yaml
[1.263s] -- Installing: /home/a/drone_with_mavsdk/install/plate_detection/share/plate_detection/models
[1.263s] -- Installing: /home/a/drone_with_mavsdk/install/plate_detection/share/plate_detection/models/__init__.py
[1.263s] -- Installing: /home/a/drone_with_mavsdk/install/plate_detection/share/plate_detection/models/yolo.py
[1.263s] -- Installing: /home/a/drone_with_mavsdk/install/plate_detection/share/plate_detection/models/experimental.py
[1.263s] -- Installing: /home/a/drone_with_mavsdk/install/plate_detection/share/plate_detection/models/common.py
[1.263s] -- Installing: /home/a/drone_with_mavsdk/install/plate_detection/share/plate_detection/weights
[1.263s] -- Installing: /home/a/drone_with_mavsdk/install/plate_detection/share/plate_detection/weights/plate_detect.pt
[1.264s] -- Installing: /home/a/drone_with_mavsdk/install/plate_detection/share/plate_detection/weights/plate_rec_color.pth
[1.264s] -- Installing: /home/a/drone_with_mavsdk/install/plate_detection/share/plate_detection/fonts
[1.264s] -- Installing: /home/a/drone_with_mavsdk/install/plate_detection/share/plate_detection/fonts/platech.ttf
[1.269s] -- Installing: /home/a/drone_with_mavsdk/install/plate_detection/share/plate_detection/utils
[1.269s] -- Installing: /home/a/drone_with_mavsdk/install/plate_detection/share/plate_detection/utils/metrics.py
[1.270s] -- Installing: /home/a/drone_with_mavsdk/install/plate_detection/share/plate_detection/utils/torch_utils.py
[1.270s] -- Installing: /home/a/drone_with_mavsdk/install/plate_detection/share/plate_detection/utils/__init__.py
[1.270s] -- Installing: /home/a/drone_with_mavsdk/install/plate_detection/share/plate_detection/utils/datasets.py
[1.270s] -- Installing: /home/a/drone_with_mavsdk/install/plate_detection/share/plate_detection/utils/google_utils.py
[1.270s] -- Installing: /home/a/drone_with_mavsdk/install/plate_detection/share/plate_detection/utils/cv_puttext.py
[1.270s] -- Installing: /home/a/drone_with_mavsdk/install/plate_detection/share/plate_detection/utils/autoanchor.py
[1.270s] -- Installing: /home/a/drone_with_mavsdk/install/plate_detection/share/plate_detection/utils/plots.py
[1.270s] -- Installing: /home/a/drone_with_mavsdk/install/plate_detection/share/plate_detection/utils/general.py
[1.270s] -- Installing: /home/a/drone_with_mavsdk/install/plate_detection/share/plate_detection/plate_recognition
[1.270s] -- Installing: /home/a/drone_with_mavsdk/install/plate_detection/share/plate_detection/plate_recognition/plateNet.py
[1.270s] -- Installing: /home/a/drone_with_mavsdk/install/plate_detection/share/plate_detection/plate_recognition/plate_rec.py
[1.270s] -- Installing: /home/a/drone_with_mavsdk/install/plate_detection/share/plate_detection/plate_recognition/double_plate_split_merge.py
[1.270s] -- Installing: /home/a/drone_with_mavsdk/install/plate_detection/share/plate_detection/typing_patch.py
[1.270s] -- Installing: /home/a/drone_with_mavsdk/install/plate_detection/share/ament_index/resource_index/package_run_dependencies/plate_detection
[1.270s] -- Installing: /home/a/drone_with_mavsdk/install/plate_detection/share/ament_index/resource_index/parent_prefix_path/plate_detection
[1.270s] -- Installing: /home/a/drone_with_mavsdk/install/plate_detection/share/plate_detection/environment/ament_prefix_path.sh
[1.270s] -- Installing: /home/a/drone_with_mavsdk/install/plate_detection/share/plate_detection/environment/ament_prefix_path.dsv
[1.270s] -- Installing: /home/a/drone_with_mavsdk/install/plate_detection/share/plate_detection/environment/path.sh
[1.270s] -- Installing: /home/a/drone_with_mavsdk/install/plate_detection/share/plate_detection/environment/path.dsv
[1.270s] -- Installing: /home/a/drone_with_mavsdk/install/plate_detection/share/plate_detection/local_setup.bash
[1.270s] -- Installing: /home/a/drone_with_mavsdk/install/plate_detection/share/plate_detection/local_setup.sh
[1.270s] -- Installing: /home/a/drone_with_mavsdk/install/plate_detection/share/plate_detection/local_setup.zsh
[1.270s] -- Installing: /home/a/drone_with_mavsdk/install/plate_detection/share/plate_detection/local_setup.dsv
[1.270s] -- Installing: /home/a/drone_with_mavsdk/install/plate_detection/share/plate_detection/package.dsv
[1.270s] -- Installing: /home/a/drone_with_mavsdk/install/plate_detection/share/ament_index/resource_index/packages/plate_detection
[1.270s] -- Installing: /home/a/drone_with_mavsdk/install/plate_detection/share/plate_detection/cmake/plate_detectionConfig.cmake
[1.270s] -- Installing: /home/a/drone_with_mavsdk/install/plate_detection/share/plate_detection/cmake/plate_detectionConfig-version.cmake
[1.270s] -- Installing: /home/a/drone_with_mavsdk/install/plate_detection/share/plate_detection/package.xml
[1.271s] Invoked command in '/home/a/drone_with_mavsdk/build/plate_detection' returned '0': AMENT_PREFIX_PATH=/home/a/drone_with_mavsdk/install/cv_bridge:${AMENT_PREFIX_PATH} CMAKE_PREFIX_PATH=/home/a/drone_with_mavsdk/install/cv_bridge:/home/a/land_ws/install/vision_opencv:/home/a/land_ws/install/plate_detection:/home/a/land_ws/install/image_geometry:/home/a/land_ws/install/drone_control_interfaces:/home/a/land_ws/install/aruco_tracker:/home/a/land_ws/install/cv_bridge:/home/a/land_ws/install/pid_test:/home/a/land_ws/install/opencv_tests:/home/a/land_ws/install/drone_control:/opt/ros/humble LD_LIBRARY_PATH=/home/a/drone_with_mavsdk/install/cv_bridge/lib:/home/a/land_ws/install/image_geometry/lib:/home/a/land_ws/install/drone_control_interfaces/lib:/home/a/land_ws/install/cv_bridge/lib:/opt/ros/humble/opt/rviz_ogre_vendor/lib:/opt/ros/humble/lib/x86_64-linux-gnu:/opt/ros/humble/lib:/usr/local/cuda-11.6/lib64:/usr/local/cuda-11.6/lib64:/usr/local/cuda-11.6/lib64:/usr/local/cuda-11.6/lib64:/usr/local/cuda-11.6/lib64 PYTHONPATH=/home/a/drone_with_mavsdk/install/cv_bridge/local/lib/python3.10/dist-packages:${PYTHONPATH} /usr/bin/cmake --install /home/a/drone_with_mavsdk/build/plate_detection
