[ 10%] Built target drone_control_interfaces__rosidl_generator_c
[ 12%] Built target drone_control_interfaces__cpp
[ 12%] Built target ament_cmake_python_copy_drone_control_interfaces
[ 31%] Built target drone_control_interfaces__rosidl_typesupport_c
[ 34%] Built target drone_control_interfaces__rosidl_typesupport_introspection_c
[ 55%] Built target drone_control_interfaces__rosidl_typesupport_cpp
[ 55%] Built target drone_control_interfaces__rosidl_typesupport_fastrtps_c
[ 65%] Built target drone_control_interfaces__rosidl_typesupport_fastrtps_cpp
[ 76%] Built target drone_control_interfaces__rosidl_typesupport_introspection_cpp
[ 76%] Built target drone_control_interfaces
[ 78%] Built target drone_control_interfaces__py
[ 87%] Built target drone_control_interfaces__rosidl_generator_py
[ 91%] Built target drone_control_interfaces__rosidl_typesupport_fastrtps_c__pyext
[100%] Built target drone_control_interfaces__rosidl_typesupport_introspection_c__pyext
[100%] Built target drone_control_interfaces__rosidl_typesupport_c__pyext
running egg_info
writing drone_control_interfaces.egg-info/PKG-INFO
writing dependency_links to drone_control_interfaces.egg-info/dependency_links.txt
writing top-level names to drone_control_interfaces.egg-info/top_level.txt
reading manifest file 'drone_control_interfaces.egg-info/SOURCES.txt'
writing manifest file 'drone_control_interfaces.egg-info/SOURCES.txt'
[100%] Built target ament_cmake_python_build_drone_control_interfaces_egg
-- Install configuration: ""
-- Up-to-date: /home/a/drone_with_mavsdk/install/drone_control_interfaces/share/ament_index/resource_index/rosidl_interfaces/drone_control_interfaces
-- Up-to-date: /home/a/drone_with_mavsdk/install/drone_control_interfaces/include/drone_control_interfaces/drone_control_interfaces
-- Up-to-date: /home/a/drone_with_mavsdk/install/drone_control_interfaces/include/drone_control_interfaces/drone_control_interfaces/srv
-- Up-to-date: /home/a/drone_with_mavsdk/install/drone_control_interfaces/include/drone_control_interfaces/drone_control_interfaces/srv/nav.h
-- Up-to-date: /home/a/drone_with_mavsdk/install/drone_control_interfaces/include/drone_control_interfaces/drone_control_interfaces/srv/detail
-- Up-to-date: /home/a/drone_with_mavsdk/install/drone_control_interfaces/include/drone_control_interfaces/drone_control_interfaces/srv/detail/pos__type_support.h
-- Up-to-date: /home/a/drone_with_mavsdk/install/drone_control_interfaces/include/drone_control_interfaces/drone_control_interfaces/srv/detail/nav__functions.c
-- Up-to-date: /home/a/drone_with_mavsdk/install/drone_control_interfaces/include/drone_control_interfaces/drone_control_interfaces/srv/detail/nav__type_support.h
-- Up-to-date: /home/a/drone_with_mavsdk/install/drone_control_interfaces/include/drone_control_interfaces/drone_control_interfaces/srv/detail/nav__struct.h
-- Up-to-date: /home/a/drone_with_mavsdk/install/drone_control_interfaces/include/drone_control_interfaces/drone_control_interfaces/srv/detail/license_info__functions.h
-- Up-to-date: /home/a/drone_with_mavsdk/install/drone_control_interfaces/include/drone_control_interfaces/drone_control_interfaces/srv/detail/pos__functions.c
-- Up-to-date: /home/a/drone_with_mavsdk/install/drone_control_interfaces/include/drone_control_interfaces/drone_control_interfaces/srv/detail/nav__functions.h
-- Up-to-date: /home/a/drone_with_mavsdk/install/drone_control_interfaces/include/drone_control_interfaces/drone_control_interfaces/srv/detail/license_info__struct.h
-- Up-to-date: /home/a/drone_with_mavsdk/install/drone_control_interfaces/include/drone_control_interfaces/drone_control_interfaces/srv/detail/license_info__functions.c
-- Up-to-date: /home/a/drone_with_mavsdk/install/drone_control_interfaces/include/drone_control_interfaces/drone_control_interfaces/srv/detail/pos__functions.h
-- Up-to-date: /home/a/drone_with_mavsdk/install/drone_control_interfaces/include/drone_control_interfaces/drone_control_interfaces/srv/detail/license_info__type_support.h
-- Up-to-date: /home/a/drone_with_mavsdk/install/drone_control_interfaces/include/drone_control_interfaces/drone_control_interfaces/srv/detail/pos__struct.h
-- Up-to-date: /home/a/drone_with_mavsdk/install/drone_control_interfaces/include/drone_control_interfaces/drone_control_interfaces/srv/license_info.h
-- Up-to-date: /home/a/drone_with_mavsdk/install/drone_control_interfaces/include/drone_control_interfaces/drone_control_interfaces/srv/pos.h
-- Up-to-date: /home/a/drone_with_mavsdk/install/drone_control_interfaces/include/drone_control_interfaces/drone_control_interfaces/msg
-- Up-to-date: /home/a/drone_with_mavsdk/install/drone_control_interfaces/include/drone_control_interfaces/drone_control_interfaces/msg/rosidl_generator_c__visibility_control.h
-- Up-to-date: /home/a/drone_with_mavsdk/install/drone_control_interfaces/share/drone_control_interfaces/environment/library_path.sh
-- Up-to-date: /home/a/drone_with_mavsdk/install/drone_control_interfaces/share/drone_control_interfaces/environment/library_path.dsv
-- Up-to-date: /home/a/drone_with_mavsdk/install/drone_control_interfaces/lib/libdrone_control_interfaces__rosidl_generator_c.so
-- Up-to-date: /home/a/drone_with_mavsdk/install/drone_control_interfaces/include/drone_control_interfaces/drone_control_interfaces
-- Up-to-date: /home/a/drone_with_mavsdk/install/drone_control_interfaces/include/drone_control_interfaces/drone_control_interfaces/srv
-- Up-to-date: /home/a/drone_with_mavsdk/install/drone_control_interfaces/include/drone_control_interfaces/drone_control_interfaces/srv/detail
-- Up-to-date: /home/a/drone_with_mavsdk/install/drone_control_interfaces/include/drone_control_interfaces/drone_control_interfaces/srv/detail/license_info__rosidl_typesupport_fastrtps_c.h
-- Up-to-date: /home/a/drone_with_mavsdk/install/drone_control_interfaces/include/drone_control_interfaces/drone_control_interfaces/srv/detail/pos__rosidl_typesupport_fastrtps_c.h
-- Up-to-date: /home/a/drone_with_mavsdk/install/drone_control_interfaces/include/drone_control_interfaces/drone_control_interfaces/srv/detail/nav__rosidl_typesupport_fastrtps_c.h
-- Up-to-date: /home/a/drone_with_mavsdk/install/drone_control_interfaces/include/drone_control_interfaces/drone_control_interfaces/msg
-- Up-to-date: /home/a/drone_with_mavsdk/install/drone_control_interfaces/include/drone_control_interfaces/drone_control_interfaces/msg/rosidl_typesupport_fastrtps_c__visibility_control.h
-- Up-to-date: /home/a/drone_with_mavsdk/install/drone_control_interfaces/lib/libdrone_control_interfaces__rosidl_typesupport_fastrtps_c.so
-- Up-to-date: /home/a/drone_with_mavsdk/install/drone_control_interfaces/include/drone_control_interfaces/drone_control_interfaces
-- Up-to-date: /home/a/drone_with_mavsdk/install/drone_control_interfaces/include/drone_control_interfaces/drone_control_interfaces/srv
-- Up-to-date: /home/a/drone_with_mavsdk/install/drone_control_interfaces/include/drone_control_interfaces/drone_control_interfaces/srv/detail
-- Up-to-date: /home/a/drone_with_mavsdk/install/drone_control_interfaces/include/drone_control_interfaces/drone_control_interfaces/srv/detail/nav__type_support.c
-- Up-to-date: /home/a/drone_with_mavsdk/install/drone_control_interfaces/include/drone_control_interfaces/drone_control_interfaces/srv/detail/license_info__type_support.c
-- Up-to-date: /home/a/drone_with_mavsdk/install/drone_control_interfaces/include/drone_control_interfaces/drone_control_interfaces/srv/detail/pos__rosidl_typesupport_introspection_c.h
-- Up-to-date: /home/a/drone_with_mavsdk/install/drone_control_interfaces/include/drone_control_interfaces/drone_control_interfaces/srv/detail/nav__rosidl_typesupport_introspection_c.h
-- Up-to-date: /home/a/drone_with_mavsdk/install/drone_control_interfaces/include/drone_control_interfaces/drone_control_interfaces/srv/detail/pos__type_support.c
-- Up-to-date: /home/a/drone_with_mavsdk/install/drone_control_interfaces/include/drone_control_interfaces/drone_control_interfaces/srv/detail/license_info__rosidl_typesupport_introspection_c.h
-- Up-to-date: /home/a/drone_with_mavsdk/install/drone_control_interfaces/include/drone_control_interfaces/drone_control_interfaces/msg
-- Up-to-date: /home/a/drone_with_mavsdk/install/drone_control_interfaces/include/drone_control_interfaces/drone_control_interfaces/msg/rosidl_typesupport_introspection_c__visibility_control.h
-- Up-to-date: /home/a/drone_with_mavsdk/install/drone_control_interfaces/lib/libdrone_control_interfaces__rosidl_typesupport_introspection_c.so
-- Up-to-date: /home/a/drone_with_mavsdk/install/drone_control_interfaces/lib/libdrone_control_interfaces__rosidl_typesupport_c.so
-- Up-to-date: /home/a/drone_with_mavsdk/install/drone_control_interfaces/include/drone_control_interfaces/drone_control_interfaces
-- Up-to-date: /home/a/drone_with_mavsdk/install/drone_control_interfaces/include/drone_control_interfaces/drone_control_interfaces/srv
-- Up-to-date: /home/a/drone_with_mavsdk/install/drone_control_interfaces/include/drone_control_interfaces/drone_control_interfaces/srv/pos.hpp
-- Up-to-date: /home/a/drone_with_mavsdk/install/drone_control_interfaces/include/drone_control_interfaces/drone_control_interfaces/srv/detail
-- Up-to-date: /home/a/drone_with_mavsdk/install/drone_control_interfaces/include/drone_control_interfaces/drone_control_interfaces/srv/detail/license_info__struct.hpp
-- Up-to-date: /home/a/drone_with_mavsdk/install/drone_control_interfaces/include/drone_control_interfaces/drone_control_interfaces/srv/detail/pos__traits.hpp
-- Up-to-date: /home/a/drone_with_mavsdk/install/drone_control_interfaces/include/drone_control_interfaces/drone_control_interfaces/srv/detail/license_info__traits.hpp
-- Up-to-date: /home/a/drone_with_mavsdk/install/drone_control_interfaces/include/drone_control_interfaces/drone_control_interfaces/srv/detail/nav__struct.hpp
-- Up-to-date: /home/a/drone_with_mavsdk/install/drone_control_interfaces/include/drone_control_interfaces/drone_control_interfaces/srv/detail/pos__builder.hpp
-- Up-to-date: /home/a/drone_with_mavsdk/install/drone_control_interfaces/include/drone_control_interfaces/drone_control_interfaces/srv/detail/pos__struct.hpp
-- Up-to-date: /home/a/drone_with_mavsdk/install/drone_control_interfaces/include/drone_control_interfaces/drone_control_interfaces/srv/detail/nav__type_support.hpp
-- Up-to-date: /home/a/drone_with_mavsdk/install/drone_control_interfaces/include/drone_control_interfaces/drone_control_interfaces/srv/detail/license_info__builder.hpp
-- Up-to-date: /home/a/drone_with_mavsdk/install/drone_control_interfaces/include/drone_control_interfaces/drone_control_interfaces/srv/detail/pos__type_support.hpp
-- Up-to-date: /home/a/drone_with_mavsdk/install/drone_control_interfaces/include/drone_control_interfaces/drone_control_interfaces/srv/detail/license_info__type_support.hpp
-- Up-to-date: /home/a/drone_with_mavsdk/install/drone_control_interfaces/include/drone_control_interfaces/drone_control_interfaces/srv/detail/nav__builder.hpp
-- Up-to-date: /home/a/drone_with_mavsdk/install/drone_control_interfaces/include/drone_control_interfaces/drone_control_interfaces/srv/detail/nav__traits.hpp
-- Up-to-date: /home/a/drone_with_mavsdk/install/drone_control_interfaces/include/drone_control_interfaces/drone_control_interfaces/srv/license_info.hpp
-- Up-to-date: /home/a/drone_with_mavsdk/install/drone_control_interfaces/include/drone_control_interfaces/drone_control_interfaces/srv/nav.hpp
-- Up-to-date: /home/a/drone_with_mavsdk/install/drone_control_interfaces/include/drone_control_interfaces/drone_control_interfaces/msg
-- Up-to-date: /home/a/drone_with_mavsdk/install/drone_control_interfaces/include/drone_control_interfaces/drone_control_interfaces/msg/rosidl_generator_cpp__visibility_control.hpp
-- Up-to-date: /home/a/drone_with_mavsdk/install/drone_control_interfaces/include/drone_control_interfaces/drone_control_interfaces
-- Up-to-date: /home/a/drone_with_mavsdk/install/drone_control_interfaces/include/drone_control_interfaces/drone_control_interfaces/srv
-- Up-to-date: /home/a/drone_with_mavsdk/install/drone_control_interfaces/include/drone_control_interfaces/drone_control_interfaces/srv/detail
-- Up-to-date: /home/a/drone_with_mavsdk/install/drone_control_interfaces/include/drone_control_interfaces/drone_control_interfaces/srv/detail/license_info__rosidl_typesupport_fastrtps_cpp.hpp
-- Up-to-date: /home/a/drone_with_mavsdk/install/drone_control_interfaces/include/drone_control_interfaces/drone_control_interfaces/srv/detail/dds_fastrtps
-- Up-to-date: /home/a/drone_with_mavsdk/install/drone_control_interfaces/include/drone_control_interfaces/drone_control_interfaces/srv/detail/pos__rosidl_typesupport_fastrtps_cpp.hpp
-- Up-to-date: /home/a/drone_with_mavsdk/install/drone_control_interfaces/include/drone_control_interfaces/drone_control_interfaces/srv/detail/nav__rosidl_typesupport_fastrtps_cpp.hpp
-- Up-to-date: /home/a/drone_with_mavsdk/install/drone_control_interfaces/include/drone_control_interfaces/drone_control_interfaces/msg
-- Up-to-date: /home/a/drone_with_mavsdk/install/drone_control_interfaces/include/drone_control_interfaces/drone_control_interfaces/msg/rosidl_typesupport_fastrtps_cpp__visibility_control.h
-- Up-to-date: /home/a/drone_with_mavsdk/install/drone_control_interfaces/lib/libdrone_control_interfaces__rosidl_typesupport_fastrtps_cpp.so
-- Up-to-date: /home/a/drone_with_mavsdk/install/drone_control_interfaces/include/drone_control_interfaces/drone_control_interfaces
-- Up-to-date: /home/a/drone_with_mavsdk/install/drone_control_interfaces/include/drone_control_interfaces/drone_control_interfaces/srv
-- Up-to-date: /home/a/drone_with_mavsdk/install/drone_control_interfaces/include/drone_control_interfaces/drone_control_interfaces/srv/detail
-- Up-to-date: /home/a/drone_with_mavsdk/install/drone_control_interfaces/include/drone_control_interfaces/drone_control_interfaces/srv/detail/nav__type_support.cpp
-- Up-to-date: /home/a/drone_with_mavsdk/install/drone_control_interfaces/include/drone_control_interfaces/drone_control_interfaces/srv/detail/license_info__type_support.cpp
-- Up-to-date: /home/a/drone_with_mavsdk/install/drone_control_interfaces/include/drone_control_interfaces/drone_control_interfaces/srv/detail/pos__type_support.cpp
-- Up-to-date: /home/a/drone_with_mavsdk/install/drone_control_interfaces/include/drone_control_interfaces/drone_control_interfaces/srv/detail/nav__rosidl_typesupport_introspection_cpp.hpp
-- Up-to-date: /home/a/drone_with_mavsdk/install/drone_control_interfaces/include/drone_control_interfaces/drone_control_interfaces/srv/detail/license_info__rosidl_typesupport_introspection_cpp.hpp
-- Up-to-date: /home/a/drone_with_mavsdk/install/drone_control_interfaces/include/drone_control_interfaces/drone_control_interfaces/srv/detail/pos__rosidl_typesupport_introspection_cpp.hpp
-- Up-to-date: /home/a/drone_with_mavsdk/install/drone_control_interfaces/lib/libdrone_control_interfaces__rosidl_typesupport_introspection_cpp.so
-- Up-to-date: /home/a/drone_with_mavsdk/install/drone_control_interfaces/lib/libdrone_control_interfaces__rosidl_typesupport_cpp.so
-- Up-to-date: /home/a/drone_with_mavsdk/install/drone_control_interfaces/share/drone_control_interfaces/environment/pythonpath.sh
-- Up-to-date: /home/a/drone_with_mavsdk/install/drone_control_interfaces/share/drone_control_interfaces/environment/pythonpath.dsv
-- Up-to-date: /home/a/drone_with_mavsdk/install/drone_control_interfaces/local/lib/python3.10/dist-packages/drone_control_interfaces-0.0.0-py3.10.egg-info
-- Installing: /home/a/drone_with_mavsdk/install/drone_control_interfaces/local/lib/python3.10/dist-packages/drone_control_interfaces-0.0.0-py3.10.egg-info/top_level.txt
-- Installing: /home/a/drone_with_mavsdk/install/drone_control_interfaces/local/lib/python3.10/dist-packages/drone_control_interfaces-0.0.0-py3.10.egg-info/SOURCES.txt
-- Installing: /home/a/drone_with_mavsdk/install/drone_control_interfaces/local/lib/python3.10/dist-packages/drone_control_interfaces-0.0.0-py3.10.egg-info/dependency_links.txt
-- Installing: /home/a/drone_with_mavsdk/install/drone_control_interfaces/local/lib/python3.10/dist-packages/drone_control_interfaces-0.0.0-py3.10.egg-info/PKG-INFO
-- Up-to-date: /home/a/drone_with_mavsdk/install/drone_control_interfaces/local/lib/python3.10/dist-packages/drone_control_interfaces
-- Up-to-date: /home/a/drone_with_mavsdk/install/drone_control_interfaces/local/lib/python3.10/dist-packages/drone_control_interfaces/drone_control_interfaces_s__rosidl_typesupport_fastrtps_c.cpython-310-x86_64-linux-gnu.so
-- Up-to-date: /home/a/drone_with_mavsdk/install/drone_control_interfaces/local/lib/python3.10/dist-packages/drone_control_interfaces/srv
-- Up-to-date: /home/a/drone_with_mavsdk/install/drone_control_interfaces/local/lib/python3.10/dist-packages/drone_control_interfaces/srv/__init__.py
-- Up-to-date: /home/a/drone_with_mavsdk/install/drone_control_interfaces/local/lib/python3.10/dist-packages/drone_control_interfaces/srv/_license_info_s.c
-- Up-to-date: /home/a/drone_with_mavsdk/install/drone_control_interfaces/local/lib/python3.10/dist-packages/drone_control_interfaces/srv/_license_info.py
-- Up-to-date: /home/a/drone_with_mavsdk/install/drone_control_interfaces/local/lib/python3.10/dist-packages/drone_control_interfaces/srv/_nav.py
-- Up-to-date: /home/a/drone_with_mavsdk/install/drone_control_interfaces/local/lib/python3.10/dist-packages/drone_control_interfaces/srv/_pos.py
-- Up-to-date: /home/a/drone_with_mavsdk/install/drone_control_interfaces/local/lib/python3.10/dist-packages/drone_control_interfaces/srv/_pos_s.c
-- Up-to-date: /home/a/drone_with_mavsdk/install/drone_control_interfaces/local/lib/python3.10/dist-packages/drone_control_interfaces/srv/_nav_s.c
-- Up-to-date: /home/a/drone_with_mavsdk/install/drone_control_interfaces/local/lib/python3.10/dist-packages/drone_control_interfaces/__init__.py
-- Up-to-date: /home/a/drone_with_mavsdk/install/drone_control_interfaces/local/lib/python3.10/dist-packages/drone_control_interfaces/_drone_control_interfaces_s.ep.rosidl_typesupport_fastrtps_c.c
-- Up-to-date: /home/a/drone_with_mavsdk/install/drone_control_interfaces/local/lib/python3.10/dist-packages/drone_control_interfaces/drone_control_interfaces_s__rosidl_typesupport_c.cpython-310-x86_64-linux-gnu.so
-- Up-to-date: /home/a/drone_with_mavsdk/install/drone_control_interfaces/local/lib/python3.10/dist-packages/drone_control_interfaces/_drone_control_interfaces_s.ep.rosidl_typesupport_introspection_c.c
-- Up-to-date: /home/a/drone_with_mavsdk/install/drone_control_interfaces/local/lib/python3.10/dist-packages/drone_control_interfaces/_drone_control_interfaces_s.ep.rosidl_typesupport_c.c
-- Up-to-date: /home/a/drone_with_mavsdk/install/drone_control_interfaces/local/lib/python3.10/dist-packages/drone_control_interfaces/libdrone_control_interfaces__rosidl_generator_py.so
-- Up-to-date: /home/a/drone_with_mavsdk/install/drone_control_interfaces/local/lib/python3.10/dist-packages/drone_control_interfaces/drone_control_interfaces_s__rosidl_typesupport_introspection_c.cpython-310-x86_64-linux-gnu.so
Listing '/home/a/drone_with_mavsdk/install/drone_control_interfaces/local/lib/python3.10/dist-packages/drone_control_interfaces'...
Listing '/home/a/drone_with_mavsdk/install/drone_control_interfaces/local/lib/python3.10/dist-packages/drone_control_interfaces/srv'...
-- Up-to-date: /home/a/drone_with_mavsdk/install/drone_control_interfaces/local/lib/python3.10/dist-packages/drone_control_interfaces/drone_control_interfaces_s__rosidl_typesupport_fastrtps_c.cpython-310-x86_64-linux-gnu.so
-- Up-to-date: /home/a/drone_with_mavsdk/install/drone_control_interfaces/local/lib/python3.10/dist-packages/drone_control_interfaces/drone_control_interfaces_s__rosidl_typesupport_introspection_c.cpython-310-x86_64-linux-gnu.so
-- Up-to-date: /home/a/drone_with_mavsdk/install/drone_control_interfaces/local/lib/python3.10/dist-packages/drone_control_interfaces/drone_control_interfaces_s__rosidl_typesupport_c.cpython-310-x86_64-linux-gnu.so
-- Up-to-date: /home/a/drone_with_mavsdk/install/drone_control_interfaces/lib/libdrone_control_interfaces__rosidl_generator_py.so
-- Up-to-date: /home/a/drone_with_mavsdk/install/drone_control_interfaces/share/drone_control_interfaces/srv/Pos.idl
-- Up-to-date: /home/a/drone_with_mavsdk/install/drone_control_interfaces/share/drone_control_interfaces/srv/Nav.idl
-- Up-to-date: /home/a/drone_with_mavsdk/install/drone_control_interfaces/share/drone_control_interfaces/srv/LicenseInfo.idl
-- Up-to-date: /home/a/drone_with_mavsdk/install/drone_control_interfaces/share/drone_control_interfaces/interface/Pos.srv
-- Up-to-date: /home/a/drone_with_mavsdk/install/drone_control_interfaces/share/drone_control_interfaces/interface/Pos_Request.msg
-- Up-to-date: /home/a/drone_with_mavsdk/install/drone_control_interfaces/share/drone_control_interfaces/interface/Pos_Response.msg
-- Up-to-date: /home/a/drone_with_mavsdk/install/drone_control_interfaces/share/drone_control_interfaces/interface/Nav.srv
-- Up-to-date: /home/a/drone_with_mavsdk/install/drone_control_interfaces/share/drone_control_interfaces/interface/Nav_Request.msg
-- Up-to-date: /home/a/drone_with_mavsdk/install/drone_control_interfaces/share/drone_control_interfaces/interface/Nav_Response.msg
-- Up-to-date: /home/a/drone_with_mavsdk/install/drone_control_interfaces/share/drone_control_interfaces/interface/LicenseInfo.srv
-- Up-to-date: /home/a/drone_with_mavsdk/install/drone_control_interfaces/share/drone_control_interfaces/interface/LicenseInfo_Request.msg
-- Up-to-date: /home/a/drone_with_mavsdk/install/drone_control_interfaces/share/drone_control_interfaces/interface/LicenseInfo_Response.msg
-- Up-to-date: /home/a/drone_with_mavsdk/install/drone_control_interfaces/share/ament_index/resource_index/package_run_dependencies/drone_control_interfaces
-- Up-to-date: /home/a/drone_with_mavsdk/install/drone_control_interfaces/share/ament_index/resource_index/parent_prefix_path/drone_control_interfaces
-- Up-to-date: /home/a/drone_with_mavsdk/install/drone_control_interfaces/share/drone_control_interfaces/environment/ament_prefix_path.sh
-- Up-to-date: /home/a/drone_with_mavsdk/install/drone_control_interfaces/share/drone_control_interfaces/environment/ament_prefix_path.dsv
-- Up-to-date: /home/a/drone_with_mavsdk/install/drone_control_interfaces/share/drone_control_interfaces/environment/path.sh
-- Up-to-date: /home/a/drone_with_mavsdk/install/drone_control_interfaces/share/drone_control_interfaces/environment/path.dsv
-- Up-to-date: /home/a/drone_with_mavsdk/install/drone_control_interfaces/share/drone_control_interfaces/local_setup.bash
-- Up-to-date: /home/a/drone_with_mavsdk/install/drone_control_interfaces/share/drone_control_interfaces/local_setup.sh
-- Up-to-date: /home/a/drone_with_mavsdk/install/drone_control_interfaces/share/drone_control_interfaces/local_setup.zsh
-- Up-to-date: /home/a/drone_with_mavsdk/install/drone_control_interfaces/share/drone_control_interfaces/local_setup.dsv
-- Installing: /home/a/drone_with_mavsdk/install/drone_control_interfaces/share/drone_control_interfaces/package.dsv
-- Up-to-date: /home/a/drone_with_mavsdk/install/drone_control_interfaces/share/ament_index/resource_index/packages/drone_control_interfaces
-- Up-to-date: /home/a/drone_with_mavsdk/install/drone_control_interfaces/share/drone_control_interfaces/cmake/export_drone_control_interfaces__rosidl_generator_cExport.cmake
-- Up-to-date: /home/a/drone_with_mavsdk/install/drone_control_interfaces/share/drone_control_interfaces/cmake/export_drone_control_interfaces__rosidl_generator_cExport-noconfig.cmake
-- Up-to-date: /home/a/drone_with_mavsdk/install/drone_control_interfaces/share/drone_control_interfaces/cmake/export_drone_control_interfaces__rosidl_typesupport_fastrtps_cExport.cmake
-- Up-to-date: /home/a/drone_with_mavsdk/install/drone_control_interfaces/share/drone_control_interfaces/cmake/export_drone_control_interfaces__rosidl_typesupport_fastrtps_cExport-noconfig.cmake
-- Up-to-date: /home/a/drone_with_mavsdk/install/drone_control_interfaces/share/drone_control_interfaces/cmake/drone_control_interfaces__rosidl_typesupport_introspection_cExport.cmake
-- Up-to-date: /home/a/drone_with_mavsdk/install/drone_control_interfaces/share/drone_control_interfaces/cmake/drone_control_interfaces__rosidl_typesupport_introspection_cExport-noconfig.cmake
-- Up-to-date: /home/a/drone_with_mavsdk/install/drone_control_interfaces/share/drone_control_interfaces/cmake/drone_control_interfaces__rosidl_typesupport_cExport.cmake
-- Up-to-date: /home/a/drone_with_mavsdk/install/drone_control_interfaces/share/drone_control_interfaces/cmake/drone_control_interfaces__rosidl_typesupport_cExport-noconfig.cmake
-- Up-to-date: /home/a/drone_with_mavsdk/install/drone_control_interfaces/share/drone_control_interfaces/cmake/export_drone_control_interfaces__rosidl_generator_cppExport.cmake
-- Up-to-date: /home/a/drone_with_mavsdk/install/drone_control_interfaces/share/drone_control_interfaces/cmake/export_drone_control_interfaces__rosidl_typesupport_fastrtps_cppExport.cmake
-- Up-to-date: /home/a/drone_with_mavsdk/install/drone_control_interfaces/share/drone_control_interfaces/cmake/export_drone_control_interfaces__rosidl_typesupport_fastrtps_cppExport-noconfig.cmake
-- Up-to-date: /home/a/drone_with_mavsdk/install/drone_control_interfaces/share/drone_control_interfaces/cmake/drone_control_interfaces__rosidl_typesupport_introspection_cppExport.cmake
-- Up-to-date: /home/a/drone_with_mavsdk/install/drone_control_interfaces/share/drone_control_interfaces/cmake/drone_control_interfaces__rosidl_typesupport_introspection_cppExport-noconfig.cmake
-- Up-to-date: /home/a/drone_with_mavsdk/install/drone_control_interfaces/share/drone_control_interfaces/cmake/drone_control_interfaces__rosidl_typesupport_cppExport.cmake
-- Up-to-date: /home/a/drone_with_mavsdk/install/drone_control_interfaces/share/drone_control_interfaces/cmake/drone_control_interfaces__rosidl_typesupport_cppExport-noconfig.cmake
-- Up-to-date: /home/a/drone_with_mavsdk/install/drone_control_interfaces/share/drone_control_interfaces/cmake/export_drone_control_interfaces__rosidl_generator_pyExport.cmake
-- Up-to-date: /home/a/drone_with_mavsdk/install/drone_control_interfaces/share/drone_control_interfaces/cmake/export_drone_control_interfaces__rosidl_generator_pyExport-noconfig.cmake
-- Up-to-date: /home/a/drone_with_mavsdk/install/drone_control_interfaces/share/drone_control_interfaces/cmake/rosidl_cmake-extras.cmake
-- Up-to-date: /home/a/drone_with_mavsdk/install/drone_control_interfaces/share/drone_control_interfaces/cmake/ament_cmake_export_include_directories-extras.cmake
-- Up-to-date: /home/a/drone_with_mavsdk/install/drone_control_interfaces/share/drone_control_interfaces/cmake/ament_cmake_export_libraries-extras.cmake
-- Up-to-date: /home/a/drone_with_mavsdk/install/drone_control_interfaces/share/drone_control_interfaces/cmake/ament_cmake_export_targets-extras.cmake
-- Up-to-date: /home/a/drone_with_mavsdk/install/drone_control_interfaces/share/drone_control_interfaces/cmake/rosidl_cmake_export_typesupport_targets-extras.cmake
-- Up-to-date: /home/a/drone_with_mavsdk/install/drone_control_interfaces/share/drone_control_interfaces/cmake/ament_cmake_export_dependencies-extras.cmake
-- Up-to-date: /home/a/drone_with_mavsdk/install/drone_control_interfaces/share/drone_control_interfaces/cmake/rosidl_cmake_export_typesupport_libraries-extras.cmake
-- Up-to-date: /home/a/drone_with_mavsdk/install/drone_control_interfaces/share/drone_control_interfaces/cmake/drone_control_interfacesConfig.cmake
-- Up-to-date: /home/a/drone_with_mavsdk/install/drone_control_interfaces/share/drone_control_interfaces/cmake/drone_control_interfacesConfig-version.cmake
-- Up-to-date: /home/a/drone_with_mavsdk/install/drone_control_interfaces/share/drone_control_interfaces/package.xml
