[0.011s] Invoking command in '/home/a/drone_with_mavsdk/build/cv_bridge': CMAKE_PREFIX_PATH=${CMAKE_PREFIX_PATH}:/home/a/land_ws/install/pid_test:/home/a/land_ws/install/opencv_tests:/home/a/land_ws/install/drone_control:/opt/ros/humble /usr/bin/cmake --build /home/a/drone_with_mavsdk/build/cv_bridge -- -j32 -l32
[0.040s] [35m[1mConsolidate compiler generated dependencies of target gtest[0m
[0.041s] [35m[1mConsolidate compiler generated dependencies of target gtest_main[0m
[0.043s] [35m[1mConsolidate compiler generated dependencies of target cv_bridge[0m
[0.056s] [ 11%] Built target gtest
[0.060s] [ 22%] Built target gtest_main
[0.066s] [ 22%] Built target ament_cmake_python_copy_cv_bridge
[0.068s] [ 44%] Built target cv_bridge
[0.085s] [35m[1mConsolidate compiler generated dependencies of target cv_bridge-utest[0m
[0.086s] [35m[1mConsolidate compiler generated dependencies of target cv_bridge_boost[0m
[0.104s] [ 83%] Built target cv_bridge-utest
[0.106s] [100%] Built target cv_bridge_boost
[0.193s] running egg_info
[0.200s] writing cv_bridge.egg-info/PKG-INFO
[0.200s] writing dependency_links to cv_bridge.egg-info/dependency_links.txt
[0.201s] writing top-level names to cv_bridge.egg-info/top_level.txt
[0.222s] reading manifest file 'cv_bridge.egg-info/SOURCES.txt'
[0.223s] writing manifest file 'cv_bridge.egg-info/SOURCES.txt'
[0.239s] [100%] Built target ament_cmake_python_build_cv_bridge_egg
[0.246s] Invoked command in '/home/a/drone_with_mavsdk/build/cv_bridge' returned '0': CMAKE_PREFIX_PATH=${CMAKE_PREFIX_PATH}:/home/a/land_ws/install/pid_test:/home/a/land_ws/install/opencv_tests:/home/a/land_ws/install/drone_control:/opt/ros/humble /usr/bin/cmake --build /home/a/drone_with_mavsdk/build/cv_bridge -- -j32 -l32
[0.246s] Invoking command in '/home/a/drone_with_mavsdk/build/cv_bridge': CMAKE_PREFIX_PATH=${CMAKE_PREFIX_PATH}:/home/a/land_ws/install/pid_test:/home/a/land_ws/install/opencv_tests:/home/a/land_ws/install/drone_control:/opt/ros/humble /usr/bin/cmake --install /home/a/drone_with_mavsdk/build/cv_bridge
[0.251s] -- Install configuration: ""
[0.251s] -- Up-to-date: /home/a/drone_with_mavsdk/install/cv_bridge/share/cv_bridge/environment/pythonpath.sh
[0.251s] -- Up-to-date: /home/a/drone_with_mavsdk/install/cv_bridge/share/cv_bridge/environment/pythonpath.dsv
[0.252s] -- Up-to-date: /home/a/drone_with_mavsdk/install/cv_bridge/local/lib/python3.10/dist-packages/cv_bridge-4.1.0-py3.10.egg-info
[0.252s] -- Installing: /home/a/drone_with_mavsdk/install/cv_bridge/local/lib/python3.10/dist-packages/cv_bridge-4.1.0-py3.10.egg-info/top_level.txt
[0.252s] -- Installing: /home/a/drone_with_mavsdk/install/cv_bridge/local/lib/python3.10/dist-packages/cv_bridge-4.1.0-py3.10.egg-info/SOURCES.txt
[0.252s] -- Installing: /home/a/drone_with_mavsdk/install/cv_bridge/local/lib/python3.10/dist-packages/cv_bridge-4.1.0-py3.10.egg-info/dependency_links.txt
[0.252s] -- Installing: /home/a/drone_with_mavsdk/install/cv_bridge/local/lib/python3.10/dist-packages/cv_bridge-4.1.0-py3.10.egg-info/PKG-INFO
[0.252s] -- Up-to-date: /home/a/drone_with_mavsdk/install/cv_bridge/local/lib/python3.10/dist-packages/cv_bridge
[0.252s] -- Up-to-date: /home/a/drone_with_mavsdk/install/cv_bridge/local/lib/python3.10/dist-packages/cv_bridge/__init__.py
[0.252s] -- Up-to-date: /home/a/drone_with_mavsdk/install/cv_bridge/local/lib/python3.10/dist-packages/cv_bridge/core.py
[0.266s] Listing '/home/a/drone_with_mavsdk/install/cv_bridge/local/lib/python3.10/dist-packages/cv_bridge'...
[0.266s] Listing '/home/a/drone_with_mavsdk/install/cv_bridge/local/lib/python3.10/dist-packages/cv_bridge/boost'...
[0.269s] -- Up-to-date: /home/a/drone_with_mavsdk/install/cv_bridge/lib/libcv_bridge.so
[0.269s] -- Up-to-date: /home/a/drone_with_mavsdk/install/cv_bridge/include/cv_bridge/cv_bridge/cv_bridge_export.h
[0.269s] -- Up-to-date: /home/a/drone_with_mavsdk/install/cv_bridge/local/lib/python3.10/dist-packages/cv_bridge/boost/cv_bridge_boost.so
[0.269s] -- Up-to-date: /home/a/drone_with_mavsdk/install/cv_bridge/include/cv_bridge
[0.269s] -- Up-to-date: /home/a/drone_with_mavsdk/install/cv_bridge/include/cv_bridge/cv_bridge
[0.269s] -- Up-to-date: /home/a/drone_with_mavsdk/install/cv_bridge/include/cv_bridge/cv_bridge/cv_mat_sensor_msgs_image_type_adapter.hpp
[0.269s] -- Up-to-date: /home/a/drone_with_mavsdk/install/cv_bridge/include/cv_bridge/cv_bridge/rgb_colors.hpp
[0.269s] -- Up-to-date: /home/a/drone_with_mavsdk/install/cv_bridge/include/cv_bridge/cv_bridge/visibility_control.h
[0.269s] -- Up-to-date: /home/a/drone_with_mavsdk/install/cv_bridge/include/cv_bridge/cv_bridge/cv_bridge.hpp
[0.269s] -- Up-to-date: /home/a/drone_with_mavsdk/install/cv_bridge/lib/libcv_bridge.so
[0.269s] -- Up-to-date: /home/a/drone_with_mavsdk/install/cv_bridge/share/ament_index/resource_index/package_run_dependencies/cv_bridge
[0.269s] -- Up-to-date: /home/a/drone_with_mavsdk/install/cv_bridge/share/ament_index/resource_index/parent_prefix_path/cv_bridge
[0.269s] -- Up-to-date: /home/a/drone_with_mavsdk/install/cv_bridge/share/cv_bridge/environment/ament_prefix_path.sh
[0.269s] -- Up-to-date: /home/a/drone_with_mavsdk/install/cv_bridge/share/cv_bridge/environment/ament_prefix_path.dsv
[0.269s] -- Up-to-date: /home/a/drone_with_mavsdk/install/cv_bridge/share/cv_bridge/environment/path.sh
[0.269s] -- Up-to-date: /home/a/drone_with_mavsdk/install/cv_bridge/share/cv_bridge/environment/path.dsv
[0.270s] -- Up-to-date: /home/a/drone_with_mavsdk/install/cv_bridge/share/cv_bridge/local_setup.bash
[0.270s] -- Up-to-date: /home/a/drone_with_mavsdk/install/cv_bridge/share/cv_bridge/local_setup.sh
[0.270s] -- Up-to-date: /home/a/drone_with_mavsdk/install/cv_bridge/share/cv_bridge/local_setup.zsh
[0.270s] -- Up-to-date: /home/a/drone_with_mavsdk/install/cv_bridge/share/cv_bridge/local_setup.dsv
[0.270s] -- Installing: /home/a/drone_with_mavsdk/install/cv_bridge/share/cv_bridge/package.dsv
[0.270s] -- Up-to-date: /home/a/drone_with_mavsdk/install/cv_bridge/share/ament_index/resource_index/packages/cv_bridge
[0.270s] -- Up-to-date: /home/a/drone_with_mavsdk/install/cv_bridge/share/cv_bridge/cmake/export_cv_bridgeExport.cmake
[0.270s] -- Up-to-date: /home/a/drone_with_mavsdk/install/cv_bridge/share/cv_bridge/cmake/export_cv_bridgeExport-noconfig.cmake
[0.270s] -- Up-to-date: /home/a/drone_with_mavsdk/install/cv_bridge/share/cv_bridge/cmake/cv_bridge-extras.cmake
[0.270s] -- Up-to-date: /home/a/drone_with_mavsdk/install/cv_bridge/share/cv_bridge/cmake/ament_cmake_export_dependencies-extras.cmake
[0.270s] -- Up-to-date: /home/a/drone_with_mavsdk/install/cv_bridge/share/cv_bridge/cmake/ament_cmake_export_targets-extras.cmake
[0.270s] -- Up-to-date: /home/a/drone_with_mavsdk/install/cv_bridge/share/cv_bridge/cmake/cv_bridgeConfig.cmake
[0.270s] -- Up-to-date: /home/a/drone_with_mavsdk/install/cv_bridge/share/cv_bridge/cmake/cv_bridgeConfig-version.cmake
[0.270s] -- Up-to-date: /home/a/drone_with_mavsdk/install/cv_bridge/share/cv_bridge/package.xml
[0.272s] Invoked command in '/home/a/drone_with_mavsdk/build/cv_bridge' returned '0': CMAKE_PREFIX_PATH=${CMAKE_PREFIX_PATH}:/home/a/land_ws/install/pid_test:/home/a/land_ws/install/opencv_tests:/home/a/land_ws/install/drone_control:/opt/ros/humble /usr/bin/cmake --install /home/a/drone_with_mavsdk/build/cv_bridge
