[0.017s] Invoking command in '/home/a/drone_with_mavsdk/build/cv_bridge': CMAKE_PREFIX_PATH=${CMAKE_PREFIX_PATH}:/home/a/land_ws/install/pid_test:/home/a/land_ws/install/opencv_tests:/home/a/land_ws/install/drone_control:/opt/ros/humble /usr/bin/cmake /home/a/drone_with_mavsdk/src/vision_opencv/cv_bridge -DCMAKE_INSTALL_PREFIX=/home/a/drone_with_mavsdk/install/cv_bridge
[0.082s] -- The C compiler identification is GNU 11.4.0
[0.126s] -- The CXX compiler identification is GNU 11.4.0
[0.131s] -- Detecting C compiler ABI info
[0.171s] -- Detecting C compiler ABI info - done
[0.177s] -- Check for working C compiler: /usr/bin/cc - skipped
[0.177s] -- Detecting C compile features
[0.177s] -- Detecting C compile features - done
[0.179s] -- Detecting CXX compiler ABI info
[0.223s] -- Detecting CXX compiler ABI info - done
[0.228s] -- Check for working CXX compiler: /usr/bin/c++ - skipped
[0.229s] -- Detecting CXX compile features
[0.229s] -- Detecting CXX compile features - done
[0.230s] -- Found ament_cmake_ros: 0.10.0 (/opt/ros/humble/share/ament_cmake_ros/cmake)
[0.419s] -- Found Python3: /usr/bin/python3 (found version "3.10.12") found components: Interpreter 
[0.967s] -- Found Python3: /usr/include/python3.10 (found version "3.10.12") found components: Development NumPy Interpreter Development.Module Development.Embed 
[0.981s] -- Found Boost: /usr/lib/x86_64-linux-gnu/cmake/Boost-1.74.0/BoostConfig.cmake (found version "1.74.0") found components: python310 
[0.983s] -- Found rclcpp: 16.0.14 (/opt/ros/humble/share/rclcpp/cmake)
[1.004s] -- Found rosidl_generator_c: 3.1.7 (/opt/ros/humble/share/rosidl_generator_c/cmake)
[1.007s] -- Found rosidl_adapter: 3.1.7 (/opt/ros/humble/share/rosidl_adapter/cmake)
[1.011s] -- Found rosidl_generator_cpp: 3.1.7 (/opt/ros/humble/share/rosidl_generator_cpp/cmake)
[1.017s] -- Using all available rosidl_typesupport_c: rosidl_typesupport_fastrtps_c;rosidl_typesupport_introspection_c
[1.025s] -- Using all available rosidl_typesupport_cpp: rosidl_typesupport_fastrtps_cpp;rosidl_typesupport_introspection_cpp
[1.055s] -- Found rmw_implementation_cmake: 6.1.2 (/opt/ros/humble/share/rmw_implementation_cmake/cmake)
[1.057s] -- Found rmw_fastrtps_cpp: 6.2.8 (/opt/ros/humble/share/rmw_fastrtps_cpp/cmake)
[1.121s] -- Found OpenSSL: /usr/lib/x86_64-linux-gnu/libcrypto.so (found version "3.0.2")  
[1.141s] -- Found FastRTPS: /opt/ros/humble/include  
[1.164s] -- Using RMW implementation 'rmw_fastrtps_cpp' as default
[1.170s] -- Looking for pthread.h
[1.210s] -- Looking for pthread.h - found
[1.211s] -- Performing Test CMAKE_HAVE_LIBC_PTHREAD
[1.260s] -- Performing Test CMAKE_HAVE_LIBC_PTHREAD - Success
[1.260s] -- Found Threads: TRUE  
[1.305s] -- Found sensor_msgs: 4.9.0 (/opt/ros/humble/share/sensor_msgs/cmake)
[1.398s] -- Performing Test COMPILER_HAS_HIDDEN_VISIBILITY
[1.451s] -- Performing Test COMPILER_HAS_HIDDEN_VISIBILITY - Success
[1.452s] -- Performing Test COMPILER_HAS_HIDDEN_INLINE_VISIBILITY
[1.504s] -- Performing Test COMPILER_HAS_HIDDEN_INLINE_VISIBILITY - Success
[1.504s] -- Performing Test COMPILER_HAS_DEPRECATED_ATTR
[1.550s] -- Performing Test COMPILER_HAS_DEPRECATED_ATTR - Success
[1.554s] -- Found ament_lint_auto: 0.12.14 (/opt/ros/humble/share/ament_lint_auto/cmake)
[1.618s] -- Found gtest sources under '/opt/ros/humble/src/gtest_vendor': C++ tests using 'Google Test' will be built
[2.149s] -- Configuring done
[2.158s] -- Generating done
[2.162s] -- Build files have been written to: /home/a/drone_with_mavsdk/build/cv_bridge
[2.168s] Invoked command in '/home/a/drone_with_mavsdk/build/cv_bridge' returned '0': CMAKE_PREFIX_PATH=${CMAKE_PREFIX_PATH}:/home/a/land_ws/install/pid_test:/home/a/land_ws/install/opencv_tests:/home/a/land_ws/install/drone_control:/opt/ros/humble /usr/bin/cmake /home/a/drone_with_mavsdk/src/vision_opencv/cv_bridge -DCMAKE_INSTALL_PREFIX=/home/a/drone_with_mavsdk/install/cv_bridge
[2.169s] Invoking command in '/home/a/drone_with_mavsdk/build/cv_bridge': CMAKE_PREFIX_PATH=${CMAKE_PREFIX_PATH}:/home/a/land_ws/install/pid_test:/home/a/land_ws/install/opencv_tests:/home/a/land_ws/install/drone_control:/opt/ros/humble /usr/bin/cmake --build /home/a/drone_with_mavsdk/build/cv_bridge -- -j32 -l32
[2.197s] [  5%] [32mBuilding CXX object src/CMakeFiles/cv_bridge.dir/rgb_colors.cpp.o[0m
[2.199s] [ 16%] [32mBuilding CXX object gtest/CMakeFiles/gtest_main.dir/src/gtest_main.cc.o[0m
[2.199s] [ 16%] [32mBuilding CXX object src/CMakeFiles/cv_bridge.dir/cv_bridge.cpp.o[0m
[2.199s] [ 22%] [32mBuilding CXX object gtest/CMakeFiles/gtest.dir/src/gtest-all.cc.o[0m
[2.199s] [ 27%] [32mBuilding CXX object src/CMakeFiles/cv_bridge.dir/cv_mat_sensor_msgs_image_type_adapter.cpp.o[0m
[2.201s] [ 27%] Built target ament_cmake_python_copy_cv_bridge
[2.304s] running egg_info
[2.312s] creating cv_bridge.egg-info
[2.312s] writing cv_bridge.egg-info/PKG-INFO
[2.312s] writing dependency_links to cv_bridge.egg-info/dependency_links.txt
[2.312s] writing top-level names to cv_bridge.egg-info/top_level.txt
[2.312s] writing manifest file 'cv_bridge.egg-info/SOURCES.txt'
[2.333s] reading manifest file 'cv_bridge.egg-info/SOURCES.txt'
[2.334s] writing manifest file 'cv_bridge.egg-info/SOURCES.txt'
[2.350s] [ 27%] Built target ament_cmake_python_build_cv_bridge_egg
[2.577s] [ 33%] [32m[1mLinking CXX static library libgtest_main.a[0m
[2.615s] [ 33%] Built target gtest_main
[3.550s] [ 38%] [32m[1mLinking CXX static library libgtest.a[0m
[3.600s] [ 38%] Built target gtest
[3.976s] [ 44%] [32m[1mLinking CXX shared library libcv_bridge.so[0m
[4.078s] [ 44%] Built target cv_bridge
[4.091s] [ 50%] [32mBuilding CXX object src/CMakeFiles/cv_bridge_boost.dir/module.cpp.o[0m
[4.091s] [ 55%] [32mBuilding CXX object test/CMakeFiles/cv_bridge-utest.dir/utest2.cpp.o[0m
[4.091s] [ 61%] [32mBuilding CXX object src/CMakeFiles/cv_bridge_boost.dir/module_opencv4.cpp.o[0m
[4.092s] [ 66%] [32mBuilding CXX object test/CMakeFiles/cv_bridge-utest.dir/test_endian.cpp.o[0m
[4.092s] [ 77%] [32mBuilding CXX object test/CMakeFiles/cv_bridge-utest.dir/test_compression.cpp.o[0m
[4.092s] [ 77%] [32mBuilding CXX object test/CMakeFiles/cv_bridge-utest.dir/utest.cpp.o[0m
[4.092s] [ 83%] [32mBuilding CXX object test/CMakeFiles/cv_bridge-utest.dir/test_rgb_colors.cpp.o[0m
[4.092s] [ 88%] [32mBuilding CXX object test/CMakeFiles/cv_bridge-utest.dir/test_dynamic_scaling.cpp.o[0m
[5.051s] [ 94%] [32m[1mLinking CXX executable cv_bridge-utest[0m
[5.173s] [ 94%] Built target cv_bridge-utest
[5.600s] [100%] [32m[1mLinking CXX shared module boost/cv_bridge_boost.so[0m
[5.686s] [100%] Built target cv_bridge_boost
[5.693s] Invoked command in '/home/a/drone_with_mavsdk/build/cv_bridge' returned '0': CMAKE_PREFIX_PATH=${CMAKE_PREFIX_PATH}:/home/a/land_ws/install/pid_test:/home/a/land_ws/install/opencv_tests:/home/a/land_ws/install/drone_control:/opt/ros/humble /usr/bin/cmake --build /home/a/drone_with_mavsdk/build/cv_bridge -- -j32 -l32
[5.694s] Invoking command in '/home/a/drone_with_mavsdk/build/cv_bridge': CMAKE_PREFIX_PATH=${CMAKE_PREFIX_PATH}:/home/a/land_ws/install/pid_test:/home/a/land_ws/install/opencv_tests:/home/a/land_ws/install/drone_control:/opt/ros/humble /usr/bin/cmake --install /home/a/drone_with_mavsdk/build/cv_bridge
[5.698s] -- Install configuration: ""
[5.698s] -- Installing: /home/a/drone_with_mavsdk/install/cv_bridge/share/cv_bridge/environment/pythonpath.sh
[5.698s] -- Installing: /home/a/drone_with_mavsdk/install/cv_bridge/share/cv_bridge/environment/pythonpath.dsv
[5.698s] -- Installing: /home/a/drone_with_mavsdk/install/cv_bridge/local/lib/python3.10/dist-packages/cv_bridge-4.1.0-py3.10.egg-info
[5.698s] -- Installing: /home/a/drone_with_mavsdk/install/cv_bridge/local/lib/python3.10/dist-packages/cv_bridge-4.1.0-py3.10.egg-info/top_level.txt
[5.698s] -- Installing: /home/a/drone_with_mavsdk/install/cv_bridge/local/lib/python3.10/dist-packages/cv_bridge-4.1.0-py3.10.egg-info/SOURCES.txt
[5.698s] -- Installing: /home/a/drone_with_mavsdk/install/cv_bridge/local/lib/python3.10/dist-packages/cv_bridge-4.1.0-py3.10.egg-info/dependency_links.txt
[5.698s] -- Installing: /home/a/drone_with_mavsdk/install/cv_bridge/local/lib/python3.10/dist-packages/cv_bridge-4.1.0-py3.10.egg-info/PKG-INFO
[5.698s] -- Installing: /home/a/drone_with_mavsdk/install/cv_bridge/local/lib/python3.10/dist-packages/cv_bridge
[5.698s] -- Installing: /home/a/drone_with_mavsdk/install/cv_bridge/local/lib/python3.10/dist-packages/cv_bridge/__init__.py
[5.698s] -- Installing: /home/a/drone_with_mavsdk/install/cv_bridge/local/lib/python3.10/dist-packages/cv_bridge/core.py
[5.716s] Listing '/home/a/drone_with_mavsdk/install/cv_bridge/local/lib/python3.10/dist-packages/cv_bridge'...
[5.716s] Compiling '/home/a/drone_with_mavsdk/install/cv_bridge/local/lib/python3.10/dist-packages/cv_bridge/__init__.py'...
[5.716s] Compiling '/home/a/drone_with_mavsdk/install/cv_bridge/local/lib/python3.10/dist-packages/cv_bridge/core.py'...
[5.718s] -- Installing: /home/a/drone_with_mavsdk/install/cv_bridge/lib/libcv_bridge.so
[5.718s] -- Set runtime path of "/home/a/drone_with_mavsdk/install/cv_bridge/lib/libcv_bridge.so" to ""
[5.718s] -- Installing: /home/a/drone_with_mavsdk/install/cv_bridge/include/cv_bridge/cv_bridge/cv_bridge_export.h
[5.719s] -- Installing: /home/a/drone_with_mavsdk/install/cv_bridge/local/lib/python3.10/dist-packages/cv_bridge/boost/cv_bridge_boost.so
[5.719s] -- Set runtime path of "/home/a/drone_with_mavsdk/install/cv_bridge/local/lib/python3.10/dist-packages/cv_bridge/boost/cv_bridge_boost.so" to ""
[5.719s] -- Up-to-date: /home/a/drone_with_mavsdk/install/cv_bridge/include/cv_bridge
[5.719s] -- Up-to-date: /home/a/drone_with_mavsdk/install/cv_bridge/include/cv_bridge/cv_bridge
[5.719s] -- Installing: /home/a/drone_with_mavsdk/install/cv_bridge/include/cv_bridge/cv_bridge/cv_mat_sensor_msgs_image_type_adapter.hpp
[5.719s] -- Installing: /home/a/drone_with_mavsdk/install/cv_bridge/include/cv_bridge/cv_bridge/rgb_colors.hpp
[5.719s] -- Installing: /home/a/drone_with_mavsdk/install/cv_bridge/include/cv_bridge/cv_bridge/visibility_control.h
[5.719s] -- Installing: /home/a/drone_with_mavsdk/install/cv_bridge/include/cv_bridge/cv_bridge/cv_bridge.hpp
[5.719s] -- Up-to-date: /home/a/drone_with_mavsdk/install/cv_bridge/lib/libcv_bridge.so
[5.719s] -- Installing: /home/a/drone_with_mavsdk/install/cv_bridge/share/ament_index/resource_index/package_run_dependencies/cv_bridge
[5.719s] -- Installing: /home/a/drone_with_mavsdk/install/cv_bridge/share/ament_index/resource_index/parent_prefix_path/cv_bridge
[5.719s] -- Installing: /home/a/drone_with_mavsdk/install/cv_bridge/share/cv_bridge/environment/ament_prefix_path.sh
[5.719s] -- Installing: /home/a/drone_with_mavsdk/install/cv_bridge/share/cv_bridge/environment/ament_prefix_path.dsv
[5.720s] -- Installing: /home/a/drone_with_mavsdk/install/cv_bridge/share/cv_bridge/environment/path.sh
[5.720s] -- Installing: /home/a/drone_with_mavsdk/install/cv_bridge/share/cv_bridge/environment/path.dsv
[5.720s] -- Installing: /home/a/drone_with_mavsdk/install/cv_bridge/share/cv_bridge/local_setup.bash
[5.720s] -- Installing: /home/a/drone_with_mavsdk/install/cv_bridge/share/cv_bridge/local_setup.sh
[5.720s] -- Installing: /home/a/drone_with_mavsdk/install/cv_bridge/share/cv_bridge/local_setup.zsh
[5.720s] -- Installing: /home/a/drone_with_mavsdk/install/cv_bridge/share/cv_bridge/local_setup.dsv
[5.720s] -- Installing: /home/a/drone_with_mavsdk/install/cv_bridge/share/cv_bridge/package.dsv
[5.720s] -- Installing: /home/a/drone_with_mavsdk/install/cv_bridge/share/ament_index/resource_index/packages/cv_bridge
[5.720s] -- Installing: /home/a/drone_with_mavsdk/install/cv_bridge/share/cv_bridge/cmake/export_cv_bridgeExport.cmake
[5.720s] -- Installing: /home/a/drone_with_mavsdk/install/cv_bridge/share/cv_bridge/cmake/export_cv_bridgeExport-noconfig.cmake
[5.720s] -- Installing: /home/a/drone_with_mavsdk/install/cv_bridge/share/cv_bridge/cmake/cv_bridge-extras.cmake
[5.720s] -- Installing: /home/a/drone_with_mavsdk/install/cv_bridge/share/cv_bridge/cmake/ament_cmake_export_dependencies-extras.cmake
[5.720s] -- Installing: /home/a/drone_with_mavsdk/install/cv_bridge/share/cv_bridge/cmake/ament_cmake_export_targets-extras.cmake
[5.720s] -- Installing: /home/a/drone_with_mavsdk/install/cv_bridge/share/cv_bridge/cmake/cv_bridgeConfig.cmake
[5.720s] -- Installing: /home/a/drone_with_mavsdk/install/cv_bridge/share/cv_bridge/cmake/cv_bridgeConfig-version.cmake
[5.720s] -- Installing: /home/a/drone_with_mavsdk/install/cv_bridge/share/cv_bridge/package.xml
[5.721s] Invoked command in '/home/a/drone_with_mavsdk/build/cv_bridge' returned '0': CMAKE_PREFIX_PATH=${CMAKE_PREFIX_PATH}:/home/a/land_ws/install/pid_test:/home/a/land_ws/install/opencv_tests:/home/a/land_ws/install/drone_control:/opt/ros/humble /usr/bin/cmake --install /home/a/drone_with_mavsdk/build/cv_bridge
