[0.013s] Invoking command in '/home/a/drone_with_mavsdk/build/image_geometry': CMAKE_PREFIX_PATH=${CMAKE_PREFIX_PATH}:/home/a/land_ws/install/pid_test:/home/a/land_ws/install/opencv_tests:/home/a/land_ws/install/drone_control:/opt/ros/humble /usr/bin/cmake /home/a/drone_with_mavsdk/src/vision_opencv/image_geometry -DCMAKE_INSTALL_PREFIX=/home/a/drone_with_mavsdk/install/image_geometry
[0.074s] -- The C compiler identification is GNU 11.4.0
[0.121s] -- The CXX compiler identification is GNU 11.4.0
[0.124s] -- Detecting C compiler ABI info
[0.164s] -- Detecting C compiler ABI info - done
[0.169s] -- Check for working C compiler: /usr/bin/cc - skipped
[0.169s] -- Detecting C compile features
[0.170s] -- Detecting C compile features - done
[0.172s] -- Detecting CXX compiler ABI info
[0.215s] -- Detecting CXX compiler ABI info - done
[0.220s] -- Check for working CXX compiler: /usr/bin/c++ - skipped
[0.220s] -- Detecting CXX compile features
[0.220s] -- Detecting CXX compile features - done
[0.222s] -- Found ament_cmake_python: 1.3.12 (/opt/ros/humble/share/ament_cmake_python/cmake)
[0.223s] -- Found ament_cmake_ros: 0.10.0 (/opt/ros/humble/share/ament_cmake_ros/cmake)
[0.419s] -- Found Python3: /usr/bin/python3 (found version "3.10.12") found components: Interpreter 
[0.517s] -- Found OpenCV: /usr/local (found version "4.10.0") found components: calib3d core highgui imgproc 
[0.518s] -- Found sensor_msgs: 4.9.0 (/opt/ros/humble/share/sensor_msgs/cmake)
[0.539s] -- Found rosidl_generator_c: 3.1.7 (/opt/ros/humble/share/rosidl_generator_c/cmake)
[0.541s] -- Found rosidl_adapter: 3.1.7 (/opt/ros/humble/share/rosidl_adapter/cmake)
[0.545s] -- Found rosidl_generator_cpp: 3.1.7 (/opt/ros/humble/share/rosidl_generator_cpp/cmake)
[0.551s] -- Using all available rosidl_typesupport_c: rosidl_typesupport_fastrtps_c;rosidl_typesupport_introspection_c
[0.559s] -- Using all available rosidl_typesupport_cpp: rosidl_typesupport_fastrtps_cpp;rosidl_typesupport_introspection_cpp
[0.866s] -- Found gtest sources under '/opt/ros/humble/src/gtest_vendor': C++ tests using 'Google Test' will be built
[0.868s] -- Looking for pthread.h
[0.919s] -- Looking for pthread.h - found
[0.919s] -- Performing Test CMAKE_HAVE_LIBC_PTHREAD
[0.962s] -- Performing Test CMAKE_HAVE_LIBC_PTHREAD - Success
[0.963s] -- Found Threads: TRUE  
[1.007s] -- Configuring done
[1.014s] -- Generating done
[1.016s] -- Build files have been written to: /home/a/drone_with_mavsdk/build/image_geometry
[1.020s] Invoked command in '/home/a/drone_with_mavsdk/build/image_geometry' returned '0': CMAKE_PREFIX_PATH=${CMAKE_PREFIX_PATH}:/home/a/land_ws/install/pid_test:/home/a/land_ws/install/opencv_tests:/home/a/land_ws/install/drone_control:/opt/ros/humble /usr/bin/cmake /home/a/drone_with_mavsdk/src/vision_opencv/image_geometry -DCMAKE_INSTALL_PREFIX=/home/a/drone_with_mavsdk/install/image_geometry
[1.021s] Invoking command in '/home/a/drone_with_mavsdk/build/image_geometry': CMAKE_PREFIX_PATH=${CMAKE_PREFIX_PATH}:/home/a/land_ws/install/pid_test:/home/a/land_ws/install/opencv_tests:/home/a/land_ws/install/drone_control:/opt/ros/humble /usr/bin/cmake --build /home/a/drone_with_mavsdk/build/image_geometry -- -j32 -l32
[1.051s] [  9%] [32mBuilding CXX object CMakeFiles/image_geometry.dir/src/stereo_camera_model.cpp.o[0m
[1.051s] [ 18%] [32mBuilding CXX object gtest/CMakeFiles/gtest.dir/src/gtest-all.cc.o[0m
[1.051s] [ 27%] [32mBuilding CXX object CMakeFiles/image_geometry.dir/src/pinhole_camera_model.cpp.o[0m
[1.051s] [ 36%] [32mBuilding CXX object gtest/CMakeFiles/gtest_main.dir/src/gtest_main.cc.o[0m
[1.056s] [ 36%] Built target ament_cmake_python_copy_image_geometry
[1.158s] running egg_info
[1.166s] creating image_geometry.egg-info
[1.167s] writing image_geometry.egg-info/PKG-INFO
[1.167s] writing dependency_links to image_geometry.egg-info/dependency_links.txt
[1.167s] writing top-level names to image_geometry.egg-info/top_level.txt
[1.167s] writing manifest file 'image_geometry.egg-info/SOURCES.txt'
[1.214s] reading manifest file 'image_geometry.egg-info/SOURCES.txt'
[1.215s] writing manifest file 'image_geometry.egg-info/SOURCES.txt'
[1.234s] [ 36%] Built target ament_cmake_python_build_image_geometry_egg
[1.485s] [ 45%] [32m[1mLinking CXX static library libgtest_main.a[0m
[1.573s] [ 45%] Built target gtest_main
[1.782s] [ 54%] [32m[1mLinking CXX shared library libimage_geometry.so[0m
[1.848s] [ 54%] Built target image_geometry
[2.715s] [ 63%] [32m[1mLinking CXX static library libgtest.a[0m
[2.761s] [ 63%] Built target gtest
[2.775s] [ 81%] [32mBuilding CXX object test/CMakeFiles/image_geometry-utest.dir/utest.cpp.o[0m
[2.775s] [ 81%] [32mBuilding CXX object test/CMakeFiles/image_geometry-utest-equi.dir/utest_equi.cpp.o[0m
[3.462s] [ 90%] [32m[1mLinking CXX executable image_geometry-utest-equi[0m
[3.523s] [100%] [32m[1mLinking CXX executable image_geometry-utest[0m
[3.548s] [100%] Built target image_geometry-utest-equi
[3.608s] [100%] Built target image_geometry-utest
[3.614s] Invoked command in '/home/a/drone_with_mavsdk/build/image_geometry' returned '0': CMAKE_PREFIX_PATH=${CMAKE_PREFIX_PATH}:/home/a/land_ws/install/pid_test:/home/a/land_ws/install/opencv_tests:/home/a/land_ws/install/drone_control:/opt/ros/humble /usr/bin/cmake --build /home/a/drone_with_mavsdk/build/image_geometry -- -j32 -l32
[3.615s] Invoking command in '/home/a/drone_with_mavsdk/build/image_geometry': CMAKE_PREFIX_PATH=${CMAKE_PREFIX_PATH}:/home/a/land_ws/install/pid_test:/home/a/land_ws/install/opencv_tests:/home/a/land_ws/install/drone_control:/opt/ros/humble /usr/bin/cmake --install /home/a/drone_with_mavsdk/build/image_geometry
[3.619s] -- Install configuration: ""
[3.619s] -- Installing: /home/a/drone_with_mavsdk/install/image_geometry/share/image_geometry/environment/pythonpath.sh
[3.619s] -- Installing: /home/a/drone_with_mavsdk/install/image_geometry/share/image_geometry/environment/pythonpath.dsv
[3.619s] -- Installing: /home/a/drone_with_mavsdk/install/image_geometry/local/lib/python3.10/dist-packages/image_geometry-4.1.0-py3.10.egg-info
[3.619s] -- Installing: /home/a/drone_with_mavsdk/install/image_geometry/local/lib/python3.10/dist-packages/image_geometry-4.1.0-py3.10.egg-info/top_level.txt
[3.619s] -- Installing: /home/a/drone_with_mavsdk/install/image_geometry/local/lib/python3.10/dist-packages/image_geometry-4.1.0-py3.10.egg-info/SOURCES.txt
[3.619s] -- Installing: /home/a/drone_with_mavsdk/install/image_geometry/local/lib/python3.10/dist-packages/image_geometry-4.1.0-py3.10.egg-info/dependency_links.txt
[3.619s] -- Installing: /home/a/drone_with_mavsdk/install/image_geometry/local/lib/python3.10/dist-packages/image_geometry-4.1.0-py3.10.egg-info/PKG-INFO
[3.619s] -- Installing: /home/a/drone_with_mavsdk/install/image_geometry/local/lib/python3.10/dist-packages/image_geometry
[3.619s] -- Installing: /home/a/drone_with_mavsdk/install/image_geometry/local/lib/python3.10/dist-packages/image_geometry/__init__.py
[3.619s] -- Installing: /home/a/drone_with_mavsdk/install/image_geometry/local/lib/python3.10/dist-packages/image_geometry/cameramodels.py
[3.640s] Listing '/home/a/drone_with_mavsdk/install/image_geometry/local/lib/python3.10/dist-packages/image_geometry'...
[3.641s] Compiling '/home/a/drone_with_mavsdk/install/image_geometry/local/lib/python3.10/dist-packages/image_geometry/__init__.py'...
[3.641s] Compiling '/home/a/drone_with_mavsdk/install/image_geometry/local/lib/python3.10/dist-packages/image_geometry/cameramodels.py'...
[3.643s] -- Installing: /home/a/drone_with_mavsdk/install/image_geometry/include/image_geometry
[3.643s] -- Installing: /home/a/drone_with_mavsdk/install/image_geometry/include/image_geometry/image_geometry
[3.643s] -- Installing: /home/a/drone_with_mavsdk/install/image_geometry/include/image_geometry/image_geometry/stereo_camera_model.hpp
[3.643s] -- Installing: /home/a/drone_with_mavsdk/install/image_geometry/include/image_geometry/image_geometry/visibility_control.hpp
[3.643s] -- Installing: /home/a/drone_with_mavsdk/install/image_geometry/include/image_geometry/image_geometry/pinhole_camera_model.hpp
[3.643s] -- Installing: /home/a/drone_with_mavsdk/install/image_geometry/lib/libimage_geometry.so
[3.643s] -- Set runtime path of "/home/a/drone_with_mavsdk/install/image_geometry/lib/libimage_geometry.so" to ""
[3.644s] -- Installing: /home/a/drone_with_mavsdk/install/image_geometry/share/ament_index/resource_index/package_run_dependencies/image_geometry
[3.644s] -- Installing: /home/a/drone_with_mavsdk/install/image_geometry/share/ament_index/resource_index/parent_prefix_path/image_geometry
[3.644s] -- Installing: /home/a/drone_with_mavsdk/install/image_geometry/share/image_geometry/environment/ament_prefix_path.sh
[3.644s] -- Installing: /home/a/drone_with_mavsdk/install/image_geometry/share/image_geometry/environment/ament_prefix_path.dsv
[3.644s] -- Installing: /home/a/drone_with_mavsdk/install/image_geometry/share/image_geometry/environment/path.sh
[3.644s] -- Installing: /home/a/drone_with_mavsdk/install/image_geometry/share/image_geometry/environment/path.dsv
[3.644s] -- Installing: /home/a/drone_with_mavsdk/install/image_geometry/share/image_geometry/local_setup.bash
[3.644s] -- Installing: /home/a/drone_with_mavsdk/install/image_geometry/share/image_geometry/local_setup.sh
[3.644s] -- Installing: /home/a/drone_with_mavsdk/install/image_geometry/share/image_geometry/local_setup.zsh
[3.644s] -- Installing: /home/a/drone_with_mavsdk/install/image_geometry/share/image_geometry/local_setup.dsv
[3.644s] -- Installing: /home/a/drone_with_mavsdk/install/image_geometry/share/image_geometry/package.dsv
[3.644s] -- Installing: /home/a/drone_with_mavsdk/install/image_geometry/share/ament_index/resource_index/packages/image_geometry
[3.645s] -- Installing: /home/a/drone_with_mavsdk/install/image_geometry/share/image_geometry/cmake/export_image_geometryExport.cmake
[3.645s] -- Installing: /home/a/drone_with_mavsdk/install/image_geometry/share/image_geometry/cmake/export_image_geometryExport-noconfig.cmake
[3.645s] -- Installing: /home/a/drone_with_mavsdk/install/image_geometry/share/image_geometry/cmake/ament_cmake_export_targets-extras.cmake
[3.645s] -- Installing: /home/a/drone_with_mavsdk/install/image_geometry/share/image_geometry/cmake/ament_cmake_export_dependencies-extras.cmake
[3.645s] -- Installing: /home/a/drone_with_mavsdk/install/image_geometry/share/image_geometry/cmake/image_geometryConfig.cmake
[3.645s] -- Installing: /home/a/drone_with_mavsdk/install/image_geometry/share/image_geometry/cmake/image_geometryConfig-version.cmake
[3.645s] -- Installing: /home/a/drone_with_mavsdk/install/image_geometry/share/image_geometry/package.xml
[3.647s] Invoked command in '/home/a/drone_with_mavsdk/build/image_geometry' returned '0': CMAKE_PREFIX_PATH=${CMAKE_PREFIX_PATH}:/home/a/land_ws/install/pid_test:/home/a/land_ws/install/opencv_tests:/home/a/land_ws/install/drone_control:/opt/ros/humble /usr/bin/cmake --install /home/a/drone_with_mavsdk/build/image_geometry
