[0.010s] Invoking command in '/home/a/drone_with_mavsdk/build/image_geometry': CMAKE_PREFIX_PATH=${CMAKE_PREFIX_PATH}:/home/a/land_ws/install/pid_test:/home/a/land_ws/install/opencv_tests:/home/a/land_ws/install/drone_control:/opt/ros/humble /usr/bin/cmake --build /home/a/drone_with_mavsdk/build/image_geometry -- -j32 -l32
[0.036s] [35m[1mConsolidate compiler generated dependencies of target gtest_main[0m
[0.040s] [35m[1mConsolidate compiler generated dependencies of target image_geometry[0m
[0.040s] [35m[1mConsolidate compiler generated dependencies of target gtest[0m
[0.054s] [ 18%] Built target gtest_main
[0.057s] [ 45%] Built target image_geometry
[0.058s] [ 63%] Built target gtest
[0.068s] [ 63%] Built target ament_cmake_python_copy_image_geometry
[0.073s] [35m[1mConsolidate compiler generated dependencies of target image_geometry-utest[0m
[0.077s] [35m[1mConsolidate compiler generated dependencies of target image_geometry-utest-equi[0m
[0.091s] [ 81%] Built target image_geometry-utest
[0.094s] [100%] Built target image_geometry-utest-equi
[0.195s] running egg_info
[0.202s] writing image_geometry.egg-info/PKG-INFO
[0.202s] writing dependency_links to image_geometry.egg-info/dependency_links.txt
[0.202s] writing top-level names to image_geometry.egg-info/top_level.txt
[0.224s] reading manifest file 'image_geometry.egg-info/SOURCES.txt'
[0.225s] writing manifest file 'image_geometry.egg-info/SOURCES.txt'
[0.241s] [100%] Built target ament_cmake_python_build_image_geometry_egg
[0.247s] Invoked command in '/home/a/drone_with_mavsdk/build/image_geometry' returned '0': CMAKE_PREFIX_PATH=${CMAKE_PREFIX_PATH}:/home/a/land_ws/install/pid_test:/home/a/land_ws/install/opencv_tests:/home/a/land_ws/install/drone_control:/opt/ros/humble /usr/bin/cmake --build /home/a/drone_with_mavsdk/build/image_geometry -- -j32 -l32
[0.248s] Invoking command in '/home/a/drone_with_mavsdk/build/image_geometry': CMAKE_PREFIX_PATH=${CMAKE_PREFIX_PATH}:/home/a/land_ws/install/pid_test:/home/a/land_ws/install/opencv_tests:/home/a/land_ws/install/drone_control:/opt/ros/humble /usr/bin/cmake --install /home/a/drone_with_mavsdk/build/image_geometry
[0.252s] -- Install configuration: ""
[0.253s] -- Up-to-date: /home/a/drone_with_mavsdk/install/image_geometry/share/image_geometry/environment/pythonpath.sh
[0.253s] -- Up-to-date: /home/a/drone_with_mavsdk/install/image_geometry/share/image_geometry/environment/pythonpath.dsv
[0.253s] -- Up-to-date: /home/a/drone_with_mavsdk/install/image_geometry/local/lib/python3.10/dist-packages/image_geometry-4.1.0-py3.10.egg-info
[0.253s] -- Installing: /home/a/drone_with_mavsdk/install/image_geometry/local/lib/python3.10/dist-packages/image_geometry-4.1.0-py3.10.egg-info/top_level.txt
[0.253s] -- Installing: /home/a/drone_with_mavsdk/install/image_geometry/local/lib/python3.10/dist-packages/image_geometry-4.1.0-py3.10.egg-info/SOURCES.txt
[0.253s] -- Installing: /home/a/drone_with_mavsdk/install/image_geometry/local/lib/python3.10/dist-packages/image_geometry-4.1.0-py3.10.egg-info/dependency_links.txt
[0.253s] -- Installing: /home/a/drone_with_mavsdk/install/image_geometry/local/lib/python3.10/dist-packages/image_geometry-4.1.0-py3.10.egg-info/PKG-INFO
[0.253s] -- Up-to-date: /home/a/drone_with_mavsdk/install/image_geometry/local/lib/python3.10/dist-packages/image_geometry
[0.253s] -- Up-to-date: /home/a/drone_with_mavsdk/install/image_geometry/local/lib/python3.10/dist-packages/image_geometry/__init__.py
[0.253s] -- Up-to-date: /home/a/drone_with_mavsdk/install/image_geometry/local/lib/python3.10/dist-packages/image_geometry/cameramodels.py
[0.270s] Listing '/home/a/drone_with_mavsdk/install/image_geometry/local/lib/python3.10/dist-packages/image_geometry'...
[0.272s] -- Up-to-date: /home/a/drone_with_mavsdk/install/image_geometry/include/image_geometry
[0.272s] -- Up-to-date: /home/a/drone_with_mavsdk/install/image_geometry/include/image_geometry/image_geometry
[0.272s] -- Up-to-date: /home/a/drone_with_mavsdk/install/image_geometry/include/image_geometry/image_geometry/stereo_camera_model.hpp
[0.272s] -- Up-to-date: /home/a/drone_with_mavsdk/install/image_geometry/include/image_geometry/image_geometry/visibility_control.hpp
[0.272s] -- Up-to-date: /home/a/drone_with_mavsdk/install/image_geometry/include/image_geometry/image_geometry/pinhole_camera_model.hpp
[0.272s] -- Up-to-date: /home/a/drone_with_mavsdk/install/image_geometry/lib/libimage_geometry.so
[0.272s] -- Up-to-date: /home/a/drone_with_mavsdk/install/image_geometry/share/ament_index/resource_index/package_run_dependencies/image_geometry
[0.272s] -- Up-to-date: /home/a/drone_with_mavsdk/install/image_geometry/share/ament_index/resource_index/parent_prefix_path/image_geometry
[0.272s] -- Up-to-date: /home/a/drone_with_mavsdk/install/image_geometry/share/image_geometry/environment/ament_prefix_path.sh
[0.272s] -- Up-to-date: /home/a/drone_with_mavsdk/install/image_geometry/share/image_geometry/environment/ament_prefix_path.dsv
[0.272s] -- Up-to-date: /home/a/drone_with_mavsdk/install/image_geometry/share/image_geometry/environment/path.sh
[0.272s] -- Up-to-date: /home/a/drone_with_mavsdk/install/image_geometry/share/image_geometry/environment/path.dsv
[0.272s] -- Up-to-date: /home/a/drone_with_mavsdk/install/image_geometry/share/image_geometry/local_setup.bash
[0.273s] -- Up-to-date: /home/a/drone_with_mavsdk/install/image_geometry/share/image_geometry/local_setup.sh
[0.273s] -- Up-to-date: /home/a/drone_with_mavsdk/install/image_geometry/share/image_geometry/local_setup.zsh
[0.273s] -- Up-to-date: /home/a/drone_with_mavsdk/install/image_geometry/share/image_geometry/local_setup.dsv
[0.273s] -- Installing: /home/a/drone_with_mavsdk/install/image_geometry/share/image_geometry/package.dsv
[0.273s] -- Up-to-date: /home/a/drone_with_mavsdk/install/image_geometry/share/ament_index/resource_index/packages/image_geometry
[0.273s] -- Up-to-date: /home/a/drone_with_mavsdk/install/image_geometry/share/image_geometry/cmake/export_image_geometryExport.cmake
[0.273s] -- Up-to-date: /home/a/drone_with_mavsdk/install/image_geometry/share/image_geometry/cmake/export_image_geometryExport-noconfig.cmake
[0.273s] -- Up-to-date: /home/a/drone_with_mavsdk/install/image_geometry/share/image_geometry/cmake/ament_cmake_export_targets-extras.cmake
[0.273s] -- Up-to-date: /home/a/drone_with_mavsdk/install/image_geometry/share/image_geometry/cmake/ament_cmake_export_dependencies-extras.cmake
[0.273s] -- Up-to-date: /home/a/drone_with_mavsdk/install/image_geometry/share/image_geometry/cmake/image_geometryConfig.cmake
[0.273s] -- Up-to-date: /home/a/drone_with_mavsdk/install/image_geometry/share/image_geometry/cmake/image_geometryConfig-version.cmake
[0.273s] -- Up-to-date: /home/a/drone_with_mavsdk/install/image_geometry/share/image_geometry/package.xml
[0.293s] Invoked command in '/home/a/drone_with_mavsdk/build/image_geometry' returned '0': CMAKE_PREFIX_PATH=${CMAKE_PREFIX_PATH}:/home/a/land_ws/install/pid_test:/home/a/land_ws/install/opencv_tests:/home/a/land_ws/install/drone_control:/opt/ros/humble /usr/bin/cmake --install /home/a/drone_with_mavsdk/build/image_geometry
