[0.011s] Invoking command in '/home/a/drone_with_mavsdk/build/drone_control_interfaces': CMAKE_PREFIX_PATH=${CMAKE_PREFIX_PATH}:/home/a/land_ws/install/pid_test:/home/a/land_ws/install/opencv_tests:/home/a/land_ws/install/drone_control:/opt/ros/humble /usr/bin/cmake --build /home/a/drone_with_mavsdk/build/drone_control_interfaces -- -j32 -l32
[0.049s] [  2%] Built target drone_control_interfaces__cpp
[0.049s] [ 12%] Built target drone_control_interfaces__rosidl_generator_c
[0.061s] [ 12%] Built target ament_cmake_python_copy_drone_control_interfaces
[0.068s] [ 34%] Built target drone_control_interfaces__rosidl_typesupport_c
[0.068s] [ 34%] Built target drone_control_interfaces__rosidl_typesupport_introspection_c
[0.069s] [ 51%] Built target drone_control_interfaces__rosidl_typesupport_fastrtps_cpp
[0.069s] [ 63%] Built target drone_control_interfaces__rosidl_typesupport_cpp
[0.069s] [ 65%] Built target drone_control_interfaces__rosidl_typesupport_introspection_cpp
[0.070s] [ 76%] Built target drone_control_interfaces__rosidl_typesupport_fastrtps_c
[0.083s] [ 76%] Built target drone_control_interfaces
[0.098s] [ 78%] Built target drone_control_interfaces__py
[0.116s] [ 87%] Built target drone_control_interfaces__rosidl_generator_py
[0.133s] [100%] Built target drone_control_interfaces__rosidl_typesupport_c__pyext
[0.133s] [100%] Built target drone_control_interfaces__rosidl_typesupport_fastrtps_c__pyext
[0.133s] [100%] Built target drone_control_interfaces__rosidl_typesupport_introspection_c__pyext
[0.194s] running egg_info
[0.207s] writing drone_control_interfaces.egg-info/PKG-INFO
[0.208s] writing dependency_links to drone_control_interfaces.egg-info/dependency_links.txt
[0.208s] writing top-level names to drone_control_interfaces.egg-info/top_level.txt
[0.238s] reading manifest file 'drone_control_interfaces.egg-info/SOURCES.txt'
[0.239s] writing manifest file 'drone_control_interfaces.egg-info/SOURCES.txt'
[0.258s] [100%] Built target ament_cmake_python_build_drone_control_interfaces_egg
[0.264s] Invoked command in '/home/a/drone_with_mavsdk/build/drone_control_interfaces' returned '0': CMAKE_PREFIX_PATH=${CMAKE_PREFIX_PATH}:/home/a/land_ws/install/pid_test:/home/a/land_ws/install/opencv_tests:/home/a/land_ws/install/drone_control:/opt/ros/humble /usr/bin/cmake --build /home/a/drone_with_mavsdk/build/drone_control_interfaces -- -j32 -l32
[0.265s] Invoking command in '/home/a/drone_with_mavsdk/build/drone_control_interfaces': CMAKE_PREFIX_PATH=${CMAKE_PREFIX_PATH}:/home/a/land_ws/install/pid_test:/home/a/land_ws/install/opencv_tests:/home/a/land_ws/install/drone_control:/opt/ros/humble /usr/bin/cmake --install /home/a/drone_with_mavsdk/build/drone_control_interfaces
[0.271s] -- Install configuration: ""
[0.271s] -- Up-to-date: /home/a/drone_with_mavsdk/install/drone_control_interfaces/share/ament_index/resource_index/rosidl_interfaces/drone_control_interfaces
[0.271s] -- Up-to-date: /home/a/drone_with_mavsdk/install/drone_control_interfaces/include/drone_control_interfaces/drone_control_interfaces
[0.271s] -- Up-to-date: /home/a/drone_with_mavsdk/install/drone_control_interfaces/include/drone_control_interfaces/drone_control_interfaces/srv
[0.271s] -- Up-to-date: /home/a/drone_with_mavsdk/install/drone_control_interfaces/include/drone_control_interfaces/drone_control_interfaces/srv/nav.h
[0.271s] -- Up-to-date: /home/a/drone_with_mavsdk/install/drone_control_interfaces/include/drone_control_interfaces/drone_control_interfaces/srv/detail
[0.271s] -- Up-to-date: /home/a/drone_with_mavsdk/install/drone_control_interfaces/include/drone_control_interfaces/drone_control_interfaces/srv/detail/pos__type_support.h
[0.271s] -- Up-to-date: /home/a/drone_with_mavsdk/install/drone_control_interfaces/include/drone_control_interfaces/drone_control_interfaces/srv/detail/nav__functions.c
[0.272s] -- Up-to-date: /home/a/drone_with_mavsdk/install/drone_control_interfaces/include/drone_control_interfaces/drone_control_interfaces/srv/detail/nav__type_support.h
[0.272s] -- Up-to-date: /home/a/drone_with_mavsdk/install/drone_control_interfaces/include/drone_control_interfaces/drone_control_interfaces/srv/detail/nav__struct.h
[0.272s] -- Up-to-date: /home/a/drone_with_mavsdk/install/drone_control_interfaces/include/drone_control_interfaces/drone_control_interfaces/srv/detail/license_info__functions.h
[0.272s] -- Up-to-date: /home/a/drone_with_mavsdk/install/drone_control_interfaces/include/drone_control_interfaces/drone_control_interfaces/srv/detail/pos__functions.c
[0.272s] -- Up-to-date: /home/a/drone_with_mavsdk/install/drone_control_interfaces/include/drone_control_interfaces/drone_control_interfaces/srv/detail/nav__functions.h
[0.272s] -- Up-to-date: /home/a/drone_with_mavsdk/install/drone_control_interfaces/include/drone_control_interfaces/drone_control_interfaces/srv/detail/license_info__struct.h
[0.272s] -- Up-to-date: /home/a/drone_with_mavsdk/install/drone_control_interfaces/include/drone_control_interfaces/drone_control_interfaces/srv/detail/license_info__functions.c
[0.272s] -- Up-to-date: /home/a/drone_with_mavsdk/install/drone_control_interfaces/include/drone_control_interfaces/drone_control_interfaces/srv/detail/pos__functions.h
[0.272s] -- Up-to-date: /home/a/drone_with_mavsdk/install/drone_control_interfaces/include/drone_control_interfaces/drone_control_interfaces/srv/detail/license_info__type_support.h
[0.272s] -- Up-to-date: /home/a/drone_with_mavsdk/install/drone_control_interfaces/include/drone_control_interfaces/drone_control_interfaces/srv/detail/pos__struct.h
[0.272s] -- Up-to-date: /home/a/drone_with_mavsdk/install/drone_control_interfaces/include/drone_control_interfaces/drone_control_interfaces/srv/license_info.h
[0.272s] -- Up-to-date: /home/a/drone_with_mavsdk/install/drone_control_interfaces/include/drone_control_interfaces/drone_control_interfaces/srv/pos.h
[0.272s] -- Up-to-date: /home/a/drone_with_mavsdk/install/drone_control_interfaces/include/drone_control_interfaces/drone_control_interfaces/msg
[0.273s] -- Up-to-date: /home/a/drone_with_mavsdk/install/drone_control_interfaces/include/drone_control_interfaces/drone_control_interfaces/msg/rosidl_generator_c__visibility_control.h
[0.273s] -- Up-to-date: /home/a/drone_with_mavsdk/install/drone_control_interfaces/share/drone_control_interfaces/environment/library_path.sh
[0.273s] -- Up-to-date: /home/a/drone_with_mavsdk/install/drone_control_interfaces/share/drone_control_interfaces/environment/library_path.dsv
[0.273s] -- Up-to-date: /home/a/drone_with_mavsdk/install/drone_control_interfaces/lib/libdrone_control_interfaces__rosidl_generator_c.so
[0.273s] -- Up-to-date: /home/a/drone_with_mavsdk/install/drone_control_interfaces/include/drone_control_interfaces/drone_control_interfaces
[0.273s] -- Up-to-date: /home/a/drone_with_mavsdk/install/drone_control_interfaces/include/drone_control_interfaces/drone_control_interfaces/srv
[0.273s] -- Up-to-date: /home/a/drone_with_mavsdk/install/drone_control_interfaces/include/drone_control_interfaces/drone_control_interfaces/srv/detail
[0.273s] -- Up-to-date: /home/a/drone_with_mavsdk/install/drone_control_interfaces/include/drone_control_interfaces/drone_control_interfaces/srv/detail/license_info__rosidl_typesupport_fastrtps_c.h
[0.273s] -- Up-to-date: /home/a/drone_with_mavsdk/install/drone_control_interfaces/include/drone_control_interfaces/drone_control_interfaces/srv/detail/pos__rosidl_typesupport_fastrtps_c.h
[0.273s] -- Up-to-date: /home/a/drone_with_mavsdk/install/drone_control_interfaces/include/drone_control_interfaces/drone_control_interfaces/srv/detail/nav__rosidl_typesupport_fastrtps_c.h
[0.273s] -- Up-to-date: /home/a/drone_with_mavsdk/install/drone_control_interfaces/include/drone_control_interfaces/drone_control_interfaces/msg
[0.273s] -- Up-to-date: /home/a/drone_with_mavsdk/install/drone_control_interfaces/include/drone_control_interfaces/drone_control_interfaces/msg/rosidl_typesupport_fastrtps_c__visibility_control.h
[0.273s] -- Up-to-date: /home/a/drone_with_mavsdk/install/drone_control_interfaces/lib/libdrone_control_interfaces__rosidl_typesupport_fastrtps_c.so
[0.273s] -- Up-to-date: /home/a/drone_with_mavsdk/install/drone_control_interfaces/include/drone_control_interfaces/drone_control_interfaces
[0.273s] -- Up-to-date: /home/a/drone_with_mavsdk/install/drone_control_interfaces/include/drone_control_interfaces/drone_control_interfaces/srv
[0.273s] -- Up-to-date: /home/a/drone_with_mavsdk/install/drone_control_interfaces/include/drone_control_interfaces/drone_control_interfaces/srv/detail
[0.273s] -- Up-to-date: /home/a/drone_with_mavsdk/install/drone_control_interfaces/include/drone_control_interfaces/drone_control_interfaces/srv/detail/nav__type_support.c
[0.273s] -- Up-to-date: /home/a/drone_with_mavsdk/install/drone_control_interfaces/include/drone_control_interfaces/drone_control_interfaces/srv/detail/license_info__type_support.c
[0.273s] -- Up-to-date: /home/a/drone_with_mavsdk/install/drone_control_interfaces/include/drone_control_interfaces/drone_control_interfaces/srv/detail/pos__rosidl_typesupport_introspection_c.h
[0.274s] -- Up-to-date: /home/a/drone_with_mavsdk/install/drone_control_interfaces/include/drone_control_interfaces/drone_control_interfaces/srv/detail/nav__rosidl_typesupport_introspection_c.h
[0.274s] -- Up-to-date: /home/a/drone_with_mavsdk/install/drone_control_interfaces/include/drone_control_interfaces/drone_control_interfaces/srv/detail/pos__type_support.c
[0.274s] -- Up-to-date: /home/a/drone_with_mavsdk/install/drone_control_interfaces/include/drone_control_interfaces/drone_control_interfaces/srv/detail/license_info__rosidl_typesupport_introspection_c.h
[0.274s] -- Up-to-date: /home/a/drone_with_mavsdk/install/drone_control_interfaces/include/drone_control_interfaces/drone_control_interfaces/msg
[0.274s] -- Up-to-date: /home/a/drone_with_mavsdk/install/drone_control_interfaces/include/drone_control_interfaces/drone_control_interfaces/msg/rosidl_typesupport_introspection_c__visibility_control.h
[0.274s] -- Up-to-date: /home/a/drone_with_mavsdk/install/drone_control_interfaces/lib/libdrone_control_interfaces__rosidl_typesupport_introspection_c.so
[0.274s] -- Up-to-date: /home/a/drone_with_mavsdk/install/drone_control_interfaces/lib/libdrone_control_interfaces__rosidl_typesupport_c.so
[0.274s] -- Up-to-date: /home/a/drone_with_mavsdk/install/drone_control_interfaces/include/drone_control_interfaces/drone_control_interfaces
[0.274s] -- Up-to-date: /home/a/drone_with_mavsdk/install/drone_control_interfaces/include/drone_control_interfaces/drone_control_interfaces/srv
[0.274s] -- Up-to-date: /home/a/drone_with_mavsdk/install/drone_control_interfaces/include/drone_control_interfaces/drone_control_interfaces/srv/pos.hpp
[0.274s] -- Up-to-date: /home/a/drone_with_mavsdk/install/drone_control_interfaces/include/drone_control_interfaces/drone_control_interfaces/srv/detail
[0.274s] -- Up-to-date: /home/a/drone_with_mavsdk/install/drone_control_interfaces/include/drone_control_interfaces/drone_control_interfaces/srv/detail/license_info__struct.hpp
[0.274s] -- Up-to-date: /home/a/drone_with_mavsdk/install/drone_control_interfaces/include/drone_control_interfaces/drone_control_interfaces/srv/detail/pos__traits.hpp
[0.274s] -- Up-to-date: /home/a/drone_with_mavsdk/install/drone_control_interfaces/include/drone_control_interfaces/drone_control_interfaces/srv/detail/license_info__traits.hpp
[0.274s] -- Up-to-date: /home/a/drone_with_mavsdk/install/drone_control_interfaces/include/drone_control_interfaces/drone_control_interfaces/srv/detail/nav__struct.hpp
[0.274s] -- Up-to-date: /home/a/drone_with_mavsdk/install/drone_control_interfaces/include/drone_control_interfaces/drone_control_interfaces/srv/detail/pos__builder.hpp
[0.274s] -- Up-to-date: /home/a/drone_with_mavsdk/install/drone_control_interfaces/include/drone_control_interfaces/drone_control_interfaces/srv/detail/pos__struct.hpp
[0.274s] -- Up-to-date: /home/a/drone_with_mavsdk/install/drone_control_interfaces/include/drone_control_interfaces/drone_control_interfaces/srv/detail/nav__type_support.hpp
[0.274s] -- Up-to-date: /home/a/drone_with_mavsdk/install/drone_control_interfaces/include/drone_control_interfaces/drone_control_interfaces/srv/detail/license_info__builder.hpp
[0.274s] -- Up-to-date: /home/a/drone_with_mavsdk/install/drone_control_interfaces/include/drone_control_interfaces/drone_control_interfaces/srv/detail/pos__type_support.hpp
[0.274s] -- Up-to-date: /home/a/drone_with_mavsdk/install/drone_control_interfaces/include/drone_control_interfaces/drone_control_interfaces/srv/detail/license_info__type_support.hpp
[0.274s] -- Up-to-date: /home/a/drone_with_mavsdk/install/drone_control_interfaces/include/drone_control_interfaces/drone_control_interfaces/srv/detail/nav__builder.hpp
[0.274s] -- Up-to-date: /home/a/drone_with_mavsdk/install/drone_control_interfaces/include/drone_control_interfaces/drone_control_interfaces/srv/detail/nav__traits.hpp
[0.274s] -- Up-to-date: /home/a/drone_with_mavsdk/install/drone_control_interfaces/include/drone_control_interfaces/drone_control_interfaces/srv/license_info.hpp
[0.274s] -- Up-to-date: /home/a/drone_with_mavsdk/install/drone_control_interfaces/include/drone_control_interfaces/drone_control_interfaces/srv/nav.hpp
[0.274s] -- Up-to-date: /home/a/drone_with_mavsdk/install/drone_control_interfaces/include/drone_control_interfaces/drone_control_interfaces/msg
[0.274s] -- Up-to-date: /home/a/drone_with_mavsdk/install/drone_control_interfaces/include/drone_control_interfaces/drone_control_interfaces/msg/rosidl_generator_cpp__visibility_control.hpp
[0.274s] -- Up-to-date: /home/a/drone_with_mavsdk/install/drone_control_interfaces/include/drone_control_interfaces/drone_control_interfaces
[0.275s] -- Up-to-date: /home/a/drone_with_mavsdk/install/drone_control_interfaces/include/drone_control_interfaces/drone_control_interfaces/srv
[0.275s] -- Up-to-date: /home/a/drone_with_mavsdk/install/drone_control_interfaces/include/drone_control_interfaces/drone_control_interfaces/srv/detail
[0.275s] -- Up-to-date: /home/a/drone_with_mavsdk/install/drone_control_interfaces/include/drone_control_interfaces/drone_control_interfaces/srv/detail/license_info__rosidl_typesupport_fastrtps_cpp.hpp
[0.275s] -- Up-to-date: /home/a/drone_with_mavsdk/install/drone_control_interfaces/include/drone_control_interfaces/drone_control_interfaces/srv/detail/dds_fastrtps
[0.275s] -- Up-to-date: /home/a/drone_with_mavsdk/install/drone_control_interfaces/include/drone_control_interfaces/drone_control_interfaces/srv/detail/pos__rosidl_typesupport_fastrtps_cpp.hpp
[0.275s] -- Up-to-date: /home/a/drone_with_mavsdk/install/drone_control_interfaces/include/drone_control_interfaces/drone_control_interfaces/srv/detail/nav__rosidl_typesupport_fastrtps_cpp.hpp
[0.275s] -- Up-to-date: /home/a/drone_with_mavsdk/install/drone_control_interfaces/include/drone_control_interfaces/drone_control_interfaces/msg
[0.275s] -- Up-to-date: /home/a/drone_with_mavsdk/install/drone_control_interfaces/include/drone_control_interfaces/drone_control_interfaces/msg/rosidl_typesupport_fastrtps_cpp__visibility_control.h
[0.275s] -- Up-to-date: /home/a/drone_with_mavsdk/install/drone_control_interfaces/lib/libdrone_control_interfaces__rosidl_typesupport_fastrtps_cpp.so
[0.275s] -- Up-to-date: /home/a/drone_with_mavsdk/install/drone_control_interfaces/include/drone_control_interfaces/drone_control_interfaces
[0.275s] -- Up-to-date: /home/a/drone_with_mavsdk/install/drone_control_interfaces/include/drone_control_interfaces/drone_control_interfaces/srv
[0.275s] -- Up-to-date: /home/a/drone_with_mavsdk/install/drone_control_interfaces/include/drone_control_interfaces/drone_control_interfaces/srv/detail
[0.275s] -- Up-to-date: /home/a/drone_with_mavsdk/install/drone_control_interfaces/include/drone_control_interfaces/drone_control_interfaces/srv/detail/nav__type_support.cpp
[0.275s] -- Up-to-date: /home/a/drone_with_mavsdk/install/drone_control_interfaces/include/drone_control_interfaces/drone_control_interfaces/srv/detail/license_info__type_support.cpp
[0.275s] -- Up-to-date: /home/a/drone_with_mavsdk/install/drone_control_interfaces/include/drone_control_interfaces/drone_control_interfaces/srv/detail/pos__type_support.cpp
[0.275s] -- Up-to-date: /home/a/drone_with_mavsdk/install/drone_control_interfaces/include/drone_control_interfaces/drone_control_interfaces/srv/detail/nav__rosidl_typesupport_introspection_cpp.hpp
[0.275s] -- Up-to-date: /home/a/drone_with_mavsdk/install/drone_control_interfaces/include/drone_control_interfaces/drone_control_interfaces/srv/detail/license_info__rosidl_typesupport_introspection_cpp.hpp
[0.275s] -- Up-to-date: /home/a/drone_with_mavsdk/install/drone_control_interfaces/include/drone_control_interfaces/drone_control_interfaces/srv/detail/pos__rosidl_typesupport_introspection_cpp.hpp
[0.275s] -- Up-to-date: /home/a/drone_with_mavsdk/install/drone_control_interfaces/lib/libdrone_control_interfaces__rosidl_typesupport_introspection_cpp.so
[0.275s] -- Up-to-date: /home/a/drone_with_mavsdk/install/drone_control_interfaces/lib/libdrone_control_interfaces__rosidl_typesupport_cpp.so
[0.276s] -- Up-to-date: /home/a/drone_with_mavsdk/install/drone_control_interfaces/share/drone_control_interfaces/environment/pythonpath.sh
[0.276s] -- Up-to-date: /home/a/drone_with_mavsdk/install/drone_control_interfaces/share/drone_control_interfaces/environment/pythonpath.dsv
[0.276s] -- Up-to-date: /home/a/drone_with_mavsdk/install/drone_control_interfaces/local/lib/python3.10/dist-packages/drone_control_interfaces-0.0.0-py3.10.egg-info
[0.276s] -- Installing: /home/a/drone_with_mavsdk/install/drone_control_interfaces/local/lib/python3.10/dist-packages/drone_control_interfaces-0.0.0-py3.10.egg-info/top_level.txt
[0.276s] -- Installing: /home/a/drone_with_mavsdk/install/drone_control_interfaces/local/lib/python3.10/dist-packages/drone_control_interfaces-0.0.0-py3.10.egg-info/SOURCES.txt
[0.276s] -- Installing: /home/a/drone_with_mavsdk/install/drone_control_interfaces/local/lib/python3.10/dist-packages/drone_control_interfaces-0.0.0-py3.10.egg-info/dependency_links.txt
[0.276s] -- Installing: /home/a/drone_with_mavsdk/install/drone_control_interfaces/local/lib/python3.10/dist-packages/drone_control_interfaces-0.0.0-py3.10.egg-info/PKG-INFO
[0.276s] -- Up-to-date: /home/a/drone_with_mavsdk/install/drone_control_interfaces/local/lib/python3.10/dist-packages/drone_control_interfaces
[0.276s] -- Up-to-date: /home/a/drone_with_mavsdk/install/drone_control_interfaces/local/lib/python3.10/dist-packages/drone_control_interfaces/drone_control_interfaces_s__rosidl_typesupport_fastrtps_c.cpython-310-x86_64-linux-gnu.so
[0.276s] -- Up-to-date: /home/a/drone_with_mavsdk/install/drone_control_interfaces/local/lib/python3.10/dist-packages/drone_control_interfaces/srv
[0.276s] -- Up-to-date: /home/a/drone_with_mavsdk/install/drone_control_interfaces/local/lib/python3.10/dist-packages/drone_control_interfaces/srv/__init__.py
[0.276s] -- Up-to-date: /home/a/drone_with_mavsdk/install/drone_control_interfaces/local/lib/python3.10/dist-packages/drone_control_interfaces/srv/_license_info_s.c
[0.276s] -- Up-to-date: /home/a/drone_with_mavsdk/install/drone_control_interfaces/local/lib/python3.10/dist-packages/drone_control_interfaces/srv/_license_info.py
[0.276s] -- Up-to-date: /home/a/drone_with_mavsdk/install/drone_control_interfaces/local/lib/python3.10/dist-packages/drone_control_interfaces/srv/_nav.py
[0.276s] -- Up-to-date: /home/a/drone_with_mavsdk/install/drone_control_interfaces/local/lib/python3.10/dist-packages/drone_control_interfaces/srv/_pos.py
[0.276s] -- Up-to-date: /home/a/drone_with_mavsdk/install/drone_control_interfaces/local/lib/python3.10/dist-packages/drone_control_interfaces/srv/_pos_s.c
[0.276s] -- Up-to-date: /home/a/drone_with_mavsdk/install/drone_control_interfaces/local/lib/python3.10/dist-packages/drone_control_interfaces/srv/_nav_s.c
[0.276s] -- Up-to-date: /home/a/drone_with_mavsdk/install/drone_control_interfaces/local/lib/python3.10/dist-packages/drone_control_interfaces/__init__.py
[0.276s] -- Up-to-date: /home/a/drone_with_mavsdk/install/drone_control_interfaces/local/lib/python3.10/dist-packages/drone_control_interfaces/_drone_control_interfaces_s.ep.rosidl_typesupport_fastrtps_c.c
[0.276s] -- Up-to-date: /home/a/drone_with_mavsdk/install/drone_control_interfaces/local/lib/python3.10/dist-packages/drone_control_interfaces/drone_control_interfaces_s__rosidl_typesupport_c.cpython-310-x86_64-linux-gnu.so
[0.276s] -- Up-to-date: /home/a/drone_with_mavsdk/install/drone_control_interfaces/local/lib/python3.10/dist-packages/drone_control_interfaces/_drone_control_interfaces_s.ep.rosidl_typesupport_introspection_c.c
[0.276s] -- Up-to-date: /home/a/drone_with_mavsdk/install/drone_control_interfaces/local/lib/python3.10/dist-packages/drone_control_interfaces/_drone_control_interfaces_s.ep.rosidl_typesupport_c.c
[0.277s] -- Up-to-date: /home/a/drone_with_mavsdk/install/drone_control_interfaces/local/lib/python3.10/dist-packages/drone_control_interfaces/libdrone_control_interfaces__rosidl_generator_py.so
[0.277s] -- Up-to-date: /home/a/drone_with_mavsdk/install/drone_control_interfaces/local/lib/python3.10/dist-packages/drone_control_interfaces/drone_control_interfaces_s__rosidl_typesupport_introspection_c.cpython-310-x86_64-linux-gnu.so
[0.297s] Listing '/home/a/drone_with_mavsdk/install/drone_control_interfaces/local/lib/python3.10/dist-packages/drone_control_interfaces'...
[0.298s] Listing '/home/a/drone_with_mavsdk/install/drone_control_interfaces/local/lib/python3.10/dist-packages/drone_control_interfaces/srv'...
[0.301s] -- Up-to-date: /home/a/drone_with_mavsdk/install/drone_control_interfaces/local/lib/python3.10/dist-packages/drone_control_interfaces/drone_control_interfaces_s__rosidl_typesupport_fastrtps_c.cpython-310-x86_64-linux-gnu.so
[0.301s] -- Up-to-date: /home/a/drone_with_mavsdk/install/drone_control_interfaces/local/lib/python3.10/dist-packages/drone_control_interfaces/drone_control_interfaces_s__rosidl_typesupport_introspection_c.cpython-310-x86_64-linux-gnu.so
[0.301s] -- Up-to-date: /home/a/drone_with_mavsdk/install/drone_control_interfaces/local/lib/python3.10/dist-packages/drone_control_interfaces/drone_control_interfaces_s__rosidl_typesupport_c.cpython-310-x86_64-linux-gnu.so
[0.301s] -- Up-to-date: /home/a/drone_with_mavsdk/install/drone_control_interfaces/lib/libdrone_control_interfaces__rosidl_generator_py.so
[0.301s] -- Up-to-date: /home/a/drone_with_mavsdk/install/drone_control_interfaces/share/drone_control_interfaces/srv/Pos.idl
[0.302s] -- Up-to-date: /home/a/drone_with_mavsdk/install/drone_control_interfaces/share/drone_control_interfaces/srv/Nav.idl
[0.302s] -- Up-to-date: /home/a/drone_with_mavsdk/install/drone_control_interfaces/share/drone_control_interfaces/srv/LicenseInfo.idl
[0.302s] -- Up-to-date: /home/a/drone_with_mavsdk/install/drone_control_interfaces/share/drone_control_interfaces/interface/Pos.srv
[0.302s] -- Up-to-date: /home/a/drone_with_mavsdk/install/drone_control_interfaces/share/drone_control_interfaces/interface/Pos_Request.msg
[0.302s] -- Up-to-date: /home/a/drone_with_mavsdk/install/drone_control_interfaces/share/drone_control_interfaces/interface/Pos_Response.msg
[0.302s] -- Up-to-date: /home/a/drone_with_mavsdk/install/drone_control_interfaces/share/drone_control_interfaces/interface/Nav.srv
[0.302s] -- Up-to-date: /home/a/drone_with_mavsdk/install/drone_control_interfaces/share/drone_control_interfaces/interface/Nav_Request.msg
[0.302s] -- Up-to-date: /home/a/drone_with_mavsdk/install/drone_control_interfaces/share/drone_control_interfaces/interface/Nav_Response.msg
[0.302s] -- Up-to-date: /home/a/drone_with_mavsdk/install/drone_control_interfaces/share/drone_control_interfaces/interface/LicenseInfo.srv
[0.303s] -- Up-to-date: /home/a/drone_with_mavsdk/install/drone_control_interfaces/share/drone_control_interfaces/interface/LicenseInfo_Request.msg
[0.303s] -- Up-to-date: /home/a/drone_with_mavsdk/install/drone_control_interfaces/share/drone_control_interfaces/interface/LicenseInfo_Response.msg
[0.303s] -- Up-to-date: /home/a/drone_with_mavsdk/install/drone_control_interfaces/share/ament_index/resource_index/package_run_dependencies/drone_control_interfaces
[0.303s] -- Up-to-date: /home/a/drone_with_mavsdk/install/drone_control_interfaces/share/ament_index/resource_index/parent_prefix_path/drone_control_interfaces
[0.303s] -- Up-to-date: /home/a/drone_with_mavsdk/install/drone_control_interfaces/share/drone_control_interfaces/environment/ament_prefix_path.sh
[0.303s] -- Up-to-date: /home/a/drone_with_mavsdk/install/drone_control_interfaces/share/drone_control_interfaces/environment/ament_prefix_path.dsv
[0.303s] -- Up-to-date: /home/a/drone_with_mavsdk/install/drone_control_interfaces/share/drone_control_interfaces/environment/path.sh
[0.303s] -- Up-to-date: /home/a/drone_with_mavsdk/install/drone_control_interfaces/share/drone_control_interfaces/environment/path.dsv
[0.303s] -- Up-to-date: /home/a/drone_with_mavsdk/install/drone_control_interfaces/share/drone_control_interfaces/local_setup.bash
[0.303s] -- Up-to-date: /home/a/drone_with_mavsdk/install/drone_control_interfaces/share/drone_control_interfaces/local_setup.sh
[0.303s] -- Up-to-date: /home/a/drone_with_mavsdk/install/drone_control_interfaces/share/drone_control_interfaces/local_setup.zsh
[0.303s] -- Up-to-date: /home/a/drone_with_mavsdk/install/drone_control_interfaces/share/drone_control_interfaces/local_setup.dsv
[0.303s] -- Installing: /home/a/drone_with_mavsdk/install/drone_control_interfaces/share/drone_control_interfaces/package.dsv
[0.304s] -- Up-to-date: /home/a/drone_with_mavsdk/install/drone_control_interfaces/share/ament_index/resource_index/packages/drone_control_interfaces
[0.304s] -- Up-to-date: /home/a/drone_with_mavsdk/install/drone_control_interfaces/share/drone_control_interfaces/cmake/export_drone_control_interfaces__rosidl_generator_cExport.cmake
[0.304s] -- Up-to-date: /home/a/drone_with_mavsdk/install/drone_control_interfaces/share/drone_control_interfaces/cmake/export_drone_control_interfaces__rosidl_generator_cExport-noconfig.cmake
[0.304s] -- Up-to-date: /home/a/drone_with_mavsdk/install/drone_control_interfaces/share/drone_control_interfaces/cmake/export_drone_control_interfaces__rosidl_typesupport_fastrtps_cExport.cmake
[0.304s] -- Up-to-date: /home/a/drone_with_mavsdk/install/drone_control_interfaces/share/drone_control_interfaces/cmake/export_drone_control_interfaces__rosidl_typesupport_fastrtps_cExport-noconfig.cmake
[0.304s] -- Up-to-date: /home/a/drone_with_mavsdk/install/drone_control_interfaces/share/drone_control_interfaces/cmake/drone_control_interfaces__rosidl_typesupport_introspection_cExport.cmake
[0.304s] -- Up-to-date: /home/a/drone_with_mavsdk/install/drone_control_interfaces/share/drone_control_interfaces/cmake/drone_control_interfaces__rosidl_typesupport_introspection_cExport-noconfig.cmake
[0.304s] -- Up-to-date: /home/a/drone_with_mavsdk/install/drone_control_interfaces/share/drone_control_interfaces/cmake/drone_control_interfaces__rosidl_typesupport_cExport.cmake
[0.304s] -- Up-to-date: /home/a/drone_with_mavsdk/install/drone_control_interfaces/share/drone_control_interfaces/cmake/drone_control_interfaces__rosidl_typesupport_cExport-noconfig.cmake
[0.304s] -- Up-to-date: /home/a/drone_with_mavsdk/install/drone_control_interfaces/share/drone_control_interfaces/cmake/export_drone_control_interfaces__rosidl_generator_cppExport.cmake
[0.304s] -- Up-to-date: /home/a/drone_with_mavsdk/install/drone_control_interfaces/share/drone_control_interfaces/cmake/export_drone_control_interfaces__rosidl_typesupport_fastrtps_cppExport.cmake
[0.304s] -- Up-to-date: /home/a/drone_with_mavsdk/install/drone_control_interfaces/share/drone_control_interfaces/cmake/export_drone_control_interfaces__rosidl_typesupport_fastrtps_cppExport-noconfig.cmake
[0.304s] -- Up-to-date: /home/a/drone_with_mavsdk/install/drone_control_interfaces/share/drone_control_interfaces/cmake/drone_control_interfaces__rosidl_typesupport_introspection_cppExport.cmake
[0.304s] -- Up-to-date: /home/a/drone_with_mavsdk/install/drone_control_interfaces/share/drone_control_interfaces/cmake/drone_control_interfaces__rosidl_typesupport_introspection_cppExport-noconfig.cmake
[0.304s] -- Up-to-date: /home/a/drone_with_mavsdk/install/drone_control_interfaces/share/drone_control_interfaces/cmake/drone_control_interfaces__rosidl_typesupport_cppExport.cmake
[0.304s] -- Up-to-date: /home/a/drone_with_mavsdk/install/drone_control_interfaces/share/drone_control_interfaces/cmake/drone_control_interfaces__rosidl_typesupport_cppExport-noconfig.cmake
[0.304s] -- Up-to-date: /home/a/drone_with_mavsdk/install/drone_control_interfaces/share/drone_control_interfaces/cmake/export_drone_control_interfaces__rosidl_generator_pyExport.cmake
[0.304s] -- Up-to-date: /home/a/drone_with_mavsdk/install/drone_control_interfaces/share/drone_control_interfaces/cmake/export_drone_control_interfaces__rosidl_generator_pyExport-noconfig.cmake
[0.305s] -- Up-to-date: /home/a/drone_with_mavsdk/install/drone_control_interfaces/share/drone_control_interfaces/cmake/rosidl_cmake-extras.cmake
[0.305s] -- Up-to-date: /home/a/drone_with_mavsdk/install/drone_control_interfaces/share/drone_control_interfaces/cmake/ament_cmake_export_include_directories-extras.cmake
[0.305s] -- Up-to-date: /home/a/drone_with_mavsdk/install/drone_control_interfaces/share/drone_control_interfaces/cmake/ament_cmake_export_libraries-extras.cmake
[0.305s] -- Up-to-date: /home/a/drone_with_mavsdk/install/drone_control_interfaces/share/drone_control_interfaces/cmake/ament_cmake_export_targets-extras.cmake
[0.305s] -- Up-to-date: /home/a/drone_with_mavsdk/install/drone_control_interfaces/share/drone_control_interfaces/cmake/rosidl_cmake_export_typesupport_targets-extras.cmake
[0.305s] -- Up-to-date: /home/a/drone_with_mavsdk/install/drone_control_interfaces/share/drone_control_interfaces/cmake/ament_cmake_export_dependencies-extras.cmake
[0.305s] -- Up-to-date: /home/a/drone_with_mavsdk/install/drone_control_interfaces/share/drone_control_interfaces/cmake/rosidl_cmake_export_typesupport_libraries-extras.cmake
[0.305s] -- Up-to-date: /home/a/drone_with_mavsdk/install/drone_control_interfaces/share/drone_control_interfaces/cmake/drone_control_interfacesConfig.cmake
[0.305s] -- Up-to-date: /home/a/drone_with_mavsdk/install/drone_control_interfaces/share/drone_control_interfaces/cmake/drone_control_interfacesConfig-version.cmake
[0.305s] -- Up-to-date: /home/a/drone_with_mavsdk/install/drone_control_interfaces/share/drone_control_interfaces/package.xml
[0.321s] Invoked command in '/home/a/drone_with_mavsdk/build/drone_control_interfaces' returned '0': CMAKE_PREFIX_PATH=${CMAKE_PREFIX_PATH}:/home/a/land_ws/install/pid_test:/home/a/land_ws/install/opencv_tests:/home/a/land_ws/install/drone_control:/opt/ros/humble /usr/bin/cmake --install /home/a/drone_with_mavsdk/build/drone_control_interfaces
