[0.855s] colcon DEBUG Command line arguments: ['/usr/bin/colcon', 'list', '-p', '--base-paths', '/home/colu/test_ws/src', '--log-base', '/dev/null']
[0.855s] colcon DEBUG Parsed command line arguments: Namespace(log_base=None, log_level=None, verb_name='list', build_base='build', ignore_user_meta=False, metas=['./colcon.meta'], base_paths=['/home/colu/test_ws/src', '--log-base', '/dev/null'], packages_ignore=None, packages_ignore_regex=None, paths=None, packages_up_to=None, packages_up_to_regex=None, packages_above=None, packages_above_and_dependencies=None, packages_above_depth=None, packages_select_by_dep=None, packages_skip_by_dep=None, packages_skip_up_to=None, packages_select_build_failed=False, packages_skip_build_finished=False, packages_select_test_failures=False, packages_skip_test_passed=False, packages_select=None, packages_skip=None, packages_select_regex=None, packages_skip_regex=None, packages_start=None, packages_end=None, allow_overriding=[], topological_order=False, names_only=False, paths_only=True, topological_graph=False, topological_graph_dot=False, topological_graph_density=False, topological_graph_legend=False, topological_graph_dot_cluster=False, topological_graph_dot_include_skipped=False, verb_parser=<colcon_defaults.argument_parser.defaults.DefaultArgumentsDecorator object at 0x77f211848910>, verb_extension=<colcon_package_information.verb.list.ListVerb object at 0x77f2119f7e80>, main=<bound method ListVerb.main of <colcon_package_information.verb.list.ListVerb object at 0x77f2119f7e80>>)
[1.817s] colcon.colcon_core.package_discovery Level 1 discover_packages(colcon_meta) check parameters
[1.818s] colcon.colcon_core.package_discovery Level 1 discover_packages(recursive) check parameters
[1.822s] colcon.colcon_core.package_discovery Level 1 discover_packages(ignore) check parameters
[1.822s] colcon.colcon_core.package_discovery Level 1 discover_packages(path) check parameters
[1.822s] colcon.colcon_core.package_discovery Level 1 discover_packages(recursive) discover
[1.823s] colcon.colcon_core.package_discovery INFO Crawling recursively for packages in '/home/colu/test_ws/src', '/home/colu/test_ws/src/--log-base', '/dev/null'
[1.823s] colcon.colcon_core.package_identification Level 1 _identify(/home/colu/test_ws/src) by extensions ['ignore', 'ignore_ament_install']
[1.823s] colcon.colcon_core.package_identification Level 1 _identify(/home/colu/test_ws/src) by extension 'ignore'
[1.823s] colcon.colcon_core.package_identification Level 1 _identify(/home/colu/test_ws/src) by extension 'ignore_ament_install'
[1.823s] colcon.colcon_core.package_identification Level 1 _identify(/home/colu/test_ws/src) by extensions ['colcon_pkg']
[1.824s] colcon.colcon_core.package_identification Level 1 _identify(/home/colu/test_ws/src) by extension 'colcon_pkg'
[1.824s] colcon.colcon_core.package_identification Level 1 _identify(/home/colu/test_ws/src) by extensions ['colcon_meta']
[1.824s] colcon.colcon_core.package_identification Level 1 _identify(/home/colu/test_ws/src) by extension 'colcon_meta'
[1.824s] colcon.colcon_core.package_identification Level 1 _identify(/home/colu/test_ws/src) by extensions ['ros']
[1.824s] colcon.colcon_core.package_identification Level 1 _identify(/home/colu/test_ws/src) by extension 'ros'
[1.973s] colcon.colcon_core.package_identification Level 1 _identify(/home/colu/test_ws/src) by extensions ['cmake', 'python']
[1.974s] colcon.colcon_core.package_identification Level 1 _identify(/home/colu/test_ws/src) by extension 'cmake'
[1.974s] colcon.colcon_core.package_identification Level 1 _identify(/home/colu/test_ws/src) by extension 'python'
[1.978s] colcon.colcon_core.package_identification Level 1 _identify(/home/colu/test_ws/src) by extensions ['python_setup_py']
[1.978s] colcon.colcon_core.package_identification Level 1 _identify(/home/colu/test_ws/src) by extension 'python_setup_py'
[1.978s] colcon.colcon_core.package_identification Level 1 _identify(/home/colu/test_ws/src/drone_control) by extensions ['ignore', 'ignore_ament_install']
[1.979s] colcon.colcon_core.package_identification Level 1 _identify(/home/colu/test_ws/src/drone_control) by extension 'ignore'
[1.979s] colcon.colcon_core.package_identification Level 1 _identify(/home/colu/test_ws/src/drone_control) by extension 'ignore_ament_install'
[1.981s] colcon.colcon_core.package_identification Level 1 _identify(/home/colu/test_ws/src/drone_control) by extensions ['colcon_pkg']
[1.982s] colcon.colcon_core.package_identification Level 1 _identify(/home/colu/test_ws/src/drone_control) by extension 'colcon_pkg'
[1.982s] colcon.colcon_core.package_identification Level 1 _identify(/home/colu/test_ws/src/drone_control) by extensions ['colcon_meta']
[1.982s] colcon.colcon_core.package_identification Level 1 _identify(/home/colu/test_ws/src/drone_control) by extension 'colcon_meta'
[1.982s] colcon.colcon_core.package_identification Level 1 _identify(/home/colu/test_ws/src/drone_control) by extensions ['ros']
[1.982s] colcon.colcon_core.package_identification Level 1 _identify(/home/colu/test_ws/src/drone_control) by extension 'ros'
[2.008s] colcon.colcon_core.package_identification DEBUG Package '/home/colu/test_ws/src/drone_control' with type 'ros.ament_cmake' and name 'drone_control'
[2.012s] colcon.colcon_core.package_identification Level 1 _identify(/home/colu/test_ws/src/log) by extensions ['ignore', 'ignore_ament_install']
[2.012s] colcon.colcon_core.package_identification Level 1 _identify(/home/colu/test_ws/src/log) by extension 'ignore'
[2.012s] colcon.colcon_core.package_identification Level 1 _identify(/home/colu/test_ws/src/log) ignored
[2.012s] colcon.colcon_core.package_identification Level 1 _identify(/home/colu/test_ws/src/plate_detection) by extensions ['ignore', 'ignore_ament_install']
[2.013s] colcon.colcon_core.package_identification Level 1 _identify(/home/colu/test_ws/src/plate_detection) by extension 'ignore'
[2.013s] colcon.colcon_core.package_identification Level 1 _identify(/home/colu/test_ws/src/plate_detection) by extension 'ignore_ament_install'
[2.029s] colcon.colcon_core.package_identification Level 1 _identify(/home/colu/test_ws/src/plate_detection) by extensions ['colcon_pkg']
[2.029s] colcon.colcon_core.package_identification Level 1 _identify(/home/colu/test_ws/src/plate_detection) by extension 'colcon_pkg'
[2.029s] colcon.colcon_core.package_identification Level 1 _identify(/home/colu/test_ws/src/plate_detection) by extensions ['colcon_meta']
[2.030s] colcon.colcon_core.package_identification Level 1 _identify(/home/colu/test_ws/src/plate_detection) by extension 'colcon_meta'
[2.030s] colcon.colcon_core.package_identification Level 1 _identify(/home/colu/test_ws/src/plate_detection) by extensions ['ros']
[2.030s] colcon.colcon_core.package_identification Level 1 _identify(/home/colu/test_ws/src/plate_detection) by extension 'ros'
[2.049s] colcon.colcon_core.package_identification DEBUG Package '/home/colu/test_ws/src/plate_detection' with type 'ros.ament_cmake' and name 'plate_detection'
[2.053s] colcon.colcon_core.package_discovery Level 1 discover_packages(recursive) using defaults
