[0.205s] Invoking command in '/home/a/drone_with_mavsdk/build/vision_opencv': AMENT_PREFIX_PATH=/home/a/drone_with_mavsdk/install/image_geometry:/home/a/drone_with_mavsdk/install/cv_bridge:${AMENT_PREFIX_PATH} CMAKE_PREFIX_PATH=/home/a/drone_with_mavsdk/install/image_geometry:/home/a/drone_with_mavsdk/install/cv_bridge:/home/a/land_ws/install/vision_opencv:/home/a/land_ws/install/plate_detection:/home/a/land_ws/install/image_geometry:/home/a/land_ws/install/drone_control_interfaces:/home/a/land_ws/install/aruco_tracker:/home/a/land_ws/install/cv_bridge:/home/a/land_ws/install/pid_test:/home/a/land_ws/install/opencv_tests:/home/a/land_ws/install/drone_control:/opt/ros/humble LD_LIBRARY_PATH=/home/a/drone_with_mavsdk/install/image_geometry/lib:/home/a/drone_with_mavsdk/install/cv_bridge/lib:/home/a/land_ws/install/image_geometry/lib:/home/a/land_ws/install/drone_control_interfaces/lib:/home/a/land_ws/install/cv_bridge/lib:/opt/ros/humble/opt/rviz_ogre_vendor/lib:/opt/ros/humble/lib/x86_64-linux-gnu:/opt/ros/humble/lib:/usr/local/cuda-11.6/lib64:/usr/local/cuda-11.6/lib64:/usr/local/cuda-11.6/lib64:/usr/local/cuda-11.6/lib64:/usr/local/cuda-11.6/lib64 PYTHONPATH=/home/a/drone_with_mavsdk/install/image_geometry/local/lib/python3.10/dist-packages:/home/a/drone_with_mavsdk/install/cv_bridge/local/lib/python3.10/dist-packages:${PYTHONPATH} /usr/bin/cmake /home/a/drone_with_mavsdk/src/vision_opencv/vision_opencv -DCMAKE_INSTALL_PREFIX=/home/a/drone_with_mavsdk/install/vision_opencv
[0.237s] -- The C compiler identification is GNU 11.4.0
[0.270s] -- The CXX compiler identification is GNU 11.4.0
[0.275s] -- Detecting C compiler ABI info
[0.313s] -- Detecting C compiler ABI info - done
[0.316s] -- Check for working C compiler: /usr/bin/cc - skipped
[0.316s] -- Detecting C compile features
[0.317s] -- Detecting C compile features - done
[0.318s] -- Detecting CXX compiler ABI info
[0.358s] -- Detecting CXX compiler ABI info - done
[0.362s] -- Check for working CXX compiler: /usr/bin/c++ - skipped
[0.362s] -- Detecting CXX compile features
[0.362s] -- Detecting CXX compile features - done
[0.364s] -- Found ament_cmake: 1.3.12 (/opt/ros/humble/share/ament_cmake/cmake)
[0.554s] -- Found Python3: /usr/bin/python3 (found version "3.10.12") found components: Interpreter 
[0.644s] -- Configuring done
[0.645s] -- Generating done
[0.646s] -- Build files have been written to: /home/a/drone_with_mavsdk/build/vision_opencv
[0.648s] Invoked command in '/home/a/drone_with_mavsdk/build/vision_opencv' returned '0': AMENT_PREFIX_PATH=/home/a/drone_with_mavsdk/install/image_geometry:/home/a/drone_with_mavsdk/install/cv_bridge:${AMENT_PREFIX_PATH} CMAKE_PREFIX_PATH=/home/a/drone_with_mavsdk/install/image_geometry:/home/a/drone_with_mavsdk/install/cv_bridge:/home/a/land_ws/install/vision_opencv:/home/a/land_ws/install/plate_detection:/home/a/land_ws/install/image_geometry:/home/a/land_ws/install/drone_control_interfaces:/home/a/land_ws/install/aruco_tracker:/home/a/land_ws/install/cv_bridge:/home/a/land_ws/install/pid_test:/home/a/land_ws/install/opencv_tests:/home/a/land_ws/install/drone_control:/opt/ros/humble LD_LIBRARY_PATH=/home/a/drone_with_mavsdk/install/image_geometry/lib:/home/a/drone_with_mavsdk/install/cv_bridge/lib:/home/a/land_ws/install/image_geometry/lib:/home/a/land_ws/install/drone_control_interfaces/lib:/home/a/land_ws/install/cv_bridge/lib:/opt/ros/humble/opt/rviz_ogre_vendor/lib:/opt/ros/humble/lib/x86_64-linux-gnu:/opt/ros/humble/lib:/usr/local/cuda-11.6/lib64:/usr/local/cuda-11.6/lib64:/usr/local/cuda-11.6/lib64:/usr/local/cuda-11.6/lib64:/usr/local/cuda-11.6/lib64 PYTHONPATH=/home/a/drone_with_mavsdk/install/image_geometry/local/lib/python3.10/dist-packages:/home/a/drone_with_mavsdk/install/cv_bridge/local/lib/python3.10/dist-packages:${PYTHONPATH} /usr/bin/cmake /home/a/drone_with_mavsdk/src/vision_opencv/vision_opencv -DCMAKE_INSTALL_PREFIX=/home/a/drone_with_mavsdk/install/vision_opencv
[0.648s] Invoking command in '/home/a/drone_with_mavsdk/build/vision_opencv': AMENT_PREFIX_PATH=/home/a/drone_with_mavsdk/install/image_geometry:/home/a/drone_with_mavsdk/install/cv_bridge:${AMENT_PREFIX_PATH} CMAKE_PREFIX_PATH=/home/a/drone_with_mavsdk/install/image_geometry:/home/a/drone_with_mavsdk/install/cv_bridge:/home/a/land_ws/install/vision_opencv:/home/a/land_ws/install/plate_detection:/home/a/land_ws/install/image_geometry:/home/a/land_ws/install/drone_control_interfaces:/home/a/land_ws/install/aruco_tracker:/home/a/land_ws/install/cv_bridge:/home/a/land_ws/install/pid_test:/home/a/land_ws/install/opencv_tests:/home/a/land_ws/install/drone_control:/opt/ros/humble LD_LIBRARY_PATH=/home/a/drone_with_mavsdk/install/image_geometry/lib:/home/a/drone_with_mavsdk/install/cv_bridge/lib:/home/a/land_ws/install/image_geometry/lib:/home/a/land_ws/install/drone_control_interfaces/lib:/home/a/land_ws/install/cv_bridge/lib:/opt/ros/humble/opt/rviz_ogre_vendor/lib:/opt/ros/humble/lib/x86_64-linux-gnu:/opt/ros/humble/lib:/usr/local/cuda-11.6/lib64:/usr/local/cuda-11.6/lib64:/usr/local/cuda-11.6/lib64:/usr/local/cuda-11.6/lib64:/usr/local/cuda-11.6/lib64 PYTHONPATH=/home/a/drone_with_mavsdk/install/image_geometry/local/lib/python3.10/dist-packages:/home/a/drone_with_mavsdk/install/cv_bridge/local/lib/python3.10/dist-packages:${PYTHONPATH} /usr/bin/cmake --build /home/a/drone_with_mavsdk/build/vision_opencv -- -j32 -l32
[0.672s] Invoked command in '/home/a/drone_with_mavsdk/build/vision_opencv' returned '0': AMENT_PREFIX_PATH=/home/a/drone_with_mavsdk/install/image_geometry:/home/a/drone_with_mavsdk/install/cv_bridge:${AMENT_PREFIX_PATH} CMAKE_PREFIX_PATH=/home/a/drone_with_mavsdk/install/image_geometry:/home/a/drone_with_mavsdk/install/cv_bridge:/home/a/land_ws/install/vision_opencv:/home/a/land_ws/install/plate_detection:/home/a/land_ws/install/image_geometry:/home/a/land_ws/install/drone_control_interfaces:/home/a/land_ws/install/aruco_tracker:/home/a/land_ws/install/cv_bridge:/home/a/land_ws/install/pid_test:/home/a/land_ws/install/opencv_tests:/home/a/land_ws/install/drone_control:/opt/ros/humble LD_LIBRARY_PATH=/home/a/drone_with_mavsdk/install/image_geometry/lib:/home/a/drone_with_mavsdk/install/cv_bridge/lib:/home/a/land_ws/install/image_geometry/lib:/home/a/land_ws/install/drone_control_interfaces/lib:/home/a/land_ws/install/cv_bridge/lib:/opt/ros/humble/opt/rviz_ogre_vendor/lib:/opt/ros/humble/lib/x86_64-linux-gnu:/opt/ros/humble/lib:/usr/local/cuda-11.6/lib64:/usr/local/cuda-11.6/lib64:/usr/local/cuda-11.6/lib64:/usr/local/cuda-11.6/lib64:/usr/local/cuda-11.6/lib64 PYTHONPATH=/home/a/drone_with_mavsdk/install/image_geometry/local/lib/python3.10/dist-packages:/home/a/drone_with_mavsdk/install/cv_bridge/local/lib/python3.10/dist-packages:${PYTHONPATH} /usr/bin/cmake --build /home/a/drone_with_mavsdk/build/vision_opencv -- -j32 -l32
[0.672s] Invoking command in '/home/a/drone_with_mavsdk/build/vision_opencv': AMENT_PREFIX_PATH=/home/a/drone_with_mavsdk/install/image_geometry:/home/a/drone_with_mavsdk/install/cv_bridge:${AMENT_PREFIX_PATH} CMAKE_PREFIX_PATH=/home/a/drone_with_mavsdk/install/image_geometry:/home/a/drone_with_mavsdk/install/cv_bridge:/home/a/land_ws/install/vision_opencv:/home/a/land_ws/install/plate_detection:/home/a/land_ws/install/image_geometry:/home/a/land_ws/install/drone_control_interfaces:/home/a/land_ws/install/aruco_tracker:/home/a/land_ws/install/cv_bridge:/home/a/land_ws/install/pid_test:/home/a/land_ws/install/opencv_tests:/home/a/land_ws/install/drone_control:/opt/ros/humble LD_LIBRARY_PATH=/home/a/drone_with_mavsdk/install/image_geometry/lib:/home/a/drone_with_mavsdk/install/cv_bridge/lib:/home/a/land_ws/install/image_geometry/lib:/home/a/land_ws/install/drone_control_interfaces/lib:/home/a/land_ws/install/cv_bridge/lib:/opt/ros/humble/opt/rviz_ogre_vendor/lib:/opt/ros/humble/lib/x86_64-linux-gnu:/opt/ros/humble/lib:/usr/local/cuda-11.6/lib64:/usr/local/cuda-11.6/lib64:/usr/local/cuda-11.6/lib64:/usr/local/cuda-11.6/lib64:/usr/local/cuda-11.6/lib64 PYTHONPATH=/home/a/drone_with_mavsdk/install/image_geometry/local/lib/python3.10/dist-packages:/home/a/drone_with_mavsdk/install/cv_bridge/local/lib/python3.10/dist-packages:${PYTHONPATH} /usr/bin/cmake --install /home/a/drone_with_mavsdk/build/vision_opencv
[0.676s] -- Install configuration: ""
[0.676s] -- Installing: /home/a/drone_with_mavsdk/install/vision_opencv/share/ament_index/resource_index/package_run_dependencies/vision_opencv
[0.677s] -- Installing: /home/a/drone_with_mavsdk/install/vision_opencv/share/ament_index/resource_index/parent_prefix_path/vision_opencv
[0.677s] -- Installing: /home/a/drone_with_mavsdk/install/vision_opencv/share/vision_opencv/environment/ament_prefix_path.sh
[0.677s] -- Installing: /home/a/drone_with_mavsdk/install/vision_opencv/share/vision_opencv/environment/ament_prefix_path.dsv
[0.677s] -- Installing: /home/a/drone_with_mavsdk/install/vision_opencv/share/vision_opencv/environment/path.sh
[0.677s] -- Installing: /home/a/drone_with_mavsdk/install/vision_opencv/share/vision_opencv/environment/path.dsv
[0.677s] -- Installing: /home/a/drone_with_mavsdk/install/vision_opencv/share/vision_opencv/local_setup.bash
[0.677s] -- Installing: /home/a/drone_with_mavsdk/install/vision_opencv/share/vision_opencv/local_setup.sh
[0.677s] -- Installing: /home/a/drone_with_mavsdk/install/vision_opencv/share/vision_opencv/local_setup.zsh
[0.677s] -- Installing: /home/a/drone_with_mavsdk/install/vision_opencv/share/vision_opencv/local_setup.dsv
[0.677s] -- Installing: /home/a/drone_with_mavsdk/install/vision_opencv/share/vision_opencv/package.dsv
[0.677s] -- Installing: /home/a/drone_with_mavsdk/install/vision_opencv/share/ament_index/resource_index/packages/vision_opencv
[0.677s] -- Installing: /home/a/drone_with_mavsdk/install/vision_opencv/share/vision_opencv/cmake/vision_opencvConfig.cmake
[0.677s] -- Installing: /home/a/drone_with_mavsdk/install/vision_opencv/share/vision_opencv/cmake/vision_opencvConfig-version.cmake
[0.677s] -- Installing: /home/a/drone_with_mavsdk/install/vision_opencv/share/vision_opencv/package.xml
[0.678s] Invoked command in '/home/a/drone_with_mavsdk/build/vision_opencv' returned '0': AMENT_PREFIX_PATH=/home/a/drone_with_mavsdk/install/image_geometry:/home/a/drone_with_mavsdk/install/cv_bridge:${AMENT_PREFIX_PATH} CMAKE_PREFIX_PATH=/home/a/drone_with_mavsdk/install/image_geometry:/home/a/drone_with_mavsdk/install/cv_bridge:/home/a/land_ws/install/vision_opencv:/home/a/land_ws/install/plate_detection:/home/a/land_ws/install/image_geometry:/home/a/land_ws/install/drone_control_interfaces:/home/a/land_ws/install/aruco_tracker:/home/a/land_ws/install/cv_bridge:/home/a/land_ws/install/pid_test:/home/a/land_ws/install/opencv_tests:/home/a/land_ws/install/drone_control:/opt/ros/humble LD_LIBRARY_PATH=/home/a/drone_with_mavsdk/install/image_geometry/lib:/home/a/drone_with_mavsdk/install/cv_bridge/lib:/home/a/land_ws/install/image_geometry/lib:/home/a/land_ws/install/drone_control_interfaces/lib:/home/a/land_ws/install/cv_bridge/lib:/opt/ros/humble/opt/rviz_ogre_vendor/lib:/opt/ros/humble/lib/x86_64-linux-gnu:/opt/ros/humble/lib:/usr/local/cuda-11.6/lib64:/usr/local/cuda-11.6/lib64:/usr/local/cuda-11.6/lib64:/usr/local/cuda-11.6/lib64:/usr/local/cuda-11.6/lib64 PYTHONPATH=/home/a/drone_with_mavsdk/install/image_geometry/local/lib/python3.10/dist-packages:/home/a/drone_with_mavsdk/install/cv_bridge/local/lib/python3.10/dist-packages:${PYTHONPATH} /usr/bin/cmake --install /home/a/drone_with_mavsdk/build/vision_opencv
