[0.456s] Invoking command in '/home/a/drone_with_mavsdk/src/drone_control': AMENT_PREFIX_PATH=/home/a/drone_with_mavsdk/install/drone_control_interfaces:/home/a/drone_with_mavsdk/install/cv_bridge:${AMENT_PREFIX_PATH} CMAKE_PREFIX_PATH=/home/a/drone_with_mavsdk/install/drone_control_interfaces:/home/a/drone_with_mavsdk/install/cv_bridge:${CMAKE_PREFIX_PATH} LD_LIBRARY_PATH=/home/a/drone_with_mavsdk/install/drone_control_interfaces/lib:/home/a/drone_with_mavsdk/install/cv_bridge/lib:/home/a/land_ws/install/image_geometry/lib:/home/a/land_ws/install/drone_control_interfaces/lib:/home/a/land_ws/install/cv_bridge/lib:/opt/ros/humble/opt/rviz_ogre_vendor/lib:/opt/ros/humble/lib/x86_64-linux-gnu:/opt/ros/humble/lib:/usr/local/cuda-11.6/lib64:/usr/local/cuda-11.6/lib64:/usr/local/cuda-11.6/lib64:/usr/local/cuda-11.6/lib64:/usr/local/cuda-11.6/lib64 PYTHONPATH=/home/a/drone_with_mavsdk/build/drone_control/prefix_override:/usr/lib/python3/dist-packages/colcon_core/task/python/colcon_distutils_commands:/home/a/drone_with_mavsdk/install/drone_control/lib/python3.10/site-packages:/home/a/drone_with_mavsdk/install/drone_control_interfaces/local/lib/python3.10/dist-packages:/home/a/drone_with_mavsdk/install/cv_bridge/local/lib/python3.10/dist-packages:${PYTHONPATH} /usr/bin/python3 -W ignore:setup.py install is deprecated -W ignore:easy_install command is deprecated setup.py egg_info --egg-base ../../build/drone_control build --build-base /home/a/drone_with_mavsdk/build/drone_control/build install --record /home/a/drone_with_mavsdk/build/drone_control/install.log --single-version-externally-managed install_data
[0.587s] running egg_info
[0.594s] writing ../../build/drone_control/drone_control.egg-info/PKG-INFO
[0.594s] writing dependency_links to ../../build/drone_control/drone_control.egg-info/dependency_links.txt
[0.594s] writing entry points to ../../build/drone_control/drone_control.egg-info/entry_points.txt
[0.594s] writing requirements to ../../build/drone_control/drone_control.egg-info/requires.txt
[0.594s] writing top-level names to ../../build/drone_control/drone_control.egg-info/top_level.txt
[0.609s] reading manifest file '../../build/drone_control/drone_control.egg-info/SOURCES.txt'
[0.609s] writing manifest file '../../build/drone_control/drone_control.egg-info/SOURCES.txt'
[0.610s] running build
[0.610s] running build_py
[0.610s] copying drone_control/__init__.py -> /home/a/drone_with_mavsdk/build/drone_control/build/lib/drone_control
[0.610s] copying drone_control/drone_control_node.py -> /home/a/drone_with_mavsdk/build/drone_control/build/lib/drone_control
[0.610s] copying drone_control/core/__init__.py -> /home/a/drone_with_mavsdk/build/drone_control/build/lib/drone_control/core
[0.610s] copying drone_control/core/drone_state.py -> /home/a/drone_with_mavsdk/build/drone_control/build/lib/drone_control/core
[0.610s] copying drone_control/core/status_monitor.py -> /home/a/drone_with_mavsdk/build/drone_control/build/lib/drone_control/core
[0.610s] copying drone_control/pid_test/__init__.py -> /home/a/drone_with_mavsdk/build/drone_control/build/lib/drone_control/pid_test
[0.610s] copying drone_control/pid_test/pid_tuner.py -> /home/a/drone_with_mavsdk/build/drone_control/build/lib/drone_control/pid_test
[0.610s] copying drone_control/services/__init__.py -> /home/a/drone_with_mavsdk/build/drone_control/build/lib/drone_control/services
[0.610s] copying drone_control/services/precision_land_body.py -> /home/a/drone_with_mavsdk/build/drone_control/build/lib/drone_control/services
[0.610s] copying drone_control/services/confirm_position.py -> /home/a/drone_with_mavsdk/build/drone_control/build/lib/drone_control/services
[0.610s] copying drone_control/services/offboard_navigation.py -> /home/a/drone_with_mavsdk/build/drone_control/build/lib/drone_control/services
[0.610s] copying drone_control/services/mavsdk_control.py -> /home/a/drone_with_mavsdk/build/drone_control/build/lib/drone_control/services
[0.610s] copying drone_control/services/hybrid_navigation.py -> /home/a/drone_with_mavsdk/build/drone_control/build/lib/drone_control/services
[0.610s] copying drone_control/SQLite/license_plate_database.py -> /home/a/drone_with_mavsdk/build/drone_control/build/lib/drone_control/SQLite
[0.610s] copying drone_control/SQLite/__init__.py -> /home/a/drone_with_mavsdk/build/drone_control/build/lib/drone_control/SQLite
[0.611s] copying drone_control/SQLite/license_plate_process.py -> /home/a/drone_with_mavsdk/build/drone_control/build/lib/drone_control/SQLite
[0.611s] copying drone_control/SQLite/add_plates.py -> /home/a/drone_with_mavsdk/build/drone_control/build/lib/drone_control/SQLite
[0.611s] copying drone_control/utils/__init__.py -> /home/a/drone_with_mavsdk/build/drone_control/build/lib/drone_control/utils
[0.611s] copying drone_control/utils/Arucotag.py -> /home/a/drone_with_mavsdk/build/drone_control/build/lib/drone_control/utils
[0.611s] copying drone_control/utils/utils.py -> /home/a/drone_with_mavsdk/build/drone_control/build/lib/drone_control/utils
[0.611s] copying drone_control/utils/SimpleMissionItem.py -> /home/a/drone_with_mavsdk/build/drone_control/build/lib/drone_control/utils
[0.611s] running install
[0.613s] running install_lib
[0.620s] byte-compiling /home/a/drone_with_mavsdk/install/drone_control/lib/python3.10/site-packages/drone_control/services/precision_land_body.py to precision_land_body.cpython-310.pyc
[0.622s]   File "/home/a/drone_with_mavsdk/install/drone_control/lib/python3.10/site-packages/drone_control/services/precision_land_body.py", line 289
[0.622s]     def calculate_velocity_command(self,tag,is_yaw:bool = True,target_offset) -> Tuple[float, float, float,float]:
[0.622s]                                                                ^^^^^^^^^^^^^
[0.622s] SyntaxError: non-default argument follows default argument
[0.622s] 
[0.622s] running install_data
[0.622s] copying resource/drone_control -> /home/a/drone_with_mavsdk/install/drone_control/share/ament_index/resource_index/packages
[0.622s] copying package.xml -> /home/a/drone_with_mavsdk/install/drone_control/share/drone_control
[0.622s] copying launch/drone_control.launch.py -> /home/a/drone_with_mavsdk/install/drone_control/share/drone_control/launch
[0.622s] copying config/d435_bridge.yaml -> /home/a/drone_with_mavsdk/install/drone_control/share/drone_control/config
[0.622s] copying config/precision_land_config.yaml -> /home/a/drone_with_mavsdk/install/drone_control/share/drone_control/config
[0.622s] running install_egg_info
[0.629s] removing '/home/a/drone_with_mavsdk/install/drone_control/lib/python3.10/site-packages/drone_control-0.0.0-py3.10.egg-info' (and everything under it)
[0.630s] Copying ../../build/drone_control/drone_control.egg-info to /home/a/drone_with_mavsdk/install/drone_control/lib/python3.10/site-packages/drone_control-0.0.0-py3.10.egg-info
[0.630s] running install_scripts
[0.687s] Installing drone_control_node script to /home/a/drone_with_mavsdk/install/drone_control/lib/drone_control
[0.687s] writing list of installed files to '/home/a/drone_with_mavsdk/build/drone_control/install.log'
[0.698s] Invoked command in '/home/a/drone_with_mavsdk/src/drone_control' returned '0': AMENT_PREFIX_PATH=/home/a/drone_with_mavsdk/install/drone_control_interfaces:/home/a/drone_with_mavsdk/install/cv_bridge:${AMENT_PREFIX_PATH} CMAKE_PREFIX_PATH=/home/a/drone_with_mavsdk/install/drone_control_interfaces:/home/a/drone_with_mavsdk/install/cv_bridge:${CMAKE_PREFIX_PATH} LD_LIBRARY_PATH=/home/a/drone_with_mavsdk/install/drone_control_interfaces/lib:/home/a/drone_with_mavsdk/install/cv_bridge/lib:/home/a/land_ws/install/image_geometry/lib:/home/a/land_ws/install/drone_control_interfaces/lib:/home/a/land_ws/install/cv_bridge/lib:/opt/ros/humble/opt/rviz_ogre_vendor/lib:/opt/ros/humble/lib/x86_64-linux-gnu:/opt/ros/humble/lib:/usr/local/cuda-11.6/lib64:/usr/local/cuda-11.6/lib64:/usr/local/cuda-11.6/lib64:/usr/local/cuda-11.6/lib64:/usr/local/cuda-11.6/lib64 PYTHONPATH=/home/a/drone_with_mavsdk/build/drone_control/prefix_override:/usr/lib/python3/dist-packages/colcon_core/task/python/colcon_distutils_commands:/home/a/drone_with_mavsdk/install/drone_control/lib/python3.10/site-packages:/home/a/drone_with_mavsdk/install/drone_control_interfaces/local/lib/python3.10/dist-packages:/home/a/drone_with_mavsdk/install/cv_bridge/local/lib/python3.10/dist-packages:${PYTHONPATH} /usr/bin/python3 -W ignore:setup.py install is deprecated -W ignore:easy_install command is deprecated setup.py egg_info --egg-base ../../build/drone_control build --build-base /home/a/drone_with_mavsdk/build/drone_control/build install --record /home/a/drone_with_mavsdk/build/drone_control/install.log --single-version-externally-managed install_data
